{"id":"115d08a5247b13855793fbb466572a37","name":"testAddNewProduct()","start":1764696118431,"stop":1764696142668,"duration":24237,"status":"failed","fullName":"ex2.bookstore.test.BookstoreTest.testAddNewProduct","historyId":"074f42ac1395703518e71b3fa3b574ad.d41d8cd98f00b204e9800998ecf8427e","flaky":false,"muted":false,"known":false,"hidden":true,"labels":[{"name":"junit.platform.uniqueid","value":"[engine:junit-jupiter]/[class:ex2.bookstore.test.BookstoreTest]/[method:testAddNewProduct()]"},{"name":"host","value":"ANILSON-MARIO"},{"name":"thread","value":"25504@ANILSON-MARIO.main(1)"},{"name":"framework","value":"junit-platform"},{"name":"language","value":"java"},{"name":"package","value":"ex2.bookstore.test.BookstoreTest"},{"name":"testClass","value":"ex2.bookstore.test.BookstoreTest"},{"name":"testMethod","value":"testAddNewProduct"},{"name":"suite","value":"ex2.bookstore.test.BookstoreTest"}],"groupedLabels":{"junit.platform.uniqueid":["[engine:junit-jupiter]/[class:ex2.bookstore.test.BookstoreTest]/[method:testAddNewProduct()]"],"host":["ANILSON-MARIO"],"thread":["25504@ANILSON-MARIO.main(1)"],"framework":["junit-platform"],"language":["java"],"package":["ex2.bookstore.test.BookstoreTest"],"testClass":["ex2.bookstore.test.BookstoreTest"],"testMethod":["testAddNewProduct"],"suite":["ex2.bookstore.test.BookstoreTest"]},"parameters":[],"links":[],"steps":[],"error":{"message":"Element not found {vaadin-text-field[label='Product name']}\r\nExpected: visible\r\nScreenshot: file:/C:/Users/anils/OneDrive/Documentos/Trabalhos/3º%20ano/1º%20semestre/Engenharia%20de%20Software/demo1/build/reports/tests/1764696141738.0.png\r\nPage source: file:/C:/Users/anils/OneDrive/Documentos/Trabalhos/3º%20ano/1º%20semestre/Engenharia%20de%20Software/demo1/build/reports/tests/1764696141738.0.html\r\nTimeout: 10 s.\r\nCaused by: NoSuchElementException: no such element: Unable to locate element: {\"method\":\"css selector\",\"selector\":\"vaadin-text-field[label='Product name']\"}","trace":"Element not found {vaadin-text-field[label='Product name']}\r\nExpected: visible\r\nScreenshot: file:/C:/Users/anils/OneDrive/Documentos/Trabalhos/3º%20ano/1º%20semestre/Engenharia%20de%20Software/demo1/build/reports/tests/1764696141738.0.png\r\nPage source: file:/C:/Users/anils/OneDrive/Documentos/Trabalhos/3º%20ano/1º%20semestre/Engenharia%20de%20Software/demo1/build/reports/tests/1764696141738.0.html\r\nTimeout: 10 s.\r\nCaused by: NoSuchElementException: no such element: Unable to locate element: {\"method\":\"css selector\",\"selector\":\"vaadin-text-field[label='Product name']\"}\r\n\tat com.codeborne.selenide.impl.WebElementSource.createElementNotFoundError(WebElementSource.java:68)\r\n\tat com.codeborne.selenide.impl.ElementFinder.createElementNotFoundError(ElementFinder.java:117)\r\n\tat com.codeborne.selenide.impl.WebElementSource.handleError(WebElementSource.java:119)\r\n\tat com.codeborne.selenide.impl.WebElementSource.checkConditionAndReturnElement(WebElementSource.java:102)\r\n\tat com.codeborne.selenide.impl.WebElementSource.checkCondition(WebElementSource.java:78)\r\n\tat com.codeborne.selenide.commands.Should.execute(Should.java:24)\r\n\tat com.codeborne.selenide.FluentCommand.execute(FluentCommand.java:23)\r\n\tat com.codeborne.selenide.FluentCommand.execute(FluentCommand.java:19)\r\n\tat com.codeborne.selenide.commands.Commands.execute(Commands.java:159)\r\n\tat com.codeborne.selenide.impl.SelenideElementProxy.dispatchAndRetry(SelenideElementProxy.java:131)\r\n\tat com.codeborne.selenide.impl.SelenideElementProxy.invoke(SelenideElementProxy.java:83)\r\n\tat jdk.proxy1/jdk.proxy1.$Proxy13.shouldBe(Unknown Source)\r\n\tat ex2.bookstore.page.BookstorePage.fillProductDetails(BookstorePage.java:51)\r\n\tat ex2.bookstore.test.BookstoreTest.testAddNewProduct(BookstoreTest.java:42)\r\n\tat java.base/java.lang.reflect.Method.invoke(Method.java:580)\r\n\tat java.base/java.util.ArrayList.forEach(ArrayList.java:1596)\r\n\tat java.base/java.util.ArrayList.forEach(ArrayList.java:1596)\r\nCaused by: org.openqa.selenium.NoSuchElementException: no such element: Unable to locate element: {\"method\":\"css selector\",\"selector\":\"vaadin-text-field[label='Product name']\"}\n  (Session info: chrome=142.0.7444.176)\nFor documentation on this error, please visit: https://www.selenium.dev/documentation/webdriver/troubleshooting/errors#no-such-element-exception\nBuild info: version: '4.25.0', revision: '8a8aea2337'\nSystem info: os.name: 'Windows 11', os.arch: 'amd64', os.version: '10.0', java.version: '21.0.2'\nDriver info: org.openqa.selenium.chrome.ChromeDriver\nCommand: [1dccef2458230dade9631bbd50c7fac9, findElement {value=vaadin-text-field[label='Product name'], using=css selector}]\nCapabilities {acceptInsecureCerts: true, browserName: chrome, browserVersion: 142.0.7444.176, chrome: {chromedriverVersion: 142.0.7444.175 (302067f14a4..., userDataDir: C:\\Users\\anils\\AppData\\Loca...}, fedcm:accounts: true, goog:chromeOptions: {debuggerAddress: localhost:56313}, goog:processID: 32968, networkConnectionEnabled: false, pageLoadStrategy: normal, platformName: windows, proxy: Proxy(), se:cdp: ws://localhost:56313/devtoo..., se:cdpVersion: 142.0.7444.176, setWindowRect: true, strictFileInteractability: false, timeouts: {implicit: 0, pageLoad: 300000, script: 30000}, unhandledPromptBehavior: accept, webauthn:extension:credBlob: true, webauthn:extension:largeBlob: true, webauthn:extension:minPinLength: true, webauthn:extension:prf: true, webauthn:virtualAuthenticators: true}\nSession ID: 1dccef2458230dade9631bbd50c7fac9\r\n\tat java.base/jdk.internal.reflect.DirectConstructorHandleAccessor.newInstance(DirectConstructorHandleAccessor.java:62)\r\n\tat java.base/java.lang.reflect.Constructor.newInstanceWithCaller(Constructor.java:502)\r\n\tat java.base/java.lang.reflect.Constructor.newInstance(Constructor.java:486)\r\n\tat org.openqa.selenium.remote.ErrorCodec.decode(ErrorCodec.java:167)\r\n\tat org.openqa.selenium.remote.codec.w3c.W3CHttpResponseCodec.decode(W3CHttpResponseCodec.java:138)\r\n\tat org.openqa.selenium.remote.codec.w3c.W3CHttpResponseCodec.decode(W3CHttpResponseCodec.java:50)\r\n\tat org.openqa.selenium.remote.HttpCommandExecutor.execute(HttpCommandExecutor.java:190)\r\n\tat org.openqa.selenium.remote.service.DriverCommandExecutor.invokeExecute(DriverCommandExecutor.java:216)\r\n\tat org.openqa.selenium.remote.service.DriverCommandExecutor.execute(DriverCommandExecutor.java:174)\r\n\tat org.openqa.selenium.remote.RemoteWebDriver.execute(RemoteWebDriver.java:545)\r\n\tat org.openqa.selenium.remote.ElementLocation$ElementFinder$2.findElement(ElementLocation.java:165)\r\n\tat org.openqa.selenium.remote.ElementLocation.findElement(ElementLocation.java:59)\r\n\tat org.openqa.selenium.remote.RemoteWebDriver.findElement(RemoteWebDriver.java:368)\r\n\tat org.openqa.selenium.remote.RemoteWebDriver.findElement(RemoteWebDriver.java:362)\r\n\tat com.codeborne.selenide.impl.WebElementSelector.findElement(WebElementSelector.java:64)\r\n\tat com.codeborne.selenide.impl.WebElementSelector.findElement(WebElementSelector.java:39)\r\n\tat com.codeborne.selenide.impl.WebElementSelector.findElement(WebElementSelector.java:30)\r\n\tat com.codeborne.selenide.impl.ElementFinder.getWebElement(ElementFinder.java:101)\r\n\tat com.codeborne.selenide.impl.WebElementSource.checkConditionAndReturnElement(WebElementSource.java:91)\r\n\t... 13 more\r\n"},"testCase":{"id":"074f42ac1395703518e71b3fa3b574ad","name":"testAddNewProduct()","fullName":"ex2.bookstore.test.BookstoreTest.testAddNewProduct"},"environment":"default","setup":[],"teardown":[],"history":[],"retries":[],"breadcrumbs":[["ex2.bookstore.test.BookstoreTest"]],"retry":false,"transition":"new","titlePath":[],"retriesCount":0,"attachments":[],"order":7}