{"id":"44d19c7054d2297a513fb65b47849ec1","name":"testAddNewProduct()","start":1764772611758,"stop":1764772625534,"duration":13776,"status":"passed","fullName":"ex2.bookstore.test.BookstoreTest.testAddNewProduct","historyId":"074f42ac1395703518e71b3fa3b574ad.d41d8cd98f00b204e9800998ecf8427e","flaky":false,"muted":false,"known":false,"hidden":false,"labels":[{"name":"junit.platform.uniqueid","value":"[engine:junit-jupiter]/[class:ex2.bookstore.test.BookstoreTest]/[method:testAddNewProduct()]"},{"name":"host","value":"ANILSON-MARIO"},{"name":"thread","value":"23188@ANILSON-MARIO.main(1)"},{"name":"framework","value":"junit-platform"},{"name":"language","value":"java"},{"name":"package","value":"ex2.bookstore.test.BookstoreTest"},{"name":"testClass","value":"ex2.bookstore.test.BookstoreTest"},{"name":"testMethod","value":"testAddNewProduct"},{"name":"suite","value":"ex2.bookstore.test.BookstoreTest"}],"groupedLabels":{"junit.platform.uniqueid":["[engine:junit-jupiter]/[class:ex2.bookstore.test.BookstoreTest]/[method:testAddNewProduct()]"],"host":["ANILSON-MARIO"],"thread":["23188@ANILSON-MARIO.main(1)"],"framework":["junit-platform"],"language":["java"],"package":["ex2.bookstore.test.BookstoreTest"],"testClass":["ex2.bookstore.test.BookstoreTest"],"testMethod":["testAddNewProduct"],"suite":["ex2.bookstore.test.BookstoreTest"]},"parameters":[],"links":[],"steps":[],"error":{},"testCase":{"id":"074f42ac1395703518e71b3fa3b574ad","name":"testAddNewProduct()","fullName":"ex2.bookstore.test.BookstoreTest.testAddNewProduct"},"environment":"default","setup":[],"teardown":[],"history":[],"retries":[{"id":"bb3a713ff1322fa81f022997fd3a7cf6","name":"testAddNewProduct()","testCase":{"id":"074f42ac1395703518e71b3fa3b574ad","name":"testAddNewProduct()","fullName":"ex2.bookstore.test.BookstoreTest.testAddNewProduct"},"fullName":"ex2.bookstore.test.BookstoreTest.testAddNewProduct","historyId":"074f42ac1395703518e71b3fa3b574ad.d41d8cd98f00b204e9800998ecf8427e","status":"failed","error":{"message":"Invalid element state [vaadin-text-field[0]]: invalid element state\r\nScreenshot: file:/C:/Users/anils/OneDrive/Documentos/Trabalhos/3º%20ano/1º%20semestre/Engenharia%20de%20Software/demo1/build/reports/tests/1764772380146.0.png\r\nPage source: file:/C:/Users/anils/OneDrive/Documentos/Trabalhos/3º%20ano/1º%20semestre/Engenharia%20de%20Software/demo1/build/reports/tests/1764772380146.0.html\r\nTimeout: 10 s.\r\nCaused by: InvalidElementStateException: invalid element state","trace":"Invalid element state [vaadin-text-field[0]]: invalid element state\r\nScreenshot: file:/C:/Users/anils/OneDrive/Documentos/Trabalhos/3º%20ano/1º%20semestre/Engenharia%20de%20Software/demo1/build/reports/tests/1764772380146.0.png\r\nPage source: file:/C:/Users/anils/OneDrive/Documentos/Trabalhos/3º%20ano/1º%20semestre/Engenharia%20de%20Software/demo1/build/reports/tests/1764772380146.0.html\r\nTimeout: 10 s.\r\nCaused by: InvalidElementStateException: invalid element state\r\n\tat com.codeborne.selenide.impl.ExceptionWrapper.wrap(ExceptionWrapper.java:19)\r\n\tat com.codeborne.selenide.impl.SelenideElementProxy.dispatchAndRetry(SelenideElementProxy.java:153)\r\n\tat com.codeborne.selenide.impl.SelenideElementProxy.invoke(SelenideElementProxy.java:83)\r\n\tat jdk.proxy1/jdk.proxy1.$Proxy11.setValue(Unknown Source)\r\n\tat ex2.bookstore.page.BookstorePage.isProductInList(BookstorePage.java:66)\r\n\tat ex2.bookstore.test.BookstoreTest.testAddNewProduct(BookstoreTest.java:48)\r\n\tat java.base/java.lang.reflect.Method.invoke(Method.java:580)\r\n\tat java.base/java.util.ArrayList.forEach(ArrayList.java:1596)\r\n\tat java.base/java.util.ArrayList.forEach(ArrayList.java:1596)\r\nCaused by: org.openqa.selenium.InvalidElementStateException: invalid element state\n  (Session info: chrome=142.0.7444.176)\nBuild info: version: '4.25.0', revision: '8a8aea2337'\nSystem info: os.name: 'Windows 11', os.arch: 'amd64', os.version: '10.0', java.version: '21.0.2'\nDriver info: org.openqa.selenium.chrome.ChromeDriver\nCommand: [5094f20ca771b7e1d10a5ade0e10c179, clearElement {id=f.C5D0999AB58B43EA4F934568F546E89E.d.9C14DCDF0EB5A9A26B09AA13704F2A2F.e.39}]\nCapabilities {acceptInsecureCerts: true, browserName: chrome, browserVersion: 142.0.7444.176, chrome: {chromedriverVersion: 142.0.7444.175 (302067f14a4..., userDataDir: C:\\Users\\anils\\AppData\\Loca...}, fedcm:accounts: true, goog:chromeOptions: {debuggerAddress: localhost:61366}, goog:processID: 23608, networkConnectionEnabled: false, pageLoadStrategy: normal, platformName: windows, proxy: Proxy(), se:cdp: ws://localhost:61366/devtoo..., se:cdpVersion: 142.0.7444.176, setWindowRect: true, strictFileInteractability: false, timeouts: {implicit: 0, pageLoad: 300000, script: 30000}, unhandledPromptBehavior: accept, webauthn:extension:credBlob: true, webauthn:extension:largeBlob: true, webauthn:extension:minPinLength: true, webauthn:extension:prf: true, webauthn:virtualAuthenticators: true}\nElement: [[ChromeDriver: chrome on windows (5094f20ca771b7e1d10a5ade0e10c179)] -> css selector: vaadin-text-field]\nSession ID: 5094f20ca771b7e1d10a5ade0e10c179\r\n\tat java.base/jdk.internal.reflect.DirectConstructorHandleAccessor.newInstance(DirectConstructorHandleAccessor.java:62)\r\n\tat java.base/java.lang.reflect.Constructor.newInstanceWithCaller(Constructor.java:502)\r\n\tat java.base/java.lang.reflect.Constructor.newInstance(Constructor.java:486)\r\n\tat org.openqa.selenium.remote.ErrorCodec.decode(ErrorCodec.java:167)\r\n\tat org.openqa.selenium.remote.codec.w3c.W3CHttpResponseCodec.decode(W3CHttpResponseCodec.java:138)\r\n\tat org.openqa.selenium.remote.codec.w3c.W3CHttpResponseCodec.decode(W3CHttpResponseCodec.java:50)\r\n\tat org.openqa.selenium.remote.HttpCommandExecutor.execute(HttpCommandExecutor.java:190)\r\n\tat org.openqa.selenium.remote.service.DriverCommandExecutor.invokeExecute(DriverCommandExecutor.java:216)\r\n\tat org.openqa.selenium.remote.service.DriverCommandExecutor.execute(DriverCommandExecutor.java:174)\r\n\tat org.openqa.selenium.remote.RemoteWebDriver.execute(RemoteWebDriver.java:545)\r\n\tat org.openqa.selenium.remote.RemoteWebElement.execute(RemoteWebElement.java:223)\r\n\tat org.openqa.selenium.remote.RemoteWebElement.clear(RemoteWebElement.java:129)\r\n\tat com.codeborne.selenide.commands.Clear.clear(Clear.java:63)\r\n\tat com.codeborne.selenide.commands.SetValue.setValueForTextInput(SetValue.java:64)\r\n\tat com.codeborne.selenide.commands.SetValue.execute(SetValue.java:38)\r\n\tat com.codeborne.selenide.FluentCommand.execute(FluentCommand.java:23)\r\n\tat com.codeborne.selenide.FluentCommand.execute(FluentCommand.java:19)\r\n\tat com.codeborne.selenide.commands.Commands.execute(Commands.java:159)\r\n\tat com.codeborne.selenide.impl.SelenideElementProxy.dispatchAndRetry(SelenideElementProxy.java:131)\r\n\t... 7 more\r\n"},"start":1764772356426,"stop":1764772380406,"duration":23980,"description":"","flaky":false,"muted":false,"known":false,"hidden":true,"labels":[{"name":"junit.platform.uniqueid","value":"[engine:junit-jupiter]/[class:ex2.bookstore.test.BookstoreTest]/[method:testAddNewProduct()]"},{"name":"host","value":"ANILSON-MARIO"},{"name":"thread","value":"1664@ANILSON-MARIO.main(1)"},{"name":"framework","value":"junit-platform"},{"name":"language","value":"java"},{"name":"package","value":"ex2.bookstore.test.BookstoreTest"},{"name":"testClass","value":"ex2.bookstore.test.BookstoreTest"},{"name":"testMethod","value":"testAddNewProduct"},{"name":"suite","value":"ex2.bookstore.test.BookstoreTest"}],"steps":[],"parameters":[],"links":[],"hostId":"ANILSON-MARIO","threadId":"1664@ANILSON-MARIO.main(1)","sourceMetadata":{"readerId":"allure2","metadata":{"originalFileName":"bd0207c7-e045-4851-b791-3177e9de139a-result.json"}},"titlePath":[],"environment":"default","transition":"new"},{"id":"4873f267d1f110df10c7810f16c3413b","name":"testAddNewProduct()","testCase":{"id":"074f42ac1395703518e71b3fa3b574ad","name":"testAddNewProduct()","fullName":"ex2.bookstore.test.BookstoreTest.testAddNewProduct"},"fullName":"ex2.bookstore.test.BookstoreTest.testAddNewProduct","historyId":"074f42ac1395703518e71b3fa3b574ad.d41d8cd98f00b204e9800998ecf8427e","status":"failed","error":{"message":"Invalid element state [vaadin-text-field[0]]: invalid element state\r\nScreenshot: file:/C:/Users/anils/OneDrive/Documentos/Trabalhos/3º%20ano/1º%20semestre/Engenharia%20de%20Software/demo1/build/reports/tests/1764772189600.0.png\r\nPage source: file:/C:/Users/anils/OneDrive/Documentos/Trabalhos/3º%20ano/1º%20semestre/Engenharia%20de%20Software/demo1/build/reports/tests/1764772189600.0.html\r\nTimeout: 10 s.\r\nCaused by: InvalidElementStateException: invalid element state","trace":"Invalid element state [vaadin-text-field[0]]: invalid element state\r\nScreenshot: file:/C:/Users/anils/OneDrive/Documentos/Trabalhos/3º%20ano/1º%20semestre/Engenharia%20de%20Software/demo1/build/reports/tests/1764772189600.0.png\r\nPage source: file:/C:/Users/anils/OneDrive/Documentos/Trabalhos/3º%20ano/1º%20semestre/Engenharia%20de%20Software/demo1/build/reports/tests/1764772189600.0.html\r\nTimeout: 10 s.\r\nCaused by: InvalidElementStateException: invalid element state\r\n\tat com.codeborne.selenide.impl.ExceptionWrapper.wrap(ExceptionWrapper.java:19)\r\n\tat com.codeborne.selenide.impl.SelenideElementProxy.dispatchAndRetry(SelenideElementProxy.java:153)\r\n\tat com.codeborne.selenide.impl.SelenideElementProxy.invoke(SelenideElementProxy.java:83)\r\n\tat jdk.proxy1/jdk.proxy1.$Proxy11.setValue(Unknown Source)\r\n\tat ex2.bookstore.page.BookstorePage.isProductInList(BookstorePage.java:66)\r\n\tat ex2.bookstore.test.BookstoreTest.testAddNewProduct(BookstoreTest.java:48)\r\n\tat java.base/java.lang.reflect.Method.invoke(Method.java:580)\r\n\tat java.base/java.util.ArrayList.forEach(ArrayList.java:1596)\r\n\tat java.base/java.util.ArrayList.forEach(ArrayList.java:1596)\r\nCaused by: org.openqa.selenium.InvalidElementStateException: invalid element state\n  (Session info: chrome=142.0.7444.176)\nBuild info: version: '4.25.0', revision: '8a8aea2337'\nSystem info: os.name: 'Windows 11', os.arch: 'amd64', os.version: '10.0', java.version: '21.0.2'\nDriver info: org.openqa.selenium.chrome.ChromeDriver\nCommand: [6237737e6a8fe94d23ca09d73605bc98, clearElement {id=f.11B3B75F3660932962F3E6F1FF79208D.d.1929537BE0BB02A4FCEC12481484C66A.e.39}]\nCapabilities {acceptInsecureCerts: true, browserName: chrome, browserVersion: 142.0.7444.176, chrome: {chromedriverVersion: 142.0.7444.175 (302067f14a4..., userDataDir: C:\\Users\\anils\\AppData\\Loca...}, fedcm:accounts: true, goog:chromeOptions: {debuggerAddress: localhost:60221}, goog:processID: 16408, networkConnectionEnabled: false, pageLoadStrategy: normal, platformName: windows, proxy: Proxy(), se:cdp: ws://localhost:60221/devtoo..., se:cdpVersion: 142.0.7444.176, setWindowRect: true, strictFileInteractability: false, timeouts: {implicit: 0, pageLoad: 300000, script: 30000}, unhandledPromptBehavior: accept, webauthn:extension:credBlob: true, webauthn:extension:largeBlob: true, webauthn:extension:minPinLength: true, webauthn:extension:prf: true, webauthn:virtualAuthenticators: true}\nElement: [[ChromeDriver: chrome on windows (6237737e6a8fe94d23ca09d73605bc98)] -> css selector: vaadin-text-field]\nSession ID: 6237737e6a8fe94d23ca09d73605bc98\r\n\tat java.base/jdk.internal.reflect.DirectConstructorHandleAccessor.newInstance(DirectConstructorHandleAccessor.java:62)\r\n\tat java.base/java.lang.reflect.Constructor.newInstanceWithCaller(Constructor.java:502)\r\n\tat java.base/java.lang.reflect.Constructor.newInstance(Constructor.java:486)\r\n\tat org.openqa.selenium.remote.ErrorCodec.decode(ErrorCodec.java:167)\r\n\tat org.openqa.selenium.remote.codec.w3c.W3CHttpResponseCodec.decode(W3CHttpResponseCodec.java:138)\r\n\tat org.openqa.selenium.remote.codec.w3c.W3CHttpResponseCodec.decode(W3CHttpResponseCodec.java:50)\r\n\tat org.openqa.selenium.remote.HttpCommandExecutor.execute(HttpCommandExecutor.java:190)\r\n\tat org.openqa.selenium.remote.service.DriverCommandExecutor.invokeExecute(DriverCommandExecutor.java:216)\r\n\tat org.openqa.selenium.remote.service.DriverCommandExecutor.execute(DriverCommandExecutor.java:174)\r\n\tat org.openqa.selenium.remote.RemoteWebDriver.execute(RemoteWebDriver.java:545)\r\n\tat org.openqa.selenium.remote.RemoteWebElement.execute(RemoteWebElement.java:223)\r\n\tat org.openqa.selenium.remote.RemoteWebElement.clear(RemoteWebElement.java:129)\r\n\tat com.codeborne.selenide.commands.Clear.clear(Clear.java:63)\r\n\tat com.codeborne.selenide.commands.SetValue.setValueForTextInput(SetValue.java:64)\r\n\tat com.codeborne.selenide.commands.SetValue.execute(SetValue.java:38)\r\n\tat com.codeborne.selenide.FluentCommand.execute(FluentCommand.java:23)\r\n\tat com.codeborne.selenide.FluentCommand.execute(FluentCommand.java:19)\r\n\tat com.codeborne.selenide.commands.Commands.execute(Commands.java:159)\r\n\tat com.codeborne.selenide.impl.SelenideElementProxy.dispatchAndRetry(SelenideElementProxy.java:131)\r\n\t... 7 more\r\n"},"start":1764772166442,"stop":1764772189873,"duration":23431,"description":"","flaky":false,"muted":false,"known":false,"hidden":true,"labels":[{"name":"junit.platform.uniqueid","value":"[engine:junit-jupiter]/[class:ex2.bookstore.test.BookstoreTest]/[method:testAddNewProduct()]"},{"name":"host","value":"ANILSON-MARIO"},{"name":"thread","value":"19368@ANILSON-MARIO.main(1)"},{"name":"framework","value":"junit-platform"},{"name":"language","value":"java"},{"name":"package","value":"ex2.bookstore.test.BookstoreTest"},{"name":"testClass","value":"ex2.bookstore.test.BookstoreTest"},{"name":"testMethod","value":"testAddNewProduct"},{"name":"suite","value":"ex2.bookstore.test.BookstoreTest"}],"steps":[],"parameters":[],"links":[],"hostId":"ANILSON-MARIO","threadId":"19368@ANILSON-MARIO.main(1)","sourceMetadata":{"readerId":"allure2","metadata":{"originalFileName":"463dac69-0d59-4d7f-a890-ee31ea92d200-result.json"}},"titlePath":[],"environment":"default","transition":"new"},{"id":"761b0936466f11544472031a1d6b24ab","name":"testAddNewProduct()","testCase":{"id":"074f42ac1395703518e71b3fa3b574ad","name":"testAddNewProduct()","fullName":"ex2.bookstore.test.BookstoreTest.testAddNewProduct"},"fullName":"ex2.bookstore.test.BookstoreTest.testAddNewProduct","historyId":"074f42ac1395703518e71b3fa3b574ad.d41d8cd98f00b204e9800998ecf8427e","status":"failed","error":{"message":"NoSuchElementException: no such element: Unable to locate element: {\"method\":\"css selector\",\"selector\":\"vaadin-form-layout\"}\r\nScreenshot: file:/C:/Users/anils/OneDrive/Documentos/Trabalhos/3º%20ano/1º%20semestre/Engenharia%20de%20Software/demo1/build/reports/tests/1764771943425.0.png\r\nPage source: file:/C:/Users/anils/OneDrive/Documentos/Trabalhos/3º%20ano/1º%20semestre/Engenharia%20de%20Software/demo1/build/reports/tests/1764771943425.0.html\r\nTimeout: 10 s.\r\nCaused by: NoSuchElementException: no such element: Unable to locate element: {\"method\":\"css selector\",\"selector\":\"vaadin-form-layout\"}","trace":"NoSuchElementException: no such element: Unable to locate element: {\"method\":\"css selector\",\"selector\":\"vaadin-form-layout\"}\r\nScreenshot: file:/C:/Users/anils/OneDrive/Documentos/Trabalhos/3º%20ano/1º%20semestre/Engenharia%20de%20Software/demo1/build/reports/tests/1764771943425.0.png\r\nPage source: file:/C:/Users/anils/OneDrive/Documentos/Trabalhos/3º%20ano/1º%20semestre/Engenharia%20de%20Software/demo1/build/reports/tests/1764771943425.0.html\r\nTimeout: 10 s.\r\nCaused by: NoSuchElementException: no such element: Unable to locate element: {\"method\":\"css selector\",\"selector\":\"vaadin-form-layout\"}\r\n\tat com.codeborne.selenide.ex.UIAssertionError.wrapToUIAssertionError(UIAssertionError.java:121)\r\n\tat com.codeborne.selenide.ex.UIAssertionError.wrapThrowable(UIAssertionError.java:103)\r\n\tat com.codeborne.selenide.ex.UIAssertionError.wrap(UIAssertionError.java:98)\r\n\tat com.codeborne.selenide.impl.SelenideElementProxy.invoke(SelenideElementProxy.java:93)\r\n\tat jdk.proxy1/jdk.proxy1.$Proxy11.shouldBe(Unknown Source)\r\n\tat ex2.bookstore.page.BookstorePage.fillProductDetails(BookstorePage.java:30)\r\n\tat ex2.bookstore.test.BookstoreTest.testAddNewProduct(BookstoreTest.java:41)\r\n\tat java.base/java.lang.reflect.Method.invoke(Method.java:580)\r\n\tat java.base/java.util.ArrayList.forEach(ArrayList.java:1596)\r\n\tat java.base/java.util.ArrayList.forEach(ArrayList.java:1596)\r\nCaused by: org.openqa.selenium.NoSuchElementException: no such element: Unable to locate element: {\"method\":\"css selector\",\"selector\":\"vaadin-form-layout\"}\n  (Session info: chrome=142.0.7444.176)\nFor documentation on this error, please visit: https://www.selenium.dev/documentation/webdriver/troubleshooting/errors#no-such-element-exception\nBuild info: version: '4.25.0', revision: '8a8aea2337'\nSystem info: os.name: 'Windows 11', os.arch: 'amd64', os.version: '10.0', java.version: '21.0.2'\nDriver info: org.openqa.selenium.chrome.ChromeDriver\nCommand: [fe119776a2214523d0355c842cee24f8, findElement {using=css selector, value=vaadin-form-layout}]\nCapabilities {acceptInsecureCerts: true, browserName: chrome, browserVersion: 142.0.7444.176, chrome: {chromedriverVersion: 142.0.7444.175 (302067f14a4..., userDataDir: C:\\Users\\anils\\AppData\\Loca...}, fedcm:accounts: true, goog:chromeOptions: {debuggerAddress: localhost:62033}, goog:processID: 25428, networkConnectionEnabled: false, pageLoadStrategy: normal, platformName: windows, proxy: Proxy(), se:cdp: ws://localhost:62033/devtoo..., se:cdpVersion: 142.0.7444.176, setWindowRect: true, strictFileInteractability: false, timeouts: {implicit: 0, pageLoad: 300000, script: 30000}, unhandledPromptBehavior: accept, webauthn:extension:credBlob: true, webauthn:extension:largeBlob: true, webauthn:extension:minPinLength: true, webauthn:extension:prf: true, webauthn:virtualAuthenticators: true}\nSession ID: fe119776a2214523d0355c842cee24f8\r\n\tat java.base/jdk.internal.reflect.DirectConstructorHandleAccessor.newInstance(DirectConstructorHandleAccessor.java:62)\r\n\tat java.base/java.lang.reflect.Constructor.newInstanceWithCaller(Constructor.java:502)\r\n\tat java.base/java.lang.reflect.Constructor.newInstance(Constructor.java:486)\r\n\tat org.openqa.selenium.remote.ErrorCodec.decode(ErrorCodec.java:167)\r\n\tat org.openqa.selenium.remote.codec.w3c.W3CHttpResponseCodec.decode(W3CHttpResponseCodec.java:138)\r\n\tat org.openqa.selenium.remote.codec.w3c.W3CHttpResponseCodec.decode(W3CHttpResponseCodec.java:50)\r\n\tat org.openqa.selenium.remote.HttpCommandExecutor.execute(HttpCommandExecutor.java:190)\r\n\tat org.openqa.selenium.remote.service.DriverCommandExecutor.invokeExecute(DriverCommandExecutor.java:216)\r\n\tat org.openqa.selenium.remote.service.DriverCommandExecutor.execute(DriverCommandExecutor.java:174)\r\n\tat org.openqa.selenium.remote.RemoteWebDriver.execute(RemoteWebDriver.java:545)\r\n\tat org.openqa.selenium.remote.ElementLocation$ElementFinder$2.findElement(ElementLocation.java:165)\r\n\tat org.openqa.selenium.remote.ElementLocation.findElement(ElementLocation.java:59)\r\n\tat org.openqa.selenium.remote.RemoteWebDriver.findElement(RemoteWebDriver.java:368)\r\n\tat org.openqa.selenium.remote.RemoteWebDriver.findElement(RemoteWebDriver.java:362)\r\n\tat com.codeborne.selenide.impl.WebElementSelector.findElement(WebElementSelector.java:64)\r\n\tat com.codeborne.selenide.impl.WebElementSelector.findElement(WebElementSelector.java:39)\r\n\tat com.codeborne.selenide.impl.WebElementSelector.findElement(WebElementSelector.java:30)\r\n\tat com.codeborne.selenide.impl.ElementFinder.getWebElement(ElementFinder.java:101)\r\n\tat com.codeborne.selenide.impl.WebElementSelector.findElements(WebElementSelector.java:50)\r\n\tat com.codeborne.selenide.impl.BySelectorCollection.getElements(BySelectorCollection.java:35)\r\n\tat com.codeborne.selenide.impl.CollectionElement.createElementNotFoundError(CollectionElement.java:57)\r\n\tat com.codeborne.selenide.impl.ExceptionWrapper.wrap(ExceptionWrapper.java:25)\r\n\tat com.codeborne.selenide.impl.SelenideElementProxy.dispatchAndRetry(SelenideElementProxy.java:153)\r\n\tat com.codeborne.selenide.impl.SelenideElementProxy.invoke(SelenideElementProxy.java:83)\r\n\t... 6 more\r\n"},"start":1764771925212,"stop":1764771943721,"duration":18509,"description":"","flaky":false,"muted":false,"known":false,"hidden":true,"labels":[{"name":"junit.platform.uniqueid","value":"[engine:junit-jupiter]/[class:ex2.bookstore.test.BookstoreTest]/[method:testAddNewProduct()]"},{"name":"host","value":"ANILSON-MARIO"},{"name":"thread","value":"11476@ANILSON-MARIO.main(1)"},{"name":"framework","value":"junit-platform"},{"name":"language","value":"java"},{"name":"package","value":"ex2.bookstore.test.BookstoreTest"},{"name":"testClass","value":"ex2.bookstore.test.BookstoreTest"},{"name":"testMethod","value":"testAddNewProduct"},{"name":"suite","value":"ex2.bookstore.test.BookstoreTest"}],"steps":[],"parameters":[],"links":[],"hostId":"ANILSON-MARIO","threadId":"11476@ANILSON-MARIO.main(1)","sourceMetadata":{"readerId":"allure2","metadata":{"originalFileName":"51292e4d-a209-4b7f-a08a-c5ff8bb67cb4-result.json"}},"titlePath":[],"environment":"default","transition":"new"},{"id":"91c331db5e7241c93118ec9e49288f6b","name":"testAddNewProduct()","testCase":{"id":"074f42ac1395703518e71b3fa3b574ad","name":"testAddNewProduct()","fullName":"ex2.bookstore.test.BookstoreTest.testAddNewProduct"},"fullName":"ex2.bookstore.test.BookstoreTest.testAddNewProduct","historyId":"074f42ac1395703518e71b3fa3b574ad.d41d8cd98f00b204e9800998ecf8427e","status":"failed","error":{"message":"Invalid element state [vaadin-text-field[0]]: invalid element state\r\nScreenshot: file:/C:/Users/anils/OneDrive/Documentos/Trabalhos/3º%20ano/1º%20semestre/Engenharia%20de%20Software/demo1/build/reports/tests/1764771830181.0.png\r\nPage source: file:/C:/Users/anils/OneDrive/Documentos/Trabalhos/3º%20ano/1º%20semestre/Engenharia%20de%20Software/demo1/build/reports/tests/1764771830181.0.html\r\nTimeout: 10 s.\r\nCaused by: InvalidElementStateException: invalid element state","trace":"Invalid element state [vaadin-text-field[0]]: invalid element state\r\nScreenshot: file:/C:/Users/anils/OneDrive/Documentos/Trabalhos/3º%20ano/1º%20semestre/Engenharia%20de%20Software/demo1/build/reports/tests/1764771830181.0.png\r\nPage source: file:/C:/Users/anils/OneDrive/Documentos/Trabalhos/3º%20ano/1º%20semestre/Engenharia%20de%20Software/demo1/build/reports/tests/1764771830181.0.html\r\nTimeout: 10 s.\r\nCaused by: InvalidElementStateException: invalid element state\r\n\tat com.codeborne.selenide.impl.ExceptionWrapper.wrap(ExceptionWrapper.java:19)\r\n\tat com.codeborne.selenide.impl.SelenideElementProxy.dispatchAndRetry(SelenideElementProxy.java:153)\r\n\tat com.codeborne.selenide.impl.SelenideElementProxy.invoke(SelenideElementProxy.java:83)\r\n\tat jdk.proxy1/jdk.proxy1.$Proxy11.setValue(Unknown Source)\r\n\tat ex2.bookstore.page.BookstorePage.isProductInList(BookstorePage.java:62)\r\n\tat ex2.bookstore.test.BookstoreTest.testAddNewProduct(BookstoreTest.java:48)\r\n\tat java.base/java.lang.reflect.Method.invoke(Method.java:580)\r\n\tat java.base/java.util.ArrayList.forEach(ArrayList.java:1596)\r\n\tat java.base/java.util.ArrayList.forEach(ArrayList.java:1596)\r\nCaused by: org.openqa.selenium.InvalidElementStateException: invalid element state\n  (Session info: chrome=142.0.7444.176)\nBuild info: version: '4.25.0', revision: '8a8aea2337'\nSystem info: os.name: 'Windows 11', os.arch: 'amd64', os.version: '10.0', java.version: '21.0.2'\nDriver info: org.openqa.selenium.chrome.ChromeDriver\nCommand: [1aedb818e6a198cb373430c8062d6c37, clearElement {id=f.37D94E00CF88E5F49E329FC776CA04BA.d.0F4EF16D5ABCB8A8DA578D47C873E6F0.e.39}]\nCapabilities {acceptInsecureCerts: true, browserName: chrome, browserVersion: 142.0.7444.176, chrome: {chromedriverVersion: 142.0.7444.175 (302067f14a4..., userDataDir: C:\\Users\\anils\\AppData\\Loca...}, fedcm:accounts: true, goog:chromeOptions: {debuggerAddress: localhost:50929}, goog:processID: 29576, networkConnectionEnabled: false, pageLoadStrategy: normal, platformName: windows, proxy: Proxy(), se:cdp: ws://localhost:50929/devtoo..., se:cdpVersion: 142.0.7444.176, setWindowRect: true, strictFileInteractability: false, timeouts: {implicit: 0, pageLoad: 300000, script: 30000}, unhandledPromptBehavior: accept, webauthn:extension:credBlob: true, webauthn:extension:largeBlob: true, webauthn:extension:minPinLength: true, webauthn:extension:prf: true, webauthn:virtualAuthenticators: true}\nElement: [[ChromeDriver: chrome on windows (1aedb818e6a198cb373430c8062d6c37)] -> css selector: vaadin-text-field]\nSession ID: 1aedb818e6a198cb373430c8062d6c37\r\n\tat java.base/jdk.internal.reflect.DirectConstructorHandleAccessor.newInstance(DirectConstructorHandleAccessor.java:62)\r\n\tat java.base/java.lang.reflect.Constructor.newInstanceWithCaller(Constructor.java:502)\r\n\tat java.base/java.lang.reflect.Constructor.newInstance(Constructor.java:486)\r\n\tat org.openqa.selenium.remote.ErrorCodec.decode(ErrorCodec.java:167)\r\n\tat org.openqa.selenium.remote.codec.w3c.W3CHttpResponseCodec.decode(W3CHttpResponseCodec.java:138)\r\n\tat org.openqa.selenium.remote.codec.w3c.W3CHttpResponseCodec.decode(W3CHttpResponseCodec.java:50)\r\n\tat org.openqa.selenium.remote.HttpCommandExecutor.execute(HttpCommandExecutor.java:190)\r\n\tat org.openqa.selenium.remote.service.DriverCommandExecutor.invokeExecute(DriverCommandExecutor.java:216)\r\n\tat org.openqa.selenium.remote.service.DriverCommandExecutor.execute(DriverCommandExecutor.java:174)\r\n\tat org.openqa.selenium.remote.RemoteWebDriver.execute(RemoteWebDriver.java:545)\r\n\tat org.openqa.selenium.remote.RemoteWebElement.execute(RemoteWebElement.java:223)\r\n\tat org.openqa.selenium.remote.RemoteWebElement.clear(RemoteWebElement.java:129)\r\n\tat com.codeborne.selenide.commands.Clear.clear(Clear.java:63)\r\n\tat com.codeborne.selenide.commands.SetValue.setValueForTextInput(SetValue.java:64)\r\n\tat com.codeborne.selenide.commands.SetValue.execute(SetValue.java:38)\r\n\tat com.codeborne.selenide.FluentCommand.execute(FluentCommand.java:23)\r\n\tat com.codeborne.selenide.FluentCommand.execute(FluentCommand.java:19)\r\n\tat com.codeborne.selenide.commands.Commands.execute(Commands.java:159)\r\n\tat com.codeborne.selenide.impl.SelenideElementProxy.dispatchAndRetry(SelenideElementProxy.java:131)\r\n\t... 7 more\r\n"},"start":1764771805535,"stop":1764771830516,"duration":24981,"description":"","flaky":false,"muted":false,"known":false,"hidden":true,"labels":[{"name":"junit.platform.uniqueid","value":"[engine:junit-jupiter]/[class:ex2.bookstore.test.BookstoreTest]/[method:testAddNewProduct()]"},{"name":"host","value":"ANILSON-MARIO"},{"name":"thread","value":"18848@ANILSON-MARIO.main(1)"},{"name":"framework","value":"junit-platform"},{"name":"language","value":"java"},{"name":"package","value":"ex2.bookstore.test.BookstoreTest"},{"name":"testClass","value":"ex2.bookstore.test.BookstoreTest"},{"name":"testMethod","value":"testAddNewProduct"},{"name":"suite","value":"ex2.bookstore.test.BookstoreTest"}],"steps":[],"parameters":[],"links":[],"hostId":"ANILSON-MARIO","threadId":"18848@ANILSON-MARIO.main(1)","sourceMetadata":{"readerId":"allure2","metadata":{"originalFileName":"dc5b914d-68cd-41bd-9de4-f9e85e3e3811-result.json"}},"titlePath":[],"environment":"default","transition":"new"},{"id":"d674bd44a702122cea29291e94b54e22","name":"testAddNewProduct()","testCase":{"id":"074f42ac1395703518e71b3fa3b574ad","name":"testAddNewProduct()","fullName":"ex2.bookstore.test.BookstoreTest.testAddNewProduct"},"fullName":"ex2.bookstore.test.BookstoreTest.testAddNewProduct","historyId":"074f42ac1395703518e71b3fa3b574ad.d41d8cd98f00b204e9800998ecf8427e","status":"failed","error":{"message":"Invalid element state [vaadin-text-field[0]]: invalid element state\r\nScreenshot: file:/C:/Users/anils/OneDrive/Documentos/Trabalhos/3º%20ano/1º%20semestre/Engenharia%20de%20Software/demo1/build/reports/tests/1764771828016.0.png\r\nPage source: file:/C:/Users/anils/OneDrive/Documentos/Trabalhos/3º%20ano/1º%20semestre/Engenharia%20de%20Software/demo1/build/reports/tests/1764771828016.0.html\r\nTimeout: 10 s.\r\nCaused by: InvalidElementStateException: invalid element state","trace":"Invalid element state [vaadin-text-field[0]]: invalid element state\r\nScreenshot: file:/C:/Users/anils/OneDrive/Documentos/Trabalhos/3º%20ano/1º%20semestre/Engenharia%20de%20Software/demo1/build/reports/tests/1764771828016.0.png\r\nPage source: file:/C:/Users/anils/OneDrive/Documentos/Trabalhos/3º%20ano/1º%20semestre/Engenharia%20de%20Software/demo1/build/reports/tests/1764771828016.0.html\r\nTimeout: 10 s.\r\nCaused by: InvalidElementStateException: invalid element state\r\n\tat com.codeborne.selenide.impl.ExceptionWrapper.wrap(ExceptionWrapper.java:19)\r\n\tat com.codeborne.selenide.impl.SelenideElementProxy.dispatchAndRetry(SelenideElementProxy.java:153)\r\n\tat com.codeborne.selenide.impl.SelenideElementProxy.invoke(SelenideElementProxy.java:83)\r\n\tat jdk.proxy1/jdk.proxy1.$Proxy11.setValue(Unknown Source)\r\n\tat ex2.bookstore.page.BookstorePage.isProductInList(BookstorePage.java:62)\r\n\tat ex2.bookstore.test.BookstoreTest.testAddNewProduct(BookstoreTest.java:48)\r\n\tat java.base/java.lang.reflect.Method.invoke(Method.java:580)\r\n\tat java.base/java.util.ArrayList.forEach(ArrayList.java:1596)\r\n\tat java.base/java.util.ArrayList.forEach(ArrayList.java:1596)\r\nCaused by: org.openqa.selenium.InvalidElementStateException: invalid element state\n  (Session info: chrome=142.0.7444.176)\nBuild info: version: '4.25.0', revision: '8a8aea2337'\nSystem info: os.name: 'Windows 11', os.arch: 'amd64', os.version: '10.0', java.version: '21.0.2'\nDriver info: org.openqa.selenium.chrome.ChromeDriver\nCommand: [42f1ff1636d6fca94991741f3d918712, clearElement {id=f.B1434D3E20D32502FDD8808A4FDE6840.d.590C713AEE680359FC9CDF631446E942.e.38}]\nCapabilities {acceptInsecureCerts: true, browserName: chrome, browserVersion: 142.0.7444.176, chrome: {chromedriverVersion: 142.0.7444.175 (302067f14a4..., userDataDir: C:\\Users\\anils\\AppData\\Loca...}, fedcm:accounts: true, goog:chromeOptions: {debuggerAddress: localhost:62357}, goog:processID: 28792, networkConnectionEnabled: false, pageLoadStrategy: normal, platformName: windows, proxy: Proxy(), se:cdp: ws://localhost:62357/devtoo..., se:cdpVersion: 142.0.7444.176, setWindowRect: true, strictFileInteractability: false, timeouts: {implicit: 0, pageLoad: 300000, script: 30000}, unhandledPromptBehavior: accept, webauthn:extension:credBlob: true, webauthn:extension:largeBlob: true, webauthn:extension:minPinLength: true, webauthn:extension:prf: true, webauthn:virtualAuthenticators: true}\nElement: [[ChromeDriver: chrome on windows (42f1ff1636d6fca94991741f3d918712)] -> css selector: vaadin-text-field]\nSession ID: 42f1ff1636d6fca94991741f3d918712\r\n\tat java.base/jdk.internal.reflect.DirectConstructorHandleAccessor.newInstance(DirectConstructorHandleAccessor.java:62)\r\n\tat java.base/java.lang.reflect.Constructor.newInstanceWithCaller(Constructor.java:502)\r\n\tat java.base/java.lang.reflect.Constructor.newInstance(Constructor.java:486)\r\n\tat org.openqa.selenium.remote.ErrorCodec.decode(ErrorCodec.java:167)\r\n\tat org.openqa.selenium.remote.codec.w3c.W3CHttpResponseCodec.decode(W3CHttpResponseCodec.java:138)\r\n\tat org.openqa.selenium.remote.codec.w3c.W3CHttpResponseCodec.decode(W3CHttpResponseCodec.java:50)\r\n\tat org.openqa.selenium.remote.HttpCommandExecutor.execute(HttpCommandExecutor.java:190)\r\n\tat org.openqa.selenium.remote.service.DriverCommandExecutor.invokeExecute(DriverCommandExecutor.java:216)\r\n\tat org.openqa.selenium.remote.service.DriverCommandExecutor.execute(DriverCommandExecutor.java:174)\r\n\tat org.openqa.selenium.remote.RemoteWebDriver.execute(RemoteWebDriver.java:545)\r\n\tat org.openqa.selenium.remote.RemoteWebElement.execute(RemoteWebElement.java:223)\r\n\tat org.openqa.selenium.remote.RemoteWebElement.clear(RemoteWebElement.java:129)\r\n\tat com.codeborne.selenide.commands.Clear.clear(Clear.java:63)\r\n\tat com.codeborne.selenide.commands.SetValue.setValueForTextInput(SetValue.java:64)\r\n\tat com.codeborne.selenide.commands.SetValue.execute(SetValue.java:38)\r\n\tat com.codeborne.selenide.FluentCommand.execute(FluentCommand.java:23)\r\n\tat com.codeborne.selenide.FluentCommand.execute(FluentCommand.java:19)\r\n\tat com.codeborne.selenide.commands.Commands.execute(Commands.java:159)\r\n\tat com.codeborne.selenide.impl.SelenideElementProxy.dispatchAndRetry(SelenideElementProxy.java:131)\r\n\t... 7 more\r\n"},"start":1764771803338,"stop":1764771828343,"duration":25005,"description":"","flaky":false,"muted":false,"known":false,"hidden":true,"labels":[{"name":"junit.platform.uniqueid","value":"[engine:junit-jupiter]/[class:ex2.bookstore.test.BookstoreTest]/[method:testAddNewProduct()]"},{"name":"host","value":"ANILSON-MARIO"},{"name":"thread","value":"1788@ANILSON-MARIO.main(1)"},{"name":"framework","value":"junit-platform"},{"name":"language","value":"java"},{"name":"package","value":"ex2.bookstore.test.BookstoreTest"},{"name":"testClass","value":"ex2.bookstore.test.BookstoreTest"},{"name":"testMethod","value":"testAddNewProduct"},{"name":"suite","value":"ex2.bookstore.test.BookstoreTest"}],"steps":[],"parameters":[],"links":[],"hostId":"ANILSON-MARIO","threadId":"1788@ANILSON-MARIO.main(1)","sourceMetadata":{"readerId":"allure2","metadata":{"originalFileName":"d3a5258d-0d3d-49b5-b974-8f058778fb9f-result.json"}},"titlePath":[],"environment":"default","transition":"new"},{"id":"54290e36de8e78cf96e116eac5f7817b","name":"testAddNewProduct()","testCase":{"id":"074f42ac1395703518e71b3fa3b574ad","name":"testAddNewProduct()","fullName":"ex2.bookstore.test.BookstoreTest.testAddNewProduct"},"fullName":"ex2.bookstore.test.BookstoreTest.testAddNewProduct","historyId":"074f42ac1395703518e71b3fa3b574ad.d41d8cd98f00b204e9800998ecf8427e","status":"failed","error":{"message":"O livro criado deve aparecer na lista. ==> expected: <true> but was: <false>","trace":"org.opentest4j.AssertionFailedError: O livro criado deve aparecer na lista. ==> expected: <true> but was: <false>\r\n\tat org.junit.jupiter.api.AssertionFailureBuilder.build(AssertionFailureBuilder.java:151)\r\n\tat org.junit.jupiter.api.AssertionFailureBuilder.buildAndThrow(AssertionFailureBuilder.java:132)\r\n\tat org.junit.jupiter.api.AssertTrue.failNotTrue(AssertTrue.java:63)\r\n\tat org.junit.jupiter.api.AssertTrue.assertTrue(AssertTrue.java:36)\r\n\tat org.junit.jupiter.api.Assertions.assertTrue(Assertions.java:214)\r\n\tat ex2.bookstore.test.BookstoreTest.testAddNewProduct(BookstoreTest.java:48)\r\n\tat java.base/java.lang.reflect.Method.invoke(Method.java:580)\r\n\tat java.base/java.util.ArrayList.forEach(ArrayList.java:1596)\r\n\tat java.base/java.util.ArrayList.forEach(ArrayList.java:1596)\r\n"},"start":1764771701738,"stop":1764771715407,"duration":13669,"description":"","flaky":false,"muted":false,"known":false,"hidden":true,"labels":[{"name":"junit.platform.uniqueid","value":"[engine:junit-jupiter]/[class:ex2.bookstore.test.BookstoreTest]/[method:testAddNewProduct()]"},{"name":"host","value":"ANILSON-MARIO"},{"name":"thread","value":"16012@ANILSON-MARIO.main(1)"},{"name":"framework","value":"junit-platform"},{"name":"language","value":"java"},{"name":"package","value":"ex2.bookstore.test.BookstoreTest"},{"name":"testClass","value":"ex2.bookstore.test.BookstoreTest"},{"name":"testMethod","value":"testAddNewProduct"},{"name":"suite","value":"ex2.bookstore.test.BookstoreTest"}],"steps":[],"parameters":[],"links":[],"hostId":"ANILSON-MARIO","threadId":"16012@ANILSON-MARIO.main(1)","sourceMetadata":{"readerId":"allure2","metadata":{"originalFileName":"0eaf76c8-5a10-4db8-aa4f-3db35898a3e6-result.json"}},"titlePath":[],"environment":"default","transition":"new"},{"id":"21cc0159205cdd38786f28eacce615ba","name":"testAddNewProduct()","testCase":{"id":"074f42ac1395703518e71b3fa3b574ad","name":"testAddNewProduct()","fullName":"ex2.bookstore.test.BookstoreTest.testAddNewProduct"},"fullName":"ex2.bookstore.test.BookstoreTest.testAddNewProduct","historyId":"074f42ac1395703518e71b3fa3b574ad.d41d8cd98f00b204e9800998ecf8427e","status":"failed","error":{"message":"Element not found {vaadin-grid}\r\nExpected: visible\r\nPage source: file:/C:/Users/anils/OneDrive/Documentos/Trabalhos/3º%20ano/1º%20semestre/Engenharia%20de%20Software/demo1/build/reports/tests/1764771585934.0.html\r\nTimeout: 10 s.\r\nCaused by: NoSuchWindowException: no such window: target window already closed","trace":"Element not found {vaadin-grid}\r\nExpected: visible\r\nPage source: file:/C:/Users/anils/OneDrive/Documentos/Trabalhos/3º%20ano/1º%20semestre/Engenharia%20de%20Software/demo1/build/reports/tests/1764771585934.0.html\r\nTimeout: 10 s.\r\nCaused by: NoSuchWindowException: no such window: target window already closed\r\n\tat com.codeborne.selenide.impl.WebElementSource.createElementNotFoundError(WebElementSource.java:68)\r\n\tat com.codeborne.selenide.impl.ElementFinder.createElementNotFoundError(ElementFinder.java:117)\r\n\tat com.codeborne.selenide.impl.WebElementSource.handleError(WebElementSource.java:119)\r\n\tat com.codeborne.selenide.impl.WebElementSource.checkConditionAndReturnElement(WebElementSource.java:102)\r\n\tat com.codeborne.selenide.impl.WebElementSource.checkCondition(WebElementSource.java:78)\r\n\tat com.codeborne.selenide.commands.Should.execute(Should.java:24)\r\n\tat com.codeborne.selenide.FluentCommand.execute(FluentCommand.java:23)\r\n\tat com.codeborne.selenide.FluentCommand.execute(FluentCommand.java:19)\r\n\tat com.codeborne.selenide.commands.Commands.execute(Commands.java:159)\r\n\tat com.codeborne.selenide.impl.SelenideElementProxy.dispatchAndRetry(SelenideElementProxy.java:131)\r\n\tat com.codeborne.selenide.impl.SelenideElementProxy.invoke(SelenideElementProxy.java:83)\r\n\tat jdk.proxy1/jdk.proxy1.$Proxy11.shouldBe(Unknown Source)\r\n\tat ex2.bookstore.page.BookstorePage.isProductInList(BookstorePage.java:52)\r\n\tat ex2.bookstore.test.BookstoreTest.testAddNewProduct(BookstoreTest.java:48)\r\n\tat java.base/java.lang.reflect.Method.invoke(Method.java:580)\r\n\tat java.base/java.util.ArrayList.forEach(ArrayList.java:1596)\r\n\tat java.base/java.util.ArrayList.forEach(ArrayList.java:1596)\r\nCaused by: org.openqa.selenium.NoSuchWindowException: no such window: target window already closed\nfrom unknown error: web view not found\n  (Session info: chrome=142.0.7444.176)\nBuild info: version: '4.25.0', revision: '8a8aea2337'\nSystem info: os.name: 'Windows 11', os.arch: 'amd64', os.version: '10.0', java.version: '21.0.2'\nDriver info: org.openqa.selenium.chrome.ChromeDriver\nCommand: [ac1d8f5a8263ff3d1addf9b61e0920f2, findElement {using=css selector, value=vaadin-grid}]\nCapabilities {acceptInsecureCerts: true, browserName: chrome, browserVersion: 142.0.7444.176, chrome: {chromedriverVersion: 142.0.7444.175 (302067f14a4..., userDataDir: C:\\Users\\anils\\AppData\\Loca...}, fedcm:accounts: true, goog:chromeOptions: {debuggerAddress: localhost:61001}, goog:processID: 17988, networkConnectionEnabled: false, pageLoadStrategy: normal, platformName: windows, proxy: Proxy(), se:cdp: ws://localhost:61001/devtoo..., se:cdpVersion: 142.0.7444.176, setWindowRect: true, strictFileInteractability: false, timeouts: {implicit: 0, pageLoad: 300000, script: 30000}, unhandledPromptBehavior: accept, webauthn:extension:credBlob: true, webauthn:extension:largeBlob: true, webauthn:extension:minPinLength: true, webauthn:extension:prf: true, webauthn:virtualAuthenticators: true}\nSession ID: ac1d8f5a8263ff3d1addf9b61e0920f2\r\n\tat java.base/jdk.internal.reflect.DirectConstructorHandleAccessor.newInstance(DirectConstructorHandleAccessor.java:62)\r\n\tat java.base/java.lang.reflect.Constructor.newInstanceWithCaller(Constructor.java:502)\r\n\tat java.base/java.lang.reflect.Constructor.newInstance(Constructor.java:486)\r\n\tat org.openqa.selenium.remote.ErrorCodec.decode(ErrorCodec.java:167)\r\n\tat org.openqa.selenium.remote.codec.w3c.W3CHttpResponseCodec.decode(W3CHttpResponseCodec.java:138)\r\n\tat org.openqa.selenium.remote.codec.w3c.W3CHttpResponseCodec.decode(W3CHttpResponseCodec.java:50)\r\n\tat org.openqa.selenium.remote.HttpCommandExecutor.execute(HttpCommandExecutor.java:190)\r\n\tat org.openqa.selenium.remote.service.DriverCommandExecutor.invokeExecute(DriverCommandExecutor.java:216)\r\n\tat org.openqa.selenium.remote.service.DriverCommandExecutor.execute(DriverCommandExecutor.java:174)\r\n\tat org.openqa.selenium.remote.RemoteWebDriver.execute(RemoteWebDriver.java:545)\r\n\tat org.openqa.selenium.remote.ElementLocation$ElementFinder$2.findElement(ElementLocation.java:165)\r\n\tat org.openqa.selenium.remote.ElementLocation.findElement(ElementLocation.java:59)\r\n\tat org.openqa.selenium.remote.RemoteWebDriver.findElement(RemoteWebDriver.java:368)\r\n\tat org.openqa.selenium.remote.RemoteWebDriver.findElement(RemoteWebDriver.java:362)\r\n\tat com.codeborne.selenide.impl.WebElementSelector.findElement(WebElementSelector.java:64)\r\n\tat com.codeborne.selenide.impl.WebElementSelector.findElement(WebElementSelector.java:39)\r\n\tat com.codeborne.selenide.impl.WebElementSelector.findElement(WebElementSelector.java:30)\r\n\tat com.codeborne.selenide.impl.ElementFinder.getWebElement(ElementFinder.java:101)\r\n\tat com.codeborne.selenide.impl.WebElementSource.checkConditionAndReturnElement(WebElementSource.java:91)\r\n\t... 13 more\r\n"},"start":1764771552093,"stop":1764771586014,"duration":33921,"description":"","flaky":false,"muted":false,"known":false,"hidden":true,"labels":[{"name":"junit.platform.uniqueid","value":"[engine:junit-jupiter]/[class:ex2.bookstore.test.BookstoreTest]/[method:testAddNewProduct()]"},{"name":"host","value":"ANILSON-MARIO"},{"name":"thread","value":"1952@ANILSON-MARIO.main(1)"},{"name":"framework","value":"junit-platform"},{"name":"language","value":"java"},{"name":"package","value":"ex2.bookstore.test.BookstoreTest"},{"name":"testClass","value":"ex2.bookstore.test.BookstoreTest"},{"name":"testMethod","value":"testAddNewProduct"},{"name":"suite","value":"ex2.bookstore.test.BookstoreTest"}],"steps":[],"parameters":[],"links":[],"hostId":"ANILSON-MARIO","threadId":"1952@ANILSON-MARIO.main(1)","sourceMetadata":{"readerId":"allure2","metadata":{"originalFileName":"c9589beb-a745-4909-937f-166298736439-result.json"}},"titlePath":[],"environment":"default","transition":"new"},{"id":"4deb92d26d656f2774f5083a6c2fcd86","name":"testAddNewProduct()","testCase":{"id":"074f42ac1395703518e71b3fa3b574ad","name":"testAddNewProduct()","fullName":"ex2.bookstore.test.BookstoreTest.testAddNewProduct"},"fullName":"ex2.bookstore.test.BookstoreTest.testAddNewProduct","historyId":"074f42ac1395703518e71b3fa3b574ad.d41d8cd98f00b204e9800998ecf8427e","status":"failed","error":{"message":"Element not found {vaadin-integer-field}\r\nExpected: exist\r\nScreenshot: file:/C:/Users/anils/OneDrive/Documentos/Trabalhos/3º%20ano/1º%20semestre/Engenharia%20de%20Software/demo1/build/reports/tests/1764770395322.0.png\r\nPage source: file:/C:/Users/anils/OneDrive/Documentos/Trabalhos/3º%20ano/1º%20semestre/Engenharia%20de%20Software/demo1/build/reports/tests/1764770395322.0.html\r\nTimeout: 10 s.\r\nCaused by: NoSuchElementException: no such element: Unable to locate element: {\"method\":\"css selector\",\"selector\":\"vaadin-integer-field\"}","trace":"Element not found {vaadin-integer-field}\r\nExpected: exist\r\nScreenshot: file:/C:/Users/anils/OneDrive/Documentos/Trabalhos/3º%20ano/1º%20semestre/Engenharia%20de%20Software/demo1/build/reports/tests/1764770395322.0.png\r\nPage source: file:/C:/Users/anils/OneDrive/Documentos/Trabalhos/3º%20ano/1º%20semestre/Engenharia%20de%20Software/demo1/build/reports/tests/1764770395322.0.html\r\nTimeout: 10 s.\r\nCaused by: NoSuchElementException: no such element: Unable to locate element: {\"method\":\"css selector\",\"selector\":\"vaadin-integer-field\"}\r\n\tat com.codeborne.selenide.impl.WebElementSource.createElementNotFoundError(WebElementSource.java:68)\r\n\tat com.codeborne.selenide.impl.ElementFinder.createElementNotFoundError(ElementFinder.java:117)\r\n\tat com.codeborne.selenide.impl.ExceptionWrapper.wrap(ExceptionWrapper.java:25)\r\n\tat com.codeborne.selenide.impl.SelenideElementProxy.dispatchAndRetry(SelenideElementProxy.java:153)\r\n\tat com.codeborne.selenide.impl.SelenideElementProxy.invoke(SelenideElementProxy.java:83)\r\n\tat jdk.proxy1/jdk.proxy1.$Proxy11.sendKeys(Unknown Source)\r\n\tat ex2.bookstore.page.BookstorePage.fillProductDetails(BookstorePage.java:35)\r\n\tat ex2.bookstore.test.BookstoreTest.testAddNewProduct(BookstoreTest.java:41)\r\n\tat java.base/java.lang.reflect.Method.invoke(Method.java:580)\r\n\tat java.base/java.util.ArrayList.forEach(ArrayList.java:1596)\r\n\tat java.base/java.util.ArrayList.forEach(ArrayList.java:1596)\r\nCaused by: org.openqa.selenium.NoSuchElementException: no such element: Unable to locate element: {\"method\":\"css selector\",\"selector\":\"vaadin-integer-field\"}\n  (Session info: chrome=142.0.7444.176)\nFor documentation on this error, please visit: https://www.selenium.dev/documentation/webdriver/troubleshooting/errors#no-such-element-exception\nBuild info: version: '4.25.0', revision: '8a8aea2337'\nSystem info: os.name: 'Windows 11', os.arch: 'amd64', os.version: '10.0', java.version: '21.0.2'\nDriver info: org.openqa.selenium.chrome.ChromeDriver\nCommand: [5f83196ef3d44d3be5c1db14b92d0ff0, findElement {using=css selector, value=vaadin-integer-field}]\nCapabilities {acceptInsecureCerts: true, browserName: chrome, browserVersion: 142.0.7444.176, chrome: {chromedriverVersion: 142.0.7444.175 (302067f14a4..., userDataDir: C:\\Users\\anils\\AppData\\Loca...}, fedcm:accounts: true, goog:chromeOptions: {debuggerAddress: localhost:58743}, goog:processID: 20992, networkConnectionEnabled: false, pageLoadStrategy: normal, platformName: windows, proxy: Proxy(), se:cdp: ws://localhost:58743/devtoo..., se:cdpVersion: 142.0.7444.176, setWindowRect: true, strictFileInteractability: false, timeouts: {implicit: 0, pageLoad: 300000, script: 30000}, unhandledPromptBehavior: accept, webauthn:extension:credBlob: true, webauthn:extension:largeBlob: true, webauthn:extension:minPinLength: true, webauthn:extension:prf: true, webauthn:virtualAuthenticators: true}\nSession ID: 5f83196ef3d44d3be5c1db14b92d0ff0\r\n\tat java.base/jdk.internal.reflect.DirectConstructorHandleAccessor.newInstance(DirectConstructorHandleAccessor.java:62)\r\n\tat java.base/java.lang.reflect.Constructor.newInstanceWithCaller(Constructor.java:502)\r\n\tat java.base/java.lang.reflect.Constructor.newInstance(Constructor.java:486)\r\n\tat org.openqa.selenium.remote.ErrorCodec.decode(ErrorCodec.java:167)\r\n\tat org.openqa.selenium.remote.codec.w3c.W3CHttpResponseCodec.decode(W3CHttpResponseCodec.java:138)\r\n\tat org.openqa.selenium.remote.codec.w3c.W3CHttpResponseCodec.decode(W3CHttpResponseCodec.java:50)\r\n\tat org.openqa.selenium.remote.HttpCommandExecutor.execute(HttpCommandExecutor.java:190)\r\n\tat org.openqa.selenium.remote.service.DriverCommandExecutor.invokeExecute(DriverCommandExecutor.java:216)\r\n\tat org.openqa.selenium.remote.service.DriverCommandExecutor.execute(DriverCommandExecutor.java:174)\r\n\tat org.openqa.selenium.remote.RemoteWebDriver.execute(RemoteWebDriver.java:545)\r\n\tat org.openqa.selenium.remote.ElementLocation$ElementFinder$2.findElement(ElementLocation.java:165)\r\n\tat org.openqa.selenium.remote.ElementLocation.findElement(ElementLocation.java:59)\r\n\tat org.openqa.selenium.remote.RemoteWebDriver.findElement(RemoteWebDriver.java:368)\r\n\tat org.openqa.selenium.remote.RemoteWebDriver.findElement(RemoteWebDriver.java:362)\r\n\tat com.codeborne.selenide.impl.WebElementSelector.findElement(WebElementSelector.java:64)\r\n\tat com.codeborne.selenide.impl.WebElementSelector.findElement(WebElementSelector.java:39)\r\n\tat com.codeborne.selenide.impl.WebElementSelector.findElement(WebElementSelector.java:30)\r\n\tat com.codeborne.selenide.impl.ElementFinder.getWebElement(ElementFinder.java:101)\r\n\tat com.codeborne.selenide.impl.SelenideElementProxy.dispatchAndRetry(SelenideElementProxy.java:134)\r\n\t... 7 more\r\n"},"start":1764770376872,"stop":1764770395631,"duration":18759,"description":"","flaky":false,"muted":false,"known":false,"hidden":true,"labels":[{"name":"junit.platform.uniqueid","value":"[engine:junit-jupiter]/[class:ex2.bookstore.test.BookstoreTest]/[method:testAddNewProduct()]"},{"name":"host","value":"ANILSON-MARIO"},{"name":"thread","value":"25560@ANILSON-MARIO.main(1)"},{"name":"framework","value":"junit-platform"},{"name":"language","value":"java"},{"name":"package","value":"ex2.bookstore.test.BookstoreTest"},{"name":"testClass","value":"ex2.bookstore.test.BookstoreTest"},{"name":"testMethod","value":"testAddNewProduct"},{"name":"suite","value":"ex2.bookstore.test.BookstoreTest"}],"steps":[],"parameters":[],"links":[],"hostId":"ANILSON-MARIO","threadId":"25560@ANILSON-MARIO.main(1)","sourceMetadata":{"readerId":"allure2","metadata":{"originalFileName":"e4231be6-f6d6-40d3-a803-782769deb26f-result.json"}},"titlePath":[],"environment":"default","transition":"new"},{"id":"41471dcd41e3e6ec14c84c63eceef80b","name":"testAddNewProduct()","testCase":{"id":"074f42ac1395703518e71b3fa3b574ad","name":"testAddNewProduct()","fullName":"ex2.bookstore.test.BookstoreTest.testAddNewProduct"},"fullName":"ex2.bookstore.test.BookstoreTest.testAddNewProduct","historyId":"074f42ac1395703518e71b3fa3b574ad.d41d8cd98f00b204e9800998ecf8427e","status":"failed","error":{"message":"NoSuchElementException: no such element: Unable to locate element: {\"method\":\"css selector\",\"selector\":\"vaadin-form-layout\"}\r\nScreenshot: file:/C:/Users/anils/OneDrive/Documentos/Trabalhos/3º%20ano/1º%20semestre/Engenharia%20de%20Software/demo1/build/reports/tests/1764770321473.0.png\r\nPage source: file:/C:/Users/anils/OneDrive/Documentos/Trabalhos/3º%20ano/1º%20semestre/Engenharia%20de%20Software/demo1/build/reports/tests/1764770321473.0.html\r\nTimeout: 10 s.\r\nCaused by: NoSuchElementException: no such element: Unable to locate element: {\"method\":\"css selector\",\"selector\":\"vaadin-form-layout\"}","trace":"NoSuchElementException: no such element: Unable to locate element: {\"method\":\"css selector\",\"selector\":\"vaadin-form-layout\"}\r\nScreenshot: file:/C:/Users/anils/OneDrive/Documentos/Trabalhos/3º%20ano/1º%20semestre/Engenharia%20de%20Software/demo1/build/reports/tests/1764770321473.0.png\r\nPage source: file:/C:/Users/anils/OneDrive/Documentos/Trabalhos/3º%20ano/1º%20semestre/Engenharia%20de%20Software/demo1/build/reports/tests/1764770321473.0.html\r\nTimeout: 10 s.\r\nCaused by: NoSuchElementException: no such element: Unable to locate element: {\"method\":\"css selector\",\"selector\":\"vaadin-form-layout\"}\r\n\tat com.codeborne.selenide.ex.UIAssertionError.wrapToUIAssertionError(UIAssertionError.java:121)\r\n\tat com.codeborne.selenide.ex.UIAssertionError.wrapThrowable(UIAssertionError.java:103)\r\n\tat com.codeborne.selenide.ex.UIAssertionError.wrap(UIAssertionError.java:98)\r\n\tat com.codeborne.selenide.impl.SelenideElementProxy.invoke(SelenideElementProxy.java:93)\r\n\tat jdk.proxy1/jdk.proxy1.$Proxy11.sendKeys(Unknown Source)\r\n\tat ex2.bookstore.page.BookstorePage.fillProductDetails(BookstorePage.java:25)\r\n\tat ex2.bookstore.test.BookstoreTest.testAddNewProduct(BookstoreTest.java:41)\r\n\tat java.base/java.lang.reflect.Method.invoke(Method.java:580)\r\n\tat java.base/java.util.ArrayList.forEach(ArrayList.java:1596)\r\n\tat java.base/java.util.ArrayList.forEach(ArrayList.java:1596)\r\nCaused by: org.openqa.selenium.NoSuchElementException: no such element: Unable to locate element: {\"method\":\"css selector\",\"selector\":\"vaadin-form-layout\"}\n  (Session info: chrome=142.0.7444.176)\nFor documentation on this error, please visit: https://www.selenium.dev/documentation/webdriver/troubleshooting/errors#no-such-element-exception\nBuild info: version: '4.25.0', revision: '8a8aea2337'\nSystem info: os.name: 'Windows 11', os.arch: 'amd64', os.version: '10.0', java.version: '21.0.2'\nDriver info: org.openqa.selenium.chrome.ChromeDriver\nCommand: [cb09ee3d1af39692d3709d5d7b54c277, findElement {using=css selector, value=vaadin-form-layout}]\nCapabilities {acceptInsecureCerts: true, browserName: chrome, browserVersion: 142.0.7444.176, chrome: {chromedriverVersion: 142.0.7444.175 (302067f14a4..., userDataDir: C:\\Users\\anils\\AppData\\Loca...}, fedcm:accounts: true, goog:chromeOptions: {debuggerAddress: localhost:63208}, goog:processID: 6856, networkConnectionEnabled: false, pageLoadStrategy: normal, platformName: windows, proxy: Proxy(), se:cdp: ws://localhost:63208/devtoo..., se:cdpVersion: 142.0.7444.176, setWindowRect: true, strictFileInteractability: false, timeouts: {implicit: 0, pageLoad: 300000, script: 30000}, unhandledPromptBehavior: accept, webauthn:extension:credBlob: true, webauthn:extension:largeBlob: true, webauthn:extension:minPinLength: true, webauthn:extension:prf: true, webauthn:virtualAuthenticators: true}\nSession ID: cb09ee3d1af39692d3709d5d7b54c277\r\n\tat java.base/jdk.internal.reflect.DirectConstructorHandleAccessor.newInstance(DirectConstructorHandleAccessor.java:62)\r\n\tat java.base/java.lang.reflect.Constructor.newInstanceWithCaller(Constructor.java:502)\r\n\tat java.base/java.lang.reflect.Constructor.newInstance(Constructor.java:486)\r\n\tat org.openqa.selenium.remote.ErrorCodec.decode(ErrorCodec.java:167)\r\n\tat org.openqa.selenium.remote.codec.w3c.W3CHttpResponseCodec.decode(W3CHttpResponseCodec.java:138)\r\n\tat org.openqa.selenium.remote.codec.w3c.W3CHttpResponseCodec.decode(W3CHttpResponseCodec.java:50)\r\n\tat org.openqa.selenium.remote.HttpCommandExecutor.execute(HttpCommandExecutor.java:190)\r\n\tat org.openqa.selenium.remote.service.DriverCommandExecutor.invokeExecute(DriverCommandExecutor.java:216)\r\n\tat org.openqa.selenium.remote.service.DriverCommandExecutor.execute(DriverCommandExecutor.java:174)\r\n\tat org.openqa.selenium.remote.RemoteWebDriver.execute(RemoteWebDriver.java:545)\r\n\tat org.openqa.selenium.remote.ElementLocation$ElementFinder$2.findElement(ElementLocation.java:165)\r\n\tat org.openqa.selenium.remote.ElementLocation.findElement(ElementLocation.java:59)\r\n\tat org.openqa.selenium.remote.RemoteWebDriver.findElement(RemoteWebDriver.java:368)\r\n\tat org.openqa.selenium.remote.RemoteWebDriver.findElement(RemoteWebDriver.java:362)\r\n\tat com.codeborne.selenide.impl.WebElementSelector.findElement(WebElementSelector.java:64)\r\n\tat com.codeborne.selenide.impl.WebElementSelector.findElement(WebElementSelector.java:39)\r\n\tat com.codeborne.selenide.impl.WebElementSelector.findElement(WebElementSelector.java:30)\r\n\tat com.codeborne.selenide.impl.ElementFinder.getWebElement(ElementFinder.java:101)\r\n\tat com.codeborne.selenide.impl.WebElementSelector.findElements(WebElementSelector.java:50)\r\n\tat com.codeborne.selenide.impl.BySelectorCollection.getElements(BySelectorCollection.java:35)\r\n\tat com.codeborne.selenide.impl.CollectionElement.createElementNotFoundError(CollectionElement.java:57)\r\n\tat com.codeborne.selenide.impl.ExceptionWrapper.wrap(ExceptionWrapper.java:25)\r\n\tat com.codeborne.selenide.impl.SelenideElementProxy.dispatchAndRetry(SelenideElementProxy.java:153)\r\n\tat com.codeborne.selenide.impl.SelenideElementProxy.invoke(SelenideElementProxy.java:83)\r\n\t... 6 more\r\n"},"start":1764770301961,"stop":1764770321805,"duration":19844,"description":"","flaky":false,"muted":false,"known":false,"hidden":true,"labels":[{"name":"junit.platform.uniqueid","value":"[engine:junit-jupiter]/[class:ex2.bookstore.test.BookstoreTest]/[method:testAddNewProduct()]"},{"name":"host","value":"ANILSON-MARIO"},{"name":"thread","value":"2028@ANILSON-MARIO.main(1)"},{"name":"framework","value":"junit-platform"},{"name":"language","value":"java"},{"name":"package","value":"ex2.bookstore.test.BookstoreTest"},{"name":"testClass","value":"ex2.bookstore.test.BookstoreTest"},{"name":"testMethod","value":"testAddNewProduct"},{"name":"suite","value":"ex2.bookstore.test.BookstoreTest"}],"steps":[],"parameters":[],"links":[],"hostId":"ANILSON-MARIO","threadId":"2028@ANILSON-MARIO.main(1)","sourceMetadata":{"readerId":"allure2","metadata":{"originalFileName":"ea094bd1-d2cd-4a4e-acbc-462c335636ae-result.json"}},"titlePath":[],"environment":"default","transition":"new"},{"id":"af35f1b1ac5b79b979ee1c3419b52fe6","name":"testAddNewProduct()","testCase":{"id":"074f42ac1395703518e71b3fa3b574ad","name":"testAddNewProduct()","fullName":"ex2.bookstore.test.BookstoreTest.testAddNewProduct"},"fullName":"ex2.bookstore.test.BookstoreTest.testAddNewProduct","historyId":"074f42ac1395703518e71b3fa3b574ad.d41d8cd98f00b204e9800998ecf8427e","status":"failed","error":{"message":"Element not found {vaadin-integer-field}\r\nExpected: exist\r\nScreenshot: file:/C:/Users/anils/OneDrive/Documentos/Trabalhos/3º%20ano/1º%20semestre/Engenharia%20de%20Software/demo1/build/reports/tests/1764770159988.0.png\r\nPage source: file:/C:/Users/anils/OneDrive/Documentos/Trabalhos/3º%20ano/1º%20semestre/Engenharia%20de%20Software/demo1/build/reports/tests/1764770159988.0.html\r\nTimeout: 10 s.\r\nCaused by: NoSuchElementException: no such element: Unable to locate element: {\"method\":\"css selector\",\"selector\":\"vaadin-integer-field\"}","trace":"Element not found {vaadin-integer-field}\r\nExpected: exist\r\nScreenshot: file:/C:/Users/anils/OneDrive/Documentos/Trabalhos/3º%20ano/1º%20semestre/Engenharia%20de%20Software/demo1/build/reports/tests/1764770159988.0.png\r\nPage source: file:/C:/Users/anils/OneDrive/Documentos/Trabalhos/3º%20ano/1º%20semestre/Engenharia%20de%20Software/demo1/build/reports/tests/1764770159988.0.html\r\nTimeout: 10 s.\r\nCaused by: NoSuchElementException: no such element: Unable to locate element: {\"method\":\"css selector\",\"selector\":\"vaadin-integer-field\"}\r\n\tat com.codeborne.selenide.impl.WebElementSource.createElementNotFoundError(WebElementSource.java:68)\r\n\tat com.codeborne.selenide.impl.ElementFinder.createElementNotFoundError(ElementFinder.java:117)\r\n\tat com.codeborne.selenide.impl.ExceptionWrapper.wrap(ExceptionWrapper.java:25)\r\n\tat com.codeborne.selenide.impl.SelenideElementProxy.dispatchAndRetry(SelenideElementProxy.java:153)\r\n\tat com.codeborne.selenide.impl.SelenideElementProxy.invoke(SelenideElementProxy.java:83)\r\n\tat jdk.proxy1/jdk.proxy1.$Proxy11.sendKeys(Unknown Source)\r\n\tat ex2.bookstore.page.BookstorePage.fillProductDetails(BookstorePage.java:35)\r\n\tat ex2.bookstore.test.BookstoreTest.testAddNewProduct(BookstoreTest.java:41)\r\n\tat java.base/java.lang.reflect.Method.invoke(Method.java:580)\r\n\tat java.base/java.util.ArrayList.forEach(ArrayList.java:1596)\r\n\tat java.base/java.util.ArrayList.forEach(ArrayList.java:1596)\r\nCaused by: org.openqa.selenium.NoSuchElementException: no such element: Unable to locate element: {\"method\":\"css selector\",\"selector\":\"vaadin-integer-field\"}\n  (Session info: chrome=142.0.7444.176)\nFor documentation on this error, please visit: https://www.selenium.dev/documentation/webdriver/troubleshooting/errors#no-such-element-exception\nBuild info: version: '4.25.0', revision: '8a8aea2337'\nSystem info: os.name: 'Windows 11', os.arch: 'amd64', os.version: '10.0', java.version: '21.0.2'\nDriver info: org.openqa.selenium.chrome.ChromeDriver\nCommand: [6037825628b83c266351e97160eb4175, findElement {value=vaadin-integer-field, using=css selector}]\nCapabilities {acceptInsecureCerts: true, browserName: chrome, browserVersion: 142.0.7444.176, chrome: {chromedriverVersion: 142.0.7444.175 (302067f14a4..., userDataDir: C:\\Users\\anils\\AppData\\Loca...}, fedcm:accounts: true, goog:chromeOptions: {debuggerAddress: localhost:53675}, goog:processID: 24624, networkConnectionEnabled: false, pageLoadStrategy: normal, platformName: windows, proxy: Proxy(), se:cdp: ws://localhost:53675/devtoo..., se:cdpVersion: 142.0.7444.176, setWindowRect: true, strictFileInteractability: false, timeouts: {implicit: 0, pageLoad: 300000, script: 30000}, unhandledPromptBehavior: accept, webauthn:extension:credBlob: true, webauthn:extension:largeBlob: true, webauthn:extension:minPinLength: true, webauthn:extension:prf: true, webauthn:virtualAuthenticators: true}\nSession ID: 6037825628b83c266351e97160eb4175\r\n\tat java.base/jdk.internal.reflect.DirectConstructorHandleAccessor.newInstance(DirectConstructorHandleAccessor.java:62)\r\n\tat java.base/java.lang.reflect.Constructor.newInstanceWithCaller(Constructor.java:502)\r\n\tat java.base/java.lang.reflect.Constructor.newInstance(Constructor.java:486)\r\n\tat org.openqa.selenium.remote.ErrorCodec.decode(ErrorCodec.java:167)\r\n\tat org.openqa.selenium.remote.codec.w3c.W3CHttpResponseCodec.decode(W3CHttpResponseCodec.java:138)\r\n\tat org.openqa.selenium.remote.codec.w3c.W3CHttpResponseCodec.decode(W3CHttpResponseCodec.java:50)\r\n\tat org.openqa.selenium.remote.HttpCommandExecutor.execute(HttpCommandExecutor.java:190)\r\n\tat org.openqa.selenium.remote.service.DriverCommandExecutor.invokeExecute(DriverCommandExecutor.java:216)\r\n\tat org.openqa.selenium.remote.service.DriverCommandExecutor.execute(DriverCommandExecutor.java:174)\r\n\tat org.openqa.selenium.remote.RemoteWebDriver.execute(RemoteWebDriver.java:545)\r\n\tat org.openqa.selenium.remote.ElementLocation$ElementFinder$2.findElement(ElementLocation.java:165)\r\n\tat org.openqa.selenium.remote.ElementLocation.findElement(ElementLocation.java:59)\r\n\tat org.openqa.selenium.remote.RemoteWebDriver.findElement(RemoteWebDriver.java:368)\r\n\tat org.openqa.selenium.remote.RemoteWebDriver.findElement(RemoteWebDriver.java:362)\r\n\tat com.codeborne.selenide.impl.WebElementSelector.findElement(WebElementSelector.java:64)\r\n\tat com.codeborne.selenide.impl.WebElementSelector.findElement(WebElementSelector.java:39)\r\n\tat com.codeborne.selenide.impl.WebElementSelector.findElement(WebElementSelector.java:30)\r\n\tat com.codeborne.selenide.impl.ElementFinder.getWebElement(ElementFinder.java:101)\r\n\tat com.codeborne.selenide.impl.SelenideElementProxy.dispatchAndRetry(SelenideElementProxy.java:134)\r\n\t... 7 more\r\n"},"start":1764770141193,"stop":1764770160267,"duration":19074,"description":"","flaky":false,"muted":false,"known":false,"hidden":true,"labels":[{"name":"junit.platform.uniqueid","value":"[engine:junit-jupiter]/[class:ex2.bookstore.test.BookstoreTest]/[method:testAddNewProduct()]"},{"name":"host","value":"ANILSON-MARIO"},{"name":"thread","value":"18332@ANILSON-MARIO.main(1)"},{"name":"framework","value":"junit-platform"},{"name":"language","value":"java"},{"name":"package","value":"ex2.bookstore.test.BookstoreTest"},{"name":"testClass","value":"ex2.bookstore.test.BookstoreTest"},{"name":"testMethod","value":"testAddNewProduct"},{"name":"suite","value":"ex2.bookstore.test.BookstoreTest"}],"steps":[],"parameters":[],"links":[],"hostId":"ANILSON-MARIO","threadId":"18332@ANILSON-MARIO.main(1)","sourceMetadata":{"readerId":"allure2","metadata":{"originalFileName":"bd09505e-ffaf-4ebb-bc59-4f59f8037f52-result.json"}},"titlePath":[],"environment":"default","transition":"new"},{"id":"97f320d3d9c42c07e0ac190e4b7b811b","name":"testAddNewProduct()","testCase":{"id":"074f42ac1395703518e71b3fa3b574ad","name":"testAddNewProduct()","fullName":"ex2.bookstore.test.BookstoreTest.testAddNewProduct"},"fullName":"ex2.bookstore.test.BookstoreTest.testAddNewProduct","historyId":"074f42ac1395703518e71b3fa3b574ad.d41d8cd98f00b204e9800998ecf8427e","status":"failed","error":{"message":"Element not found {vaadin-form-layout}\r\nExpected: visible\r\nScreenshot: file:/C:/Users/anils/OneDrive/Documentos/Trabalhos/3º%20ano/1º%20semestre/Engenharia%20de%20Software/demo1/build/reports/tests/1764770104674.0.png\r\nPage source: file:/C:/Users/anils/OneDrive/Documentos/Trabalhos/3º%20ano/1º%20semestre/Engenharia%20de%20Software/demo1/build/reports/tests/1764770104674.0.html\r\nTimeout: 10 s.\r\nCaused by: NoSuchElementException: no such element: Unable to locate element: {\"method\":\"css selector\",\"selector\":\"vaadin-form-layout\"}","trace":"Element not found {vaadin-form-layout}\r\nExpected: visible\r\nScreenshot: file:/C:/Users/anils/OneDrive/Documentos/Trabalhos/3º%20ano/1º%20semestre/Engenharia%20de%20Software/demo1/build/reports/tests/1764770104674.0.png\r\nPage source: file:/C:/Users/anils/OneDrive/Documentos/Trabalhos/3º%20ano/1º%20semestre/Engenharia%20de%20Software/demo1/build/reports/tests/1764770104674.0.html\r\nTimeout: 10 s.\r\nCaused by: NoSuchElementException: no such element: Unable to locate element: {\"method\":\"css selector\",\"selector\":\"vaadin-form-layout\"}\r\n\tat com.codeborne.selenide.impl.WebElementSource.createElementNotFoundError(WebElementSource.java:68)\r\n\tat com.codeborne.selenide.impl.ElementFinder.createElementNotFoundError(ElementFinder.java:117)\r\n\tat com.codeborne.selenide.impl.WebElementSource.handleError(WebElementSource.java:119)\r\n\tat com.codeborne.selenide.impl.WebElementSource.checkConditionAndReturnElement(WebElementSource.java:102)\r\n\tat com.codeborne.selenide.impl.WebElementSource.checkCondition(WebElementSource.java:78)\r\n\tat com.codeborne.selenide.commands.Should.execute(Should.java:24)\r\n\tat com.codeborne.selenide.FluentCommand.execute(FluentCommand.java:23)\r\n\tat com.codeborne.selenide.FluentCommand.execute(FluentCommand.java:19)\r\n\tat com.codeborne.selenide.commands.Commands.execute(Commands.java:159)\r\n\tat com.codeborne.selenide.impl.SelenideElementProxy.dispatchAndRetry(SelenideElementProxy.java:131)\r\n\tat com.codeborne.selenide.impl.SelenideElementProxy.invoke(SelenideElementProxy.java:83)\r\n\tat jdk.proxy1/jdk.proxy1.$Proxy11.shouldBe(Unknown Source)\r\n\tat ex2.bookstore.page.BookstorePage.fillProductDetails(BookstorePage.java:22)\r\n\tat ex2.bookstore.test.BookstoreTest.testAddNewProduct(BookstoreTest.java:41)\r\n\tat java.base/java.lang.reflect.Method.invoke(Method.java:580)\r\n\tat java.base/java.util.ArrayList.forEach(ArrayList.java:1596)\r\n\tat java.base/java.util.ArrayList.forEach(ArrayList.java:1596)\r\nCaused by: org.openqa.selenium.NoSuchElementException: no such element: Unable to locate element: {\"method\":\"css selector\",\"selector\":\"vaadin-form-layout\"}\n  (Session info: chrome=142.0.7444.176)\nFor documentation on this error, please visit: https://www.selenium.dev/documentation/webdriver/troubleshooting/errors#no-such-element-exception\nBuild info: version: '4.25.0', revision: '8a8aea2337'\nSystem info: os.name: 'Windows 11', os.arch: 'amd64', os.version: '10.0', java.version: '21.0.2'\nDriver info: org.openqa.selenium.chrome.ChromeDriver\nCommand: [d1f7800bb2e23c383c6f4a374e710658, findElement {value=vaadin-form-layout, using=css selector}]\nCapabilities {acceptInsecureCerts: true, browserName: chrome, browserVersion: 142.0.7444.176, chrome: {chromedriverVersion: 142.0.7444.175 (302067f14a4..., userDataDir: C:\\Users\\anils\\AppData\\Loca...}, fedcm:accounts: true, goog:chromeOptions: {debuggerAddress: localhost:53983}, goog:processID: 28888, networkConnectionEnabled: false, pageLoadStrategy: normal, platformName: windows, proxy: Proxy(), se:cdp: ws://localhost:53983/devtoo..., se:cdpVersion: 142.0.7444.176, setWindowRect: true, strictFileInteractability: false, timeouts: {implicit: 0, pageLoad: 300000, script: 30000}, unhandledPromptBehavior: accept, webauthn:extension:credBlob: true, webauthn:extension:largeBlob: true, webauthn:extension:minPinLength: true, webauthn:extension:prf: true, webauthn:virtualAuthenticators: true}\nSession ID: d1f7800bb2e23c383c6f4a374e710658\r\n\tat java.base/jdk.internal.reflect.DirectConstructorHandleAccessor.newInstance(DirectConstructorHandleAccessor.java:62)\r\n\tat java.base/java.lang.reflect.Constructor.newInstanceWithCaller(Constructor.java:502)\r\n\tat java.base/java.lang.reflect.Constructor.newInstance(Constructor.java:486)\r\n\tat org.openqa.selenium.remote.ErrorCodec.decode(ErrorCodec.java:167)\r\n\tat org.openqa.selenium.remote.codec.w3c.W3CHttpResponseCodec.decode(W3CHttpResponseCodec.java:138)\r\n\tat org.openqa.selenium.remote.codec.w3c.W3CHttpResponseCodec.decode(W3CHttpResponseCodec.java:50)\r\n\tat org.openqa.selenium.remote.HttpCommandExecutor.execute(HttpCommandExecutor.java:190)\r\n\tat org.openqa.selenium.remote.service.DriverCommandExecutor.invokeExecute(DriverCommandExecutor.java:216)\r\n\tat org.openqa.selenium.remote.service.DriverCommandExecutor.execute(DriverCommandExecutor.java:174)\r\n\tat org.openqa.selenium.remote.RemoteWebDriver.execute(RemoteWebDriver.java:545)\r\n\tat org.openqa.selenium.remote.ElementLocation$ElementFinder$2.findElement(ElementLocation.java:165)\r\n\tat org.openqa.selenium.remote.ElementLocation.findElement(ElementLocation.java:59)\r\n\tat org.openqa.selenium.remote.RemoteWebDriver.findElement(RemoteWebDriver.java:368)\r\n\tat org.openqa.selenium.remote.RemoteWebDriver.findElement(RemoteWebDriver.java:362)\r\n\tat com.codeborne.selenide.impl.WebElementSelector.findElement(WebElementSelector.java:64)\r\n\tat com.codeborne.selenide.impl.WebElementSelector.findElement(WebElementSelector.java:39)\r\n\tat com.codeborne.selenide.impl.WebElementSelector.findElement(WebElementSelector.java:30)\r\n\tat com.codeborne.selenide.impl.ElementFinder.getWebElement(ElementFinder.java:101)\r\n\tat com.codeborne.selenide.impl.WebElementSource.checkConditionAndReturnElement(WebElementSource.java:91)\r\n\t... 13 more\r\n"},"start":1764770086557,"stop":1764770104982,"duration":18425,"description":"","flaky":false,"muted":false,"known":false,"hidden":true,"labels":[{"name":"junit.platform.uniqueid","value":"[engine:junit-jupiter]/[class:ex2.bookstore.test.BookstoreTest]/[method:testAddNewProduct()]"},{"name":"host","value":"ANILSON-MARIO"},{"name":"thread","value":"2716@ANILSON-MARIO.main(1)"},{"name":"framework","value":"junit-platform"},{"name":"language","value":"java"},{"name":"package","value":"ex2.bookstore.test.BookstoreTest"},{"name":"testClass","value":"ex2.bookstore.test.BookstoreTest"},{"name":"testMethod","value":"testAddNewProduct"},{"name":"suite","value":"ex2.bookstore.test.BookstoreTest"}],"steps":[],"parameters":[],"links":[],"hostId":"ANILSON-MARIO","threadId":"2716@ANILSON-MARIO.main(1)","sourceMetadata":{"readerId":"allure2","metadata":{"originalFileName":"ec9a9d44-d5c6-409c-bf48-2858e8757232-result.json"}},"titlePath":[],"environment":"default","transition":"new"},{"id":"6ce7198949bcf25ad270032612157928","name":"testAddNewProduct()","testCase":{"id":"074f42ac1395703518e71b3fa3b574ad","name":"testAddNewProduct()","fullName":"ex2.bookstore.test.BookstoreTest.testAddNewProduct"},"fullName":"ex2.bookstore.test.BookstoreTest.testAddNewProduct","historyId":"074f42ac1395703518e71b3fa3b574ad.d41d8cd98f00b204e9800998ecf8427e","status":"failed","error":{"message":"NoSuchSessionException: invalid session id: session deleted as the browser has closed the connection\r\nPage source: file:/C:/Users/anils/OneDrive/Documentos/Trabalhos/3º%20ano/1º%20semestre/Engenharia%20de%20Software/demo1/build/reports/tests/1764769842939.0.html\r\nTimeout: 10 s.\r\nCaused by: NoSuchSessionException: invalid session id: session deleted as the browser has closed the connection","trace":"NoSuchSessionException: invalid session id: session deleted as the browser has closed the connection\r\nPage source: file:/C:/Users/anils/OneDrive/Documentos/Trabalhos/3º%20ano/1º%20semestre/Engenharia%20de%20Software/demo1/build/reports/tests/1764769842939.0.html\r\nTimeout: 10 s.\r\nCaused by: NoSuchSessionException: invalid session id: session deleted as the browser has closed the connection\r\n\tat com.codeborne.selenide.ex.UIAssertionError.wrapToUIAssertionError(UIAssertionError.java:121)\r\n\tat com.codeborne.selenide.ex.UIAssertionError.wrapThrowable(UIAssertionError.java:103)\r\n\tat com.codeborne.selenide.ex.UIAssertionError.wrap(UIAssertionError.java:98)\r\n\tat com.codeborne.selenide.impl.SelenideElementProxy.invoke(SelenideElementProxy.java:93)\r\n\tat jdk.proxy1/jdk.proxy1.$Proxy11.sendKeys(Unknown Source)\r\n\tat ex2.bookstore.page.BookstorePage.fillProductDetails(BookstorePage.java:35)\r\n\tat ex2.bookstore.test.BookstoreTest.testAddNewProduct(BookstoreTest.java:41)\r\n\tat java.base/java.lang.reflect.Method.invoke(Method.java:580)\r\n\tat java.base/java.util.ArrayList.forEach(ArrayList.java:1596)\r\n\tat java.base/java.util.ArrayList.forEach(ArrayList.java:1596)\r\nCaused by: org.openqa.selenium.NoSuchSessionException: invalid session id: session deleted as the browser has closed the connection\nfrom disconnected: not connected to DevTools\n  (Session info: chrome=142.0.7444.176)\nBuild info: version: '4.25.0', revision: '8a8aea2337'\nSystem info: os.name: 'Windows 11', os.arch: 'amd64', os.version: '10.0', java.version: '21.0.2'\nDriver info: org.openqa.selenium.chrome.ChromeDriver\nCommand: [c3234e28ae3b7260363b32308eaa1f4b, findElement {using=css selector, value=vaadin-integer-field}]\nCapabilities {acceptInsecureCerts: true, browserName: chrome, browserVersion: 142.0.7444.176, chrome: {chromedriverVersion: 142.0.7444.175 (302067f14a4..., userDataDir: C:\\Users\\anils\\AppData\\Loca...}, fedcm:accounts: true, goog:chromeOptions: {debuggerAddress: localhost:57060}, goog:processID: 5436, networkConnectionEnabled: false, pageLoadStrategy: normal, platformName: windows, proxy: Proxy(), se:cdp: ws://localhost:57060/devtoo..., se:cdpVersion: 142.0.7444.176, setWindowRect: true, strictFileInteractability: false, timeouts: {implicit: 0, pageLoad: 300000, script: 30000}, unhandledPromptBehavior: accept, webauthn:extension:credBlob: true, webauthn:extension:largeBlob: true, webauthn:extension:minPinLength: true, webauthn:extension:prf: true, webauthn:virtualAuthenticators: true}\nSession ID: c3234e28ae3b7260363b32308eaa1f4b\r\n\tat java.base/jdk.internal.reflect.DirectConstructorHandleAccessor.newInstance(DirectConstructorHandleAccessor.java:62)\r\n\tat java.base/java.lang.reflect.Constructor.newInstanceWithCaller(Constructor.java:502)\r\n\tat java.base/java.lang.reflect.Constructor.newInstance(Constructor.java:486)\r\n\tat org.openqa.selenium.remote.ErrorCodec.decode(ErrorCodec.java:167)\r\n\tat org.openqa.selenium.remote.codec.w3c.W3CHttpResponseCodec.decode(W3CHttpResponseCodec.java:138)\r\n\tat org.openqa.selenium.remote.codec.w3c.W3CHttpResponseCodec.decode(W3CHttpResponseCodec.java:50)\r\n\tat org.openqa.selenium.remote.HttpCommandExecutor.execute(HttpCommandExecutor.java:190)\r\n\tat org.openqa.selenium.remote.service.DriverCommandExecutor.invokeExecute(DriverCommandExecutor.java:216)\r\n\tat org.openqa.selenium.remote.service.DriverCommandExecutor.execute(DriverCommandExecutor.java:174)\r\n\tat org.openqa.selenium.remote.RemoteWebDriver.execute(RemoteWebDriver.java:545)\r\n\tat org.openqa.selenium.remote.ElementLocation$ElementFinder$2.findElement(ElementLocation.java:165)\r\n\tat org.openqa.selenium.remote.ElementLocation.findElement(ElementLocation.java:59)\r\n\tat org.openqa.selenium.remote.RemoteWebDriver.findElement(RemoteWebDriver.java:368)\r\n\tat org.openqa.selenium.remote.RemoteWebDriver.findElement(RemoteWebDriver.java:362)\r\n\tat com.codeborne.selenide.impl.WebElementSelector.findElement(WebElementSelector.java:64)\r\n\tat com.codeborne.selenide.impl.WebElementSelector.findElement(WebElementSelector.java:39)\r\n\tat com.codeborne.selenide.impl.WebElementSelector.findElement(WebElementSelector.java:30)\r\n\tat com.codeborne.selenide.impl.ElementFinder.getWebElement(ElementFinder.java:101)\r\n\tat com.codeborne.selenide.impl.SelenideElementProxy.dispatchAndRetry(SelenideElementProxy.java:134)\r\n\tat com.codeborne.selenide.impl.SelenideElementProxy.invoke(SelenideElementProxy.java:83)\r\n\t... 6 more\r\n"},"start":1764769828536,"stop":1764769843145,"duration":14609,"description":"","flaky":false,"muted":false,"known":false,"hidden":true,"labels":[{"name":"junit.platform.uniqueid","value":"[engine:junit-jupiter]/[class:ex2.bookstore.test.BookstoreTest]/[method:testAddNewProduct()]"},{"name":"host","value":"ANILSON-MARIO"},{"name":"thread","value":"22320@ANILSON-MARIO.main(1)"},{"name":"framework","value":"junit-platform"},{"name":"language","value":"java"},{"name":"package","value":"ex2.bookstore.test.BookstoreTest"},{"name":"testClass","value":"ex2.bookstore.test.BookstoreTest"},{"name":"testMethod","value":"testAddNewProduct"},{"name":"suite","value":"ex2.bookstore.test.BookstoreTest"}],"steps":[],"parameters":[],"links":[],"hostId":"ANILSON-MARIO","threadId":"22320@ANILSON-MARIO.main(1)","sourceMetadata":{"readerId":"allure2","metadata":{"originalFileName":"e934c475-b107-42b6-a48a-98eeea85d64b-result.json"}},"titlePath":[],"environment":"default","transition":"new"},{"id":"d9b5da7876750872d3da6522cc5ca5cc","name":"testAddNewProduct()","testCase":{"id":"074f42ac1395703518e71b3fa3b574ad","name":"testAddNewProduct()","fullName":"ex2.bookstore.test.BookstoreTest.testAddNewProduct"},"fullName":"ex2.bookstore.test.BookstoreTest.testAddNewProduct","historyId":"074f42ac1395703518e71b3fa3b574ad.d41d8cd98f00b204e9800998ecf8427e","status":"failed","error":{"message":"Element not found {vaadin-text-field-label-3[0]}\r\nExpected: visible\r\nScreenshot: file:/C:/Users/anils/OneDrive/Documentos/Trabalhos/3º%20ano/1º%20semestre/Engenharia%20de%20Software/demo1/build/reports/tests/1764696967969.0.png\r\nPage source: file:/C:/Users/anils/OneDrive/Documentos/Trabalhos/3º%20ano/1º%20semestre/Engenharia%20de%20Software/demo1/build/reports/tests/1764696967969.0.html\r\nTimeout: 10 s.\r\nCaused by: NoSuchElementException: no such element: Unable to locate element: {\"method\":\"css selector\",\"selector\":\"vaadin-text-field-label-3\"}","trace":"Element not found {vaadin-text-field-label-3[0]}\r\nExpected: visible\r\nScreenshot: file:/C:/Users/anils/OneDrive/Documentos/Trabalhos/3º%20ano/1º%20semestre/Engenharia%20de%20Software/demo1/build/reports/tests/1764696967969.0.png\r\nPage source: file:/C:/Users/anils/OneDrive/Documentos/Trabalhos/3º%20ano/1º%20semestre/Engenharia%20de%20Software/demo1/build/reports/tests/1764696967969.0.html\r\nTimeout: 10 s.\r\nCaused by: NoSuchElementException: no such element: Unable to locate element: {\"method\":\"css selector\",\"selector\":\"vaadin-text-field-label-3\"}\r\n\tat com.codeborne.selenide.impl.CollectionElement.createElementNotFoundError(CollectionElement.java:58)\r\n\tat com.codeborne.selenide.impl.WebElementSource.handleError(WebElementSource.java:119)\r\n\tat com.codeborne.selenide.impl.WebElementSource.checkConditionAndReturnElement(WebElementSource.java:102)\r\n\tat com.codeborne.selenide.impl.WebElementSource.checkCondition(WebElementSource.java:78)\r\n\tat com.codeborne.selenide.commands.Should.execute(Should.java:24)\r\n\tat com.codeborne.selenide.FluentCommand.execute(FluentCommand.java:23)\r\n\tat com.codeborne.selenide.FluentCommand.execute(FluentCommand.java:19)\r\n\tat com.codeborne.selenide.commands.Commands.execute(Commands.java:159)\r\n\tat com.codeborne.selenide.impl.SelenideElementProxy.dispatchAndRetry(SelenideElementProxy.java:131)\r\n\tat com.codeborne.selenide.impl.SelenideElementProxy.invoke(SelenideElementProxy.java:83)\r\n\tat jdk.proxy1/jdk.proxy1.$Proxy11.shouldBe(Unknown Source)\r\n\tat ex2.bookstore.page.BookstorePage.fillProductDetails(BookstorePage.java:25)\r\n\tat ex2.bookstore.test.BookstoreTest.testAddNewProduct(BookstoreTest.java:41)\r\n\tat java.base/java.lang.reflect.Method.invoke(Method.java:580)\r\n\tat java.base/java.util.ArrayList.forEach(ArrayList.java:1596)\r\n\tat java.base/java.util.ArrayList.forEach(ArrayList.java:1596)\r\nCaused by: org.openqa.selenium.NoSuchElementException: no such element: Unable to locate element: {\"method\":\"css selector\",\"selector\":\"vaadin-text-field-label-3\"}\n  (Session info: chrome=142.0.7444.176)\nFor documentation on this error, please visit: https://www.selenium.dev/documentation/webdriver/troubleshooting/errors#no-such-element-exception\nBuild info: version: '4.25.0', revision: '8a8aea2337'\nSystem info: os.name: 'Windows 11', os.arch: 'amd64', os.version: '10.0', java.version: '21.0.2'\nDriver info: org.openqa.selenium.chrome.ChromeDriver\nCommand: [466576b3c03c77d21f701134874e75c1, findElement {using=css selector, value=vaadin-text-field-label-3}]\nCapabilities {acceptInsecureCerts: true, browserName: chrome, browserVersion: 142.0.7444.176, chrome: {chromedriverVersion: 142.0.7444.175 (302067f14a4..., userDataDir: C:\\Users\\anils\\AppData\\Loca...}, fedcm:accounts: true, goog:chromeOptions: {debuggerAddress: localhost:51518}, goog:processID: 9404, networkConnectionEnabled: false, pageLoadStrategy: normal, platformName: windows, proxy: Proxy(), se:cdp: ws://localhost:51518/devtoo..., se:cdpVersion: 142.0.7444.176, setWindowRect: true, strictFileInteractability: false, timeouts: {implicit: 0, pageLoad: 300000, script: 30000}, unhandledPromptBehavior: accept, webauthn:extension:credBlob: true, webauthn:extension:largeBlob: true, webauthn:extension:minPinLength: true, webauthn:extension:prf: true, webauthn:virtualAuthenticators: true}\nSession ID: 466576b3c03c77d21f701134874e75c1\r\n\tat java.base/jdk.internal.reflect.DirectConstructorHandleAccessor.newInstance(DirectConstructorHandleAccessor.java:62)\r\n\tat java.base/java.lang.reflect.Constructor.newInstanceWithCaller(Constructor.java:502)\r\n\tat java.base/java.lang.reflect.Constructor.newInstance(Constructor.java:486)\r\n\tat org.openqa.selenium.remote.ErrorCodec.decode(ErrorCodec.java:167)\r\n\tat org.openqa.selenium.remote.codec.w3c.W3CHttpResponseCodec.decode(W3CHttpResponseCodec.java:138)\r\n\tat org.openqa.selenium.remote.codec.w3c.W3CHttpResponseCodec.decode(W3CHttpResponseCodec.java:50)\r\n\tat org.openqa.selenium.remote.HttpCommandExecutor.execute(HttpCommandExecutor.java:190)\r\n\tat org.openqa.selenium.remote.service.DriverCommandExecutor.invokeExecute(DriverCommandExecutor.java:216)\r\n\tat org.openqa.selenium.remote.service.DriverCommandExecutor.execute(DriverCommandExecutor.java:174)\r\n\tat org.openqa.selenium.remote.RemoteWebDriver.execute(RemoteWebDriver.java:545)\r\n\tat org.openqa.selenium.remote.ElementLocation$ElementFinder$2.findElement(ElementLocation.java:165)\r\n\tat org.openqa.selenium.remote.ElementLocation.findElement(ElementLocation.java:59)\r\n\tat org.openqa.selenium.remote.RemoteWebDriver.findElement(RemoteWebDriver.java:368)\r\n\tat org.openqa.selenium.remote.RemoteWebDriver.findElement(RemoteWebDriver.java:362)\r\n\tat com.codeborne.selenide.impl.WebElementSelector.findElement(WebElementSelector.java:64)\r\n\tat com.codeborne.selenide.impl.WebElementSelector.findElement(WebElementSelector.java:39)\r\n\tat com.codeborne.selenide.impl.WebElementSelector.findElement(WebElementSelector.java:30)\r\n\tat com.codeborne.selenide.impl.BySelectorCollection.getElement(BySelectorCollection.java:40)\r\n\tat com.codeborne.selenide.impl.CollectionElement.getWebElement(CollectionElement.java:42)\r\n\tat com.codeborne.selenide.impl.WebElementSource.checkConditionAndReturnElement(WebElementSource.java:91)\r\n\t... 13 more\r\n"},"start":1764696947605,"stop":1764696968676,"duration":21071,"description":"","flaky":false,"muted":false,"known":false,"hidden":true,"labels":[{"name":"junit.platform.uniqueid","value":"[engine:junit-jupiter]/[class:ex2.bookstore.test.BookstoreTest]/[method:testAddNewProduct()]"},{"name":"host","value":"ANILSON-MARIO"},{"name":"thread","value":"33060@ANILSON-MARIO.main(1)"},{"name":"framework","value":"junit-platform"},{"name":"language","value":"java"},{"name":"package","value":"ex2.bookstore.test.BookstoreTest"},{"name":"testClass","value":"ex2.bookstore.test.BookstoreTest"},{"name":"testMethod","value":"testAddNewProduct"},{"name":"suite","value":"ex2.bookstore.test.BookstoreTest"}],"steps":[],"parameters":[],"links":[],"hostId":"ANILSON-MARIO","threadId":"33060@ANILSON-MARIO.main(1)","sourceMetadata":{"readerId":"allure2","metadata":{"originalFileName":"4ab60c30-60e7-4938-bb8a-1deef89d429d-result.json"}},"titlePath":[],"environment":"default","transition":"new"},{"id":"17180cac2a759dbfa84c2d8b04fd1fc8","name":"testAddNewProduct()","testCase":{"id":"074f42ac1395703518e71b3fa3b574ad","name":"testAddNewProduct()","fullName":"ex2.bookstore.test.BookstoreTest.testAddNewProduct"},"fullName":"ex2.bookstore.test.BookstoreTest.testAddNewProduct","historyId":"074f42ac1395703518e71b3fa3b574ad.d41d8cd98f00b204e9800998ecf8427e","status":"failed","error":{"message":"Element not found {vaadin-text-field-input-3[0]}\r\nExpected: visible\r\nScreenshot: file:/C:/Users/anils/OneDrive/Documentos/Trabalhos/3º%20ano/1º%20semestre/Engenharia%20de%20Software/demo1/build/reports/tests/1764696913335.0.png\r\nPage source: file:/C:/Users/anils/OneDrive/Documentos/Trabalhos/3º%20ano/1º%20semestre/Engenharia%20de%20Software/demo1/build/reports/tests/1764696913335.0.html\r\nTimeout: 10 s.\r\nCaused by: NoSuchElementException: no such element: Unable to locate element: {\"method\":\"css selector\",\"selector\":\"vaadin-text-field-input-3\"}","trace":"Element not found {vaadin-text-field-input-3[0]}\r\nExpected: visible\r\nScreenshot: file:/C:/Users/anils/OneDrive/Documentos/Trabalhos/3º%20ano/1º%20semestre/Engenharia%20de%20Software/demo1/build/reports/tests/1764696913335.0.png\r\nPage source: file:/C:/Users/anils/OneDrive/Documentos/Trabalhos/3º%20ano/1º%20semestre/Engenharia%20de%20Software/demo1/build/reports/tests/1764696913335.0.html\r\nTimeout: 10 s.\r\nCaused by: NoSuchElementException: no such element: Unable to locate element: {\"method\":\"css selector\",\"selector\":\"vaadin-text-field-input-3\"}\r\n\tat com.codeborne.selenide.impl.CollectionElement.createElementNotFoundError(CollectionElement.java:58)\r\n\tat com.codeborne.selenide.impl.WebElementSource.handleError(WebElementSource.java:119)\r\n\tat com.codeborne.selenide.impl.WebElementSource.checkConditionAndReturnElement(WebElementSource.java:102)\r\n\tat com.codeborne.selenide.impl.WebElementSource.checkCondition(WebElementSource.java:78)\r\n\tat com.codeborne.selenide.commands.Should.execute(Should.java:24)\r\n\tat com.codeborne.selenide.FluentCommand.execute(FluentCommand.java:23)\r\n\tat com.codeborne.selenide.FluentCommand.execute(FluentCommand.java:19)\r\n\tat com.codeborne.selenide.commands.Commands.execute(Commands.java:159)\r\n\tat com.codeborne.selenide.impl.SelenideElementProxy.dispatchAndRetry(SelenideElementProxy.java:131)\r\n\tat com.codeborne.selenide.impl.SelenideElementProxy.invoke(SelenideElementProxy.java:83)\r\n\tat jdk.proxy1/jdk.proxy1.$Proxy11.shouldBe(Unknown Source)\r\n\tat ex2.bookstore.page.BookstorePage.fillProductDetails(BookstorePage.java:25)\r\n\tat ex2.bookstore.test.BookstoreTest.testAddNewProduct(BookstoreTest.java:41)\r\n\tat java.base/java.lang.reflect.Method.invoke(Method.java:580)\r\n\tat java.base/java.util.ArrayList.forEach(ArrayList.java:1596)\r\n\tat java.base/java.util.ArrayList.forEach(ArrayList.java:1596)\r\nCaused by: org.openqa.selenium.NoSuchElementException: no such element: Unable to locate element: {\"method\":\"css selector\",\"selector\":\"vaadin-text-field-input-3\"}\n  (Session info: chrome=142.0.7444.176)\nFor documentation on this error, please visit: https://www.selenium.dev/documentation/webdriver/troubleshooting/errors#no-such-element-exception\nBuild info: version: '4.25.0', revision: '8a8aea2337'\nSystem info: os.name: 'Windows 11', os.arch: 'amd64', os.version: '10.0', java.version: '21.0.2'\nDriver info: org.openqa.selenium.chrome.ChromeDriver\nCommand: [982608404c872323f7248d56bc54b043, findElement {using=css selector, value=vaadin-text-field-input-3}]\nCapabilities {acceptInsecureCerts: true, browserName: chrome, browserVersion: 142.0.7444.176, chrome: {chromedriverVersion: 142.0.7444.175 (302067f14a4..., userDataDir: C:\\Users\\anils\\AppData\\Loca...}, fedcm:accounts: true, goog:chromeOptions: {debuggerAddress: localhost:61276}, goog:processID: 8100, networkConnectionEnabled: false, pageLoadStrategy: normal, platformName: windows, proxy: Proxy(), se:cdp: ws://localhost:61276/devtoo..., se:cdpVersion: 142.0.7444.176, setWindowRect: true, strictFileInteractability: false, timeouts: {implicit: 0, pageLoad: 300000, script: 30000}, unhandledPromptBehavior: accept, webauthn:extension:credBlob: true, webauthn:extension:largeBlob: true, webauthn:extension:minPinLength: true, webauthn:extension:prf: true, webauthn:virtualAuthenticators: true}\nSession ID: 982608404c872323f7248d56bc54b043\r\n\tat java.base/jdk.internal.reflect.DirectConstructorHandleAccessor.newInstance(DirectConstructorHandleAccessor.java:62)\r\n\tat java.base/java.lang.reflect.Constructor.newInstanceWithCaller(Constructor.java:502)\r\n\tat java.base/java.lang.reflect.Constructor.newInstance(Constructor.java:486)\r\n\tat org.openqa.selenium.remote.ErrorCodec.decode(ErrorCodec.java:167)\r\n\tat org.openqa.selenium.remote.codec.w3c.W3CHttpResponseCodec.decode(W3CHttpResponseCodec.java:138)\r\n\tat org.openqa.selenium.remote.codec.w3c.W3CHttpResponseCodec.decode(W3CHttpResponseCodec.java:50)\r\n\tat org.openqa.selenium.remote.HttpCommandExecutor.execute(HttpCommandExecutor.java:190)\r\n\tat org.openqa.selenium.remote.service.DriverCommandExecutor.invokeExecute(DriverCommandExecutor.java:216)\r\n\tat org.openqa.selenium.remote.service.DriverCommandExecutor.execute(DriverCommandExecutor.java:174)\r\n\tat org.openqa.selenium.remote.RemoteWebDriver.execute(RemoteWebDriver.java:545)\r\n\tat org.openqa.selenium.remote.ElementLocation$ElementFinder$2.findElement(ElementLocation.java:165)\r\n\tat org.openqa.selenium.remote.ElementLocation.findElement(ElementLocation.java:59)\r\n\tat org.openqa.selenium.remote.RemoteWebDriver.findElement(RemoteWebDriver.java:368)\r\n\tat org.openqa.selenium.remote.RemoteWebDriver.findElement(RemoteWebDriver.java:362)\r\n\tat com.codeborne.selenide.impl.WebElementSelector.findElement(WebElementSelector.java:64)\r\n\tat com.codeborne.selenide.impl.WebElementSelector.findElement(WebElementSelector.java:39)\r\n\tat com.codeborne.selenide.impl.WebElementSelector.findElement(WebElementSelector.java:30)\r\n\tat com.codeborne.selenide.impl.BySelectorCollection.getElement(BySelectorCollection.java:40)\r\n\tat com.codeborne.selenide.impl.CollectionElement.getWebElement(CollectionElement.java:42)\r\n\tat com.codeborne.selenide.impl.WebElementSource.checkConditionAndReturnElement(WebElementSource.java:91)\r\n\t... 13 more\r\n"},"start":1764696893594,"stop":1764696913995,"duration":20401,"description":"","flaky":false,"muted":false,"known":false,"hidden":true,"labels":[{"name":"junit.platform.uniqueid","value":"[engine:junit-jupiter]/[class:ex2.bookstore.test.BookstoreTest]/[method:testAddNewProduct()]"},{"name":"host","value":"ANILSON-MARIO"},{"name":"thread","value":"24008@ANILSON-MARIO.main(1)"},{"name":"framework","value":"junit-platform"},{"name":"language","value":"java"},{"name":"package","value":"ex2.bookstore.test.BookstoreTest"},{"name":"testClass","value":"ex2.bookstore.test.BookstoreTest"},{"name":"testMethod","value":"testAddNewProduct"},{"name":"suite","value":"ex2.bookstore.test.BookstoreTest"}],"steps":[],"parameters":[],"links":[],"hostId":"ANILSON-MARIO","threadId":"24008@ANILSON-MARIO.main(1)","sourceMetadata":{"readerId":"allure2","metadata":{"originalFileName":"992292a3-edf3-4465-bc5b-4c2fe5eac14d-result.json"}},"titlePath":[],"environment":"default","transition":"new"},{"id":"60f288cfd78cc446e3a5508916308032","name":"testAddNewProduct()","testCase":{"id":"074f42ac1395703518e71b3fa3b574ad","name":"testAddNewProduct()","fullName":"ex2.bookstore.test.BookstoreTest.testAddNewProduct"},"fullName":"ex2.bookstore.test.BookstoreTest.testAddNewProduct","historyId":"074f42ac1395703518e71b3fa3b574ad.d41d8cd98f00b204e9800998ecf8427e","status":"failed","error":{"message":"NoSuchSessionException: invalid session id: session deleted as the browser has closed the connection\r\nPage source: file:/C:/Users/anils/OneDrive/Documentos/Trabalhos/3º%20ano/1º%20semestre/Engenharia%20de%20Software/demo1/build/reports/tests/1764696780889.0.html\r\nTimeout: 10 s.\r\nCaused by: NoSuchSessionException: invalid session id: session deleted as the browser has closed the connection","trace":"NoSuchSessionException: invalid session id: session deleted as the browser has closed the connection\r\nPage source: file:/C:/Users/anils/OneDrive/Documentos/Trabalhos/3º%20ano/1º%20semestre/Engenharia%20de%20Software/demo1/build/reports/tests/1764696780889.0.html\r\nTimeout: 10 s.\r\nCaused by: NoSuchSessionException: invalid session id: session deleted as the browser has closed the connection\r\n\tat com.codeborne.selenide.ex.UIAssertionError.wrapToUIAssertionError(UIAssertionError.java:121)\r\n\tat com.codeborne.selenide.ex.UIAssertionError.wrapThrowable(UIAssertionError.java:103)\r\n\tat com.codeborne.selenide.ex.UIAssertionError.wrap(UIAssertionError.java:98)\r\n\tat com.codeborne.selenide.impl.SelenideElementProxy.invoke(SelenideElementProxy.java:93)\r\n\tat jdk.proxy1/jdk.proxy1.$Proxy11.sendKeys(Unknown Source)\r\n\tat ex2.bookstore.page.BookstorePage.fillProductDetails(BookstorePage.java:35)\r\n\tat ex2.bookstore.test.BookstoreTest.testAddNewProduct(BookstoreTest.java:40)\r\n\tat java.base/java.lang.reflect.Method.invoke(Method.java:580)\r\n\tat java.base/java.util.ArrayList.forEach(ArrayList.java:1596)\r\n\tat java.base/java.util.ArrayList.forEach(ArrayList.java:1596)\r\nCaused by: org.openqa.selenium.NoSuchSessionException: invalid session id: session deleted as the browser has closed the connection\nfrom disconnected: not connected to DevTools\n  (Session info: chrome=142.0.7444.176)\nBuild info: version: '4.25.0', revision: '8a8aea2337'\nSystem info: os.name: 'Windows 11', os.arch: 'amd64', os.version: '10.0', java.version: '21.0.2'\nDriver info: org.openqa.selenium.chrome.ChromeDriver\nCommand: [c3a1694bf53a3b44cb8284383ba5a30f, findElement {value=vaadin-integer-field, using=css selector}]\nCapabilities {acceptInsecureCerts: true, browserName: chrome, browserVersion: 142.0.7444.176, chrome: {chromedriverVersion: 142.0.7444.175 (302067f14a4..., userDataDir: C:\\Users\\anils\\AppData\\Loca...}, fedcm:accounts: true, goog:chromeOptions: {debuggerAddress: localhost:65443}, goog:processID: 33928, networkConnectionEnabled: false, pageLoadStrategy: normal, platformName: windows, proxy: Proxy(), se:cdp: ws://localhost:65443/devtoo..., se:cdpVersion: 142.0.7444.176, setWindowRect: true, strictFileInteractability: false, timeouts: {implicit: 0, pageLoad: 300000, script: 30000}, unhandledPromptBehavior: accept, webauthn:extension:credBlob: true, webauthn:extension:largeBlob: true, webauthn:extension:minPinLength: true, webauthn:extension:prf: true, webauthn:virtualAuthenticators: true}\nSession ID: c3a1694bf53a3b44cb8284383ba5a30f\r\n\tat java.base/jdk.internal.reflect.DirectConstructorHandleAccessor.newInstance(DirectConstructorHandleAccessor.java:62)\r\n\tat java.base/java.lang.reflect.Constructor.newInstanceWithCaller(Constructor.java:502)\r\n\tat java.base/java.lang.reflect.Constructor.newInstance(Constructor.java:486)\r\n\tat org.openqa.selenium.remote.ErrorCodec.decode(ErrorCodec.java:167)\r\n\tat org.openqa.selenium.remote.codec.w3c.W3CHttpResponseCodec.decode(W3CHttpResponseCodec.java:138)\r\n\tat org.openqa.selenium.remote.codec.w3c.W3CHttpResponseCodec.decode(W3CHttpResponseCodec.java:50)\r\n\tat org.openqa.selenium.remote.HttpCommandExecutor.execute(HttpCommandExecutor.java:190)\r\n\tat org.openqa.selenium.remote.service.DriverCommandExecutor.invokeExecute(DriverCommandExecutor.java:216)\r\n\tat org.openqa.selenium.remote.service.DriverCommandExecutor.execute(DriverCommandExecutor.java:174)\r\n\tat org.openqa.selenium.remote.RemoteWebDriver.execute(RemoteWebDriver.java:545)\r\n\tat org.openqa.selenium.remote.ElementLocation$ElementFinder$2.findElement(ElementLocation.java:165)\r\n\tat org.openqa.selenium.remote.ElementLocation.findElement(ElementLocation.java:59)\r\n\tat org.openqa.selenium.remote.RemoteWebDriver.findElement(RemoteWebDriver.java:368)\r\n\tat org.openqa.selenium.remote.RemoteWebDriver.findElement(RemoteWebDriver.java:362)\r\n\tat com.codeborne.selenide.impl.WebElementSelector.findElement(WebElementSelector.java:64)\r\n\tat com.codeborne.selenide.impl.WebElementSelector.findElement(WebElementSelector.java:39)\r\n\tat com.codeborne.selenide.impl.WebElementSelector.findElement(WebElementSelector.java:30)\r\n\tat com.codeborne.selenide.impl.ElementFinder.getWebElement(ElementFinder.java:101)\r\n\tat com.codeborne.selenide.impl.SelenideElementProxy.dispatchAndRetry(SelenideElementProxy.java:134)\r\n\tat com.codeborne.selenide.impl.SelenideElementProxy.invoke(SelenideElementProxy.java:83)\r\n\t... 6 more\r\n"},"start":1764696767095,"stop":1764696781135,"duration":14040,"description":"","flaky":false,"muted":false,"known":false,"hidden":true,"labels":[{"name":"junit.platform.uniqueid","value":"[engine:junit-jupiter]/[class:ex2.bookstore.test.BookstoreTest]/[method:testAddNewProduct()]"},{"name":"host","value":"ANILSON-MARIO"},{"name":"thread","value":"9764@ANILSON-MARIO.main(1)"},{"name":"framework","value":"junit-platform"},{"name":"language","value":"java"},{"name":"package","value":"ex2.bookstore.test.BookstoreTest"},{"name":"testClass","value":"ex2.bookstore.test.BookstoreTest"},{"name":"testMethod","value":"testAddNewProduct"},{"name":"suite","value":"ex2.bookstore.test.BookstoreTest"}],"steps":[],"parameters":[],"links":[],"hostId":"ANILSON-MARIO","threadId":"9764@ANILSON-MARIO.main(1)","sourceMetadata":{"readerId":"allure2","metadata":{"originalFileName":"e75a9374-cf16-4204-bb10-fcd4d9677d37-result.json"}},"titlePath":[],"environment":"default","transition":"new"},{"id":"56ad8b2c440204decd1275faadf2af7d","name":"testAddNewProduct()","testCase":{"id":"074f42ac1395703518e71b3fa3b574ad","name":"testAddNewProduct()","fullName":"ex2.bookstore.test.BookstoreTest.testAddNewProduct"},"fullName":"ex2.bookstore.test.BookstoreTest.testAddNewProduct","historyId":"074f42ac1395703518e71b3fa3b574ad.d41d8cd98f00b204e9800998ecf8427e","status":"failed","error":{"message":"NoSuchSessionException: invalid session id: session deleted as the browser has closed the connection\r\nPage source: file:/C:/Users/anils/OneDrive/Documentos/Trabalhos/3º%20ano/1º%20semestre/Engenharia%20de%20Software/demo1/build/reports/tests/1764696678796.0.html\r\nTimeout: 10 s.\r\nCaused by: NoSuchSessionException: invalid session id: session deleted as the browser has closed the connection","trace":"NoSuchSessionException: invalid session id: session deleted as the browser has closed the connection\r\nPage source: file:/C:/Users/anils/OneDrive/Documentos/Trabalhos/3º%20ano/1º%20semestre/Engenharia%20de%20Software/demo1/build/reports/tests/1764696678796.0.html\r\nTimeout: 10 s.\r\nCaused by: NoSuchSessionException: invalid session id: session deleted as the browser has closed the connection\r\n\tat com.codeborne.selenide.ex.UIAssertionError.wrapToUIAssertionError(UIAssertionError.java:121)\r\n\tat com.codeborne.selenide.ex.UIAssertionError.wrapThrowable(UIAssertionError.java:103)\r\n\tat com.codeborne.selenide.ex.UIAssertionError.wrap(UIAssertionError.java:98)\r\n\tat com.codeborne.selenide.impl.SelenideElementProxy.invoke(SelenideElementProxy.java:93)\r\n\tat jdk.proxy1/jdk.proxy1.$Proxy11.sendKeys(Unknown Source)\r\n\tat ex2.bookstore.page.BookstorePage.fillProductDetails(BookstorePage.java:35)\r\n\tat ex2.bookstore.test.BookstoreTest.testAddNewProduct(BookstoreTest.java:41)\r\n\tat java.base/java.lang.reflect.Method.invoke(Method.java:580)\r\n\tat java.base/java.util.ArrayList.forEach(ArrayList.java:1596)\r\n\tat java.base/java.util.ArrayList.forEach(ArrayList.java:1596)\r\nCaused by: org.openqa.selenium.NoSuchSessionException: invalid session id: session deleted as the browser has closed the connection\nfrom disconnected: not connected to DevTools\n  (Session info: chrome=142.0.7444.176)\nBuild info: version: '4.25.0', revision: '8a8aea2337'\nSystem info: os.name: 'Windows 11', os.arch: 'amd64', os.version: '10.0', java.version: '21.0.2'\nDriver info: org.openqa.selenium.chrome.ChromeDriver\nCommand: [ab234fce43fc03f11eee07eafe8710d6, findElement {using=css selector, value=vaadin-integer-field}]\nCapabilities {acceptInsecureCerts: true, browserName: chrome, browserVersion: 142.0.7444.176, chrome: {chromedriverVersion: 142.0.7444.175 (302067f14a4..., userDataDir: C:\\Users\\anils\\AppData\\Loca...}, fedcm:accounts: true, goog:chromeOptions: {debuggerAddress: localhost:65349}, goog:processID: 9040, networkConnectionEnabled: false, pageLoadStrategy: normal, platformName: windows, proxy: Proxy(), se:cdp: ws://localhost:65349/devtoo..., se:cdpVersion: 142.0.7444.176, setWindowRect: true, strictFileInteractability: false, timeouts: {implicit: 0, pageLoad: 300000, script: 30000}, unhandledPromptBehavior: accept, webauthn:extension:credBlob: true, webauthn:extension:largeBlob: true, webauthn:extension:minPinLength: true, webauthn:extension:prf: true, webauthn:virtualAuthenticators: true}\nSession ID: ab234fce43fc03f11eee07eafe8710d6\r\n\tat java.base/jdk.internal.reflect.DirectConstructorHandleAccessor.newInstance(DirectConstructorHandleAccessor.java:62)\r\n\tat java.base/java.lang.reflect.Constructor.newInstanceWithCaller(Constructor.java:502)\r\n\tat java.base/java.lang.reflect.Constructor.newInstance(Constructor.java:486)\r\n\tat org.openqa.selenium.remote.ErrorCodec.decode(ErrorCodec.java:167)\r\n\tat org.openqa.selenium.remote.codec.w3c.W3CHttpResponseCodec.decode(W3CHttpResponseCodec.java:138)\r\n\tat org.openqa.selenium.remote.codec.w3c.W3CHttpResponseCodec.decode(W3CHttpResponseCodec.java:50)\r\n\tat org.openqa.selenium.remote.HttpCommandExecutor.execute(HttpCommandExecutor.java:190)\r\n\tat org.openqa.selenium.remote.service.DriverCommandExecutor.invokeExecute(DriverCommandExecutor.java:216)\r\n\tat org.openqa.selenium.remote.service.DriverCommandExecutor.execute(DriverCommandExecutor.java:174)\r\n\tat org.openqa.selenium.remote.RemoteWebDriver.execute(RemoteWebDriver.java:545)\r\n\tat org.openqa.selenium.remote.ElementLocation$ElementFinder$2.findElement(ElementLocation.java:165)\r\n\tat org.openqa.selenium.remote.ElementLocation.findElement(ElementLocation.java:59)\r\n\tat org.openqa.selenium.remote.RemoteWebDriver.findElement(RemoteWebDriver.java:368)\r\n\tat org.openqa.selenium.remote.RemoteWebDriver.findElement(RemoteWebDriver.java:362)\r\n\tat com.codeborne.selenide.impl.WebElementSelector.findElement(WebElementSelector.java:64)\r\n\tat com.codeborne.selenide.impl.WebElementSelector.findElement(WebElementSelector.java:39)\r\n\tat com.codeborne.selenide.impl.WebElementSelector.findElement(WebElementSelector.java:30)\r\n\tat com.codeborne.selenide.impl.ElementFinder.getWebElement(ElementFinder.java:101)\r\n\tat com.codeborne.selenide.impl.SelenideElementProxy.dispatchAndRetry(SelenideElementProxy.java:134)\r\n\tat com.codeborne.selenide.impl.SelenideElementProxy.invoke(SelenideElementProxy.java:83)\r\n\t... 6 more\r\n"},"start":1764696663276,"stop":1764696679053,"duration":15777,"description":"","flaky":false,"muted":false,"known":false,"hidden":true,"labels":[{"name":"junit.platform.uniqueid","value":"[engine:junit-jupiter]/[class:ex2.bookstore.test.BookstoreTest]/[method:testAddNewProduct()]"},{"name":"host","value":"ANILSON-MARIO"},{"name":"thread","value":"9384@ANILSON-MARIO.main(1)"},{"name":"framework","value":"junit-platform"},{"name":"language","value":"java"},{"name":"package","value":"ex2.bookstore.test.BookstoreTest"},{"name":"testClass","value":"ex2.bookstore.test.BookstoreTest"},{"name":"testMethod","value":"testAddNewProduct"},{"name":"suite","value":"ex2.bookstore.test.BookstoreTest"}],"steps":[],"parameters":[],"links":[],"hostId":"ANILSON-MARIO","threadId":"9384@ANILSON-MARIO.main(1)","sourceMetadata":{"readerId":"allure2","metadata":{"originalFileName":"b43825e5-698b-4096-9f86-0cccf0e2d322-result.json"}},"titlePath":[],"environment":"default","transition":"new"},{"id":"5d560a5ddd73963ac510ee619449b36c","name":"testAddNewProduct()","testCase":{"id":"074f42ac1395703518e71b3fa3b574ad","name":"testAddNewProduct()","fullName":"ex2.bookstore.test.BookstoreTest.testAddNewProduct"},"fullName":"ex2.bookstore.test.BookstoreTest.testAddNewProduct","historyId":"074f42ac1395703518e71b3fa3b574ad.d41d8cd98f00b204e9800998ecf8427e","status":"failed","error":{"message":"Invalid element state [By.name: username]: invalid element state\r\nScreenshot: file:/C:/Users/anils/OneDrive/Documentos/Trabalhos/3º%20ano/1º%20semestre/Engenharia%20de%20Software/demo1/build/reports/tests/1764696617826.0.png\r\nPage source: file:/C:/Users/anils/OneDrive/Documentos/Trabalhos/3º%20ano/1º%20semestre/Engenharia%20de%20Software/demo1/build/reports/tests/1764696617826.0.html\r\nTimeout: 10 s.\r\nCaused by: InvalidElementStateException: invalid element state","trace":"Invalid element state [By.name: username]: invalid element state\r\nScreenshot: file:/C:/Users/anils/OneDrive/Documentos/Trabalhos/3º%20ano/1º%20semestre/Engenharia%20de%20Software/demo1/build/reports/tests/1764696617826.0.png\r\nPage source: file:/C:/Users/anils/OneDrive/Documentos/Trabalhos/3º%20ano/1º%20semestre/Engenharia%20de%20Software/demo1/build/reports/tests/1764696617826.0.html\r\nTimeout: 10 s.\r\nCaused by: InvalidElementStateException: invalid element state\r\n\tat com.codeborne.selenide.impl.ExceptionWrapper.wrap(ExceptionWrapper.java:19)\r\n\tat com.codeborne.selenide.impl.SelenideElementProxy.dispatchAndRetry(SelenideElementProxy.java:153)\r\n\tat com.codeborne.selenide.impl.SelenideElementProxy.invoke(SelenideElementProxy.java:83)\r\n\tat jdk.proxy1/jdk.proxy1.$Proxy11.setValue(Unknown Source)\r\n\tat ex2.bookstore.page.LoginPage.login(LoginPage.java:12)\r\n\tat ex2.bookstore.test.BookstoreTest.testAddNewProduct(BookstoreTest.java:36)\r\n\tat java.base/java.lang.reflect.Method.invoke(Method.java:580)\r\n\tat java.base/java.util.ArrayList.forEach(ArrayList.java:1596)\r\n\tat java.base/java.util.ArrayList.forEach(ArrayList.java:1596)\r\nCaused by: org.openqa.selenium.InvalidElementStateException: invalid element state\n  (Session info: chrome=142.0.7444.176)\nBuild info: version: '4.25.0', revision: '8a8aea2337'\nSystem info: os.name: 'Windows 11', os.arch: 'amd64', os.version: '10.0', java.version: '21.0.2'\nDriver info: org.openqa.selenium.chrome.ChromeDriver\nCommand: [3a859b7bc6d550260ed0ddfa6f3d20c2, clearElement {id=f.F1992F59B6EAF98A73F801B51EB4F777.d.63700A2B5D0CB8B4463A65B3ED2FA956.e.13}]\nCapabilities {acceptInsecureCerts: true, browserName: chrome, browserVersion: 142.0.7444.176, chrome: {chromedriverVersion: 142.0.7444.175 (302067f14a4..., userDataDir: C:\\Users\\anils\\AppData\\Loca...}, fedcm:accounts: true, goog:chromeOptions: {debuggerAddress: localhost:56813}, goog:processID: 15776, networkConnectionEnabled: false, pageLoadStrategy: normal, platformName: windows, proxy: Proxy(), se:cdp: ws://localhost:56813/devtoo..., se:cdpVersion: 142.0.7444.176, setWindowRect: true, strictFileInteractability: false, timeouts: {implicit: 0, pageLoad: 300000, script: 30000}, unhandledPromptBehavior: accept, webauthn:extension:credBlob: true, webauthn:extension:largeBlob: true, webauthn:extension:minPinLength: true, webauthn:extension:prf: true, webauthn:virtualAuthenticators: true}\nElement: [[ChromeDriver: chrome on windows (3a859b7bc6d550260ed0ddfa6f3d20c2)] -> name: username]\nSession ID: 3a859b7bc6d550260ed0ddfa6f3d20c2\r\n\tat java.base/jdk.internal.reflect.DirectConstructorHandleAccessor.newInstance(DirectConstructorHandleAccessor.java:62)\r\n\tat java.base/java.lang.reflect.Constructor.newInstanceWithCaller(Constructor.java:502)\r\n\tat java.base/java.lang.reflect.Constructor.newInstance(Constructor.java:486)\r\n\tat org.openqa.selenium.remote.ErrorCodec.decode(ErrorCodec.java:167)\r\n\tat org.openqa.selenium.remote.codec.w3c.W3CHttpResponseCodec.decode(W3CHttpResponseCodec.java:138)\r\n\tat org.openqa.selenium.remote.codec.w3c.W3CHttpResponseCodec.decode(W3CHttpResponseCodec.java:50)\r\n\tat org.openqa.selenium.remote.HttpCommandExecutor.execute(HttpCommandExecutor.java:190)\r\n\tat org.openqa.selenium.remote.service.DriverCommandExecutor.invokeExecute(DriverCommandExecutor.java:216)\r\n\tat org.openqa.selenium.remote.service.DriverCommandExecutor.execute(DriverCommandExecutor.java:174)\r\n\tat org.openqa.selenium.remote.RemoteWebDriver.execute(RemoteWebDriver.java:545)\r\n\tat org.openqa.selenium.remote.RemoteWebElement.execute(RemoteWebElement.java:223)\r\n\tat org.openqa.selenium.remote.RemoteWebElement.clear(RemoteWebElement.java:129)\r\n\tat com.codeborne.selenide.commands.Clear.clear(Clear.java:63)\r\n\tat com.codeborne.selenide.commands.SetValue.setValueForTextInput(SetValue.java:64)\r\n\tat com.codeborne.selenide.commands.SetValue.execute(SetValue.java:38)\r\n\tat com.codeborne.selenide.FluentCommand.execute(FluentCommand.java:23)\r\n\tat com.codeborne.selenide.FluentCommand.execute(FluentCommand.java:19)\r\n\tat com.codeborne.selenide.commands.Commands.execute(Commands.java:159)\r\n\tat com.codeborne.selenide.impl.SelenideElementProxy.dispatchAndRetry(SelenideElementProxy.java:131)\r\n\t... 7 more\r\n"},"start":1764696601332,"stop":1764696618346,"duration":17014,"description":"","flaky":false,"muted":false,"known":false,"hidden":true,"labels":[{"name":"junit.platform.uniqueid","value":"[engine:junit-jupiter]/[class:ex2.bookstore.test.BookstoreTest]/[method:testAddNewProduct()]"},{"name":"host","value":"ANILSON-MARIO"},{"name":"thread","value":"35440@ANILSON-MARIO.main(1)"},{"name":"framework","value":"junit-platform"},{"name":"language","value":"java"},{"name":"package","value":"ex2.bookstore.test.BookstoreTest"},{"name":"testClass","value":"ex2.bookstore.test.BookstoreTest"},{"name":"testMethod","value":"testAddNewProduct"},{"name":"suite","value":"ex2.bookstore.test.BookstoreTest"}],"steps":[],"parameters":[],"links":[],"hostId":"ANILSON-MARIO","threadId":"35440@ANILSON-MARIO.main(1)","sourceMetadata":{"readerId":"allure2","metadata":{"originalFileName":"c65f476a-d390-435d-be97-61f366e40da5-result.json"}},"titlePath":[],"environment":"default","transition":"new"},{"id":"5ff30b42d77b7a2a6610b17aa6927bce","name":"testAddNewProduct()","testCase":{"id":"074f42ac1395703518e71b3fa3b574ad","name":"testAddNewProduct()","fullName":"ex2.bookstore.test.BookstoreTest.testAddNewProduct"},"fullName":"ex2.bookstore.test.BookstoreTest.testAddNewProduct","historyId":"074f42ac1395703518e71b3fa3b574ad.d41d8cd98f00b204e9800998ecf8427e","status":"failed","error":{"message":"NoSuchSessionException: invalid session id: session deleted as the browser has closed the connection\r\nPage source: file:/C:/Users/anils/OneDrive/Documentos/Trabalhos/3º%20ano/1º%20semestre/Engenharia%20de%20Software/demo1/build/reports/tests/1764696420562.0.html\r\nTimeout: 10 s.\r\nCaused by: NoSuchSessionException: invalid session id: session deleted as the browser has closed the connection","trace":"NoSuchSessionException: invalid session id: session deleted as the browser has closed the connection\r\nPage source: file:/C:/Users/anils/OneDrive/Documentos/Trabalhos/3º%20ano/1º%20semestre/Engenharia%20de%20Software/demo1/build/reports/tests/1764696420562.0.html\r\nTimeout: 10 s.\r\nCaused by: NoSuchSessionException: invalid session id: session deleted as the browser has closed the connection\r\n\tat com.codeborne.selenide.ex.UIAssertionError.wrapToUIAssertionError(UIAssertionError.java:121)\r\n\tat com.codeborne.selenide.ex.UIAssertionError.wrapThrowable(UIAssertionError.java:103)\r\n\tat com.codeborne.selenide.ex.UIAssertionError.wrap(UIAssertionError.java:98)\r\n\tat com.codeborne.selenide.impl.SelenideElementProxy.invoke(SelenideElementProxy.java:93)\r\n\tat jdk.proxy1/jdk.proxy1.$Proxy11.sendKeys(Unknown Source)\r\n\tat ex2.bookstore.page.BookstorePage.fillProductDetails(BookstorePage.java:35)\r\n\tat ex2.bookstore.test.BookstoreTest.testAddNewProduct(BookstoreTest.java:41)\r\n\tat java.base/java.lang.reflect.Method.invoke(Method.java:580)\r\n\tat java.base/java.util.ArrayList.forEach(ArrayList.java:1596)\r\n\tat java.base/java.util.ArrayList.forEach(ArrayList.java:1596)\r\nCaused by: org.openqa.selenium.NoSuchSessionException: invalid session id: session deleted as the browser has closed the connection\nfrom disconnected: not connected to DevTools\n  (Session info: chrome=142.0.7444.176)\nBuild info: version: '4.25.0', revision: '8a8aea2337'\nSystem info: os.name: 'Windows 11', os.arch: 'amd64', os.version: '10.0', java.version: '21.0.2'\nDriver info: org.openqa.selenium.chrome.ChromeDriver\nCommand: [6a8948c2e3af32ca6f7c4fde47237572, findElement {value=vaadin-integer-field, using=css selector}]\nCapabilities {acceptInsecureCerts: true, browserName: chrome, browserVersion: 142.0.7444.176, chrome: {chromedriverVersion: 142.0.7444.175 (302067f14a4..., userDataDir: C:\\Users\\anils\\AppData\\Loca...}, fedcm:accounts: true, goog:chromeOptions: {debuggerAddress: localhost:55502}, goog:processID: 34812, networkConnectionEnabled: false, pageLoadStrategy: normal, platformName: windows, proxy: Proxy(), se:cdp: ws://localhost:55502/devtoo..., se:cdpVersion: 142.0.7444.176, setWindowRect: true, strictFileInteractability: false, timeouts: {implicit: 0, pageLoad: 300000, script: 30000}, unhandledPromptBehavior: accept, webauthn:extension:credBlob: true, webauthn:extension:largeBlob: true, webauthn:extension:minPinLength: true, webauthn:extension:prf: true, webauthn:virtualAuthenticators: true}\nSession ID: 6a8948c2e3af32ca6f7c4fde47237572\r\n\tat java.base/jdk.internal.reflect.DirectConstructorHandleAccessor.newInstance(DirectConstructorHandleAccessor.java:62)\r\n\tat java.base/java.lang.reflect.Constructor.newInstanceWithCaller(Constructor.java:502)\r\n\tat java.base/java.lang.reflect.Constructor.newInstance(Constructor.java:486)\r\n\tat org.openqa.selenium.remote.ErrorCodec.decode(ErrorCodec.java:167)\r\n\tat org.openqa.selenium.remote.codec.w3c.W3CHttpResponseCodec.decode(W3CHttpResponseCodec.java:138)\r\n\tat org.openqa.selenium.remote.codec.w3c.W3CHttpResponseCodec.decode(W3CHttpResponseCodec.java:50)\r\n\tat org.openqa.selenium.remote.HttpCommandExecutor.execute(HttpCommandExecutor.java:190)\r\n\tat org.openqa.selenium.remote.service.DriverCommandExecutor.invokeExecute(DriverCommandExecutor.java:216)\r\n\tat org.openqa.selenium.remote.service.DriverCommandExecutor.execute(DriverCommandExecutor.java:174)\r\n\tat org.openqa.selenium.remote.RemoteWebDriver.execute(RemoteWebDriver.java:545)\r\n\tat org.openqa.selenium.remote.ElementLocation$ElementFinder$2.findElement(ElementLocation.java:165)\r\n\tat org.openqa.selenium.remote.ElementLocation.findElement(ElementLocation.java:59)\r\n\tat org.openqa.selenium.remote.RemoteWebDriver.findElement(RemoteWebDriver.java:368)\r\n\tat org.openqa.selenium.remote.RemoteWebDriver.findElement(RemoteWebDriver.java:362)\r\n\tat com.codeborne.selenide.impl.WebElementSelector.findElement(WebElementSelector.java:64)\r\n\tat com.codeborne.selenide.impl.WebElementSelector.findElement(WebElementSelector.java:39)\r\n\tat com.codeborne.selenide.impl.WebElementSelector.findElement(WebElementSelector.java:30)\r\n\tat com.codeborne.selenide.impl.ElementFinder.getWebElement(ElementFinder.java:101)\r\n\tat com.codeborne.selenide.impl.SelenideElementProxy.dispatchAndRetry(SelenideElementProxy.java:134)\r\n\tat com.codeborne.selenide.impl.SelenideElementProxy.invoke(SelenideElementProxy.java:83)\r\n\t... 6 more\r\n"},"start":1764696399899,"stop":1764696420738,"duration":20839,"description":"","flaky":false,"muted":false,"known":false,"hidden":true,"labels":[{"name":"junit.platform.uniqueid","value":"[engine:junit-jupiter]/[class:ex2.bookstore.test.BookstoreTest]/[method:testAddNewProduct()]"},{"name":"host","value":"ANILSON-MARIO"},{"name":"thread","value":"30340@ANILSON-MARIO.main(1)"},{"name":"framework","value":"junit-platform"},{"name":"language","value":"java"},{"name":"package","value":"ex2.bookstore.test.BookstoreTest"},{"name":"testClass","value":"ex2.bookstore.test.BookstoreTest"},{"name":"testMethod","value":"testAddNewProduct"},{"name":"suite","value":"ex2.bookstore.test.BookstoreTest"}],"steps":[],"parameters":[],"links":[],"hostId":"ANILSON-MARIO","threadId":"30340@ANILSON-MARIO.main(1)","sourceMetadata":{"readerId":"allure2","metadata":{"originalFileName":"4d646126-7a5e-4df9-b0f7-0e11ca07ac80-result.json"}},"titlePath":[],"environment":"default","transition":"new"},{"id":"634029f2a98905a68754803d971b0d5f","name":"testAddNewProduct()","testCase":{"id":"074f42ac1395703518e71b3fa3b574ad","name":"testAddNewProduct()","fullName":"ex2.bookstore.test.BookstoreTest.testAddNewProduct"},"fullName":"ex2.bookstore.test.BookstoreTest.testAddNewProduct","historyId":"074f42ac1395703518e71b3fa3b574ad.d41d8cd98f00b204e9800998ecf8427e","status":"failed","error":{"message":"Element not found {vaadin-integer-field}\r\nExpected: exist\r\nScreenshot: file:/C:/Users/anils/OneDrive/Documentos/Trabalhos/3º%20ano/1º%20semestre/Engenharia%20de%20Software/demo1/build/reports/tests/1764696357695.0.png\r\nPage source: file:/C:/Users/anils/OneDrive/Documentos/Trabalhos/3º%20ano/1º%20semestre/Engenharia%20de%20Software/demo1/build/reports/tests/1764696357695.0.html\r\nTimeout: 10 s.\r\nCaused by: NoSuchElementException: no such element: Unable to locate element: {\"method\":\"css selector\",\"selector\":\"vaadin-integer-field\"}","trace":"Element not found {vaadin-integer-field}\r\nExpected: exist\r\nScreenshot: file:/C:/Users/anils/OneDrive/Documentos/Trabalhos/3º%20ano/1º%20semestre/Engenharia%20de%20Software/demo1/build/reports/tests/1764696357695.0.png\r\nPage source: file:/C:/Users/anils/OneDrive/Documentos/Trabalhos/3º%20ano/1º%20semestre/Engenharia%20de%20Software/demo1/build/reports/tests/1764696357695.0.html\r\nTimeout: 10 s.\r\nCaused by: NoSuchElementException: no such element: Unable to locate element: {\"method\":\"css selector\",\"selector\":\"vaadin-integer-field\"}\r\n\tat com.codeborne.selenide.impl.WebElementSource.createElementNotFoundError(WebElementSource.java:68)\r\n\tat com.codeborne.selenide.impl.ElementFinder.createElementNotFoundError(ElementFinder.java:117)\r\n\tat com.codeborne.selenide.impl.ExceptionWrapper.wrap(ExceptionWrapper.java:25)\r\n\tat com.codeborne.selenide.impl.SelenideElementProxy.dispatchAndRetry(SelenideElementProxy.java:153)\r\n\tat com.codeborne.selenide.impl.SelenideElementProxy.invoke(SelenideElementProxy.java:83)\r\n\tat jdk.proxy1/jdk.proxy1.$Proxy11.sendKeys(Unknown Source)\r\n\tat ex2.bookstore.page.BookstorePage.fillProductDetails(BookstorePage.java:35)\r\n\tat ex2.bookstore.test.BookstoreTest.testAddNewProduct(BookstoreTest.java:41)\r\n\tat java.base/java.lang.reflect.Method.invoke(Method.java:580)\r\n\tat java.base/java.util.ArrayList.forEach(ArrayList.java:1596)\r\n\tat java.base/java.util.ArrayList.forEach(ArrayList.java:1596)\r\nCaused by: org.openqa.selenium.NoSuchElementException: no such element: Unable to locate element: {\"method\":\"css selector\",\"selector\":\"vaadin-integer-field\"}\n  (Session info: chrome=142.0.7444.176)\nFor documentation on this error, please visit: https://www.selenium.dev/documentation/webdriver/troubleshooting/errors#no-such-element-exception\nBuild info: version: '4.25.0', revision: '8a8aea2337'\nSystem info: os.name: 'Windows 11', os.arch: 'amd64', os.version: '10.0', java.version: '21.0.2'\nDriver info: org.openqa.selenium.chrome.ChromeDriver\nCommand: [dcf1010a8de56c40a59da6e076c47a5d, findElement {using=css selector, value=vaadin-integer-field}]\nCapabilities {acceptInsecureCerts: true, browserName: chrome, browserVersion: 142.0.7444.176, chrome: {chromedriverVersion: 142.0.7444.175 (302067f14a4..., userDataDir: C:\\Users\\anils\\AppData\\Loca...}, fedcm:accounts: true, goog:chromeOptions: {debuggerAddress: localhost:49197}, goog:processID: 9404, networkConnectionEnabled: false, pageLoadStrategy: normal, platformName: windows, proxy: Proxy(), se:cdp: ws://localhost:49197/devtoo..., se:cdpVersion: 142.0.7444.176, setWindowRect: true, strictFileInteractability: false, timeouts: {implicit: 0, pageLoad: 300000, script: 30000}, unhandledPromptBehavior: accept, webauthn:extension:credBlob: true, webauthn:extension:largeBlob: true, webauthn:extension:minPinLength: true, webauthn:extension:prf: true, webauthn:virtualAuthenticators: true}\nSession ID: dcf1010a8de56c40a59da6e076c47a5d\r\n\tat java.base/jdk.internal.reflect.DirectConstructorHandleAccessor.newInstance(DirectConstructorHandleAccessor.java:62)\r\n\tat java.base/java.lang.reflect.Constructor.newInstanceWithCaller(Constructor.java:502)\r\n\tat java.base/java.lang.reflect.Constructor.newInstance(Constructor.java:486)\r\n\tat org.openqa.selenium.remote.ErrorCodec.decode(ErrorCodec.java:167)\r\n\tat org.openqa.selenium.remote.codec.w3c.W3CHttpResponseCodec.decode(W3CHttpResponseCodec.java:138)\r\n\tat org.openqa.selenium.remote.codec.w3c.W3CHttpResponseCodec.decode(W3CHttpResponseCodec.java:50)\r\n\tat org.openqa.selenium.remote.HttpCommandExecutor.execute(HttpCommandExecutor.java:190)\r\n\tat org.openqa.selenium.remote.service.DriverCommandExecutor.invokeExecute(DriverCommandExecutor.java:216)\r\n\tat org.openqa.selenium.remote.service.DriverCommandExecutor.execute(DriverCommandExecutor.java:174)\r\n\tat org.openqa.selenium.remote.RemoteWebDriver.execute(RemoteWebDriver.java:545)\r\n\tat org.openqa.selenium.remote.ElementLocation$ElementFinder$2.findElement(ElementLocation.java:165)\r\n\tat org.openqa.selenium.remote.ElementLocation.findElement(ElementLocation.java:59)\r\n\tat org.openqa.selenium.remote.RemoteWebDriver.findElement(RemoteWebDriver.java:368)\r\n\tat org.openqa.selenium.remote.RemoteWebDriver.findElement(RemoteWebDriver.java:362)\r\n\tat com.codeborne.selenide.impl.WebElementSelector.findElement(WebElementSelector.java:64)\r\n\tat com.codeborne.selenide.impl.WebElementSelector.findElement(WebElementSelector.java:39)\r\n\tat com.codeborne.selenide.impl.WebElementSelector.findElement(WebElementSelector.java:30)\r\n\tat com.codeborne.selenide.impl.ElementFinder.getWebElement(ElementFinder.java:101)\r\n\tat com.codeborne.selenide.impl.SelenideElementProxy.dispatchAndRetry(SelenideElementProxy.java:134)\r\n\t... 7 more\r\n"},"start":1764696336712,"stop":1764696358416,"duration":21704,"description":"","flaky":false,"muted":false,"known":false,"hidden":true,"labels":[{"name":"junit.platform.uniqueid","value":"[engine:junit-jupiter]/[class:ex2.bookstore.test.BookstoreTest]/[method:testAddNewProduct()]"},{"name":"host","value":"ANILSON-MARIO"},{"name":"thread","value":"23492@ANILSON-MARIO.main(1)"},{"name":"framework","value":"junit-platform"},{"name":"language","value":"java"},{"name":"package","value":"ex2.bookstore.test.BookstoreTest"},{"name":"testClass","value":"ex2.bookstore.test.BookstoreTest"},{"name":"testMethod","value":"testAddNewProduct"},{"name":"suite","value":"ex2.bookstore.test.BookstoreTest"}],"steps":[],"parameters":[],"links":[],"hostId":"ANILSON-MARIO","threadId":"23492@ANILSON-MARIO.main(1)","sourceMetadata":{"readerId":"allure2","metadata":{"originalFileName":"aee890f0-af45-4feb-85ec-bbe14d7ce70c-result.json"}},"titlePath":[],"environment":"default","transition":"new"},{"id":"1ff3e69b52451e7750ebb99a0248d216","name":"testAddNewProduct()","testCase":{"id":"074f42ac1395703518e71b3fa3b574ad","name":"testAddNewProduct()","fullName":"ex2.bookstore.test.BookstoreTest.testAddNewProduct"},"fullName":"ex2.bookstore.test.BookstoreTest.testAddNewProduct","historyId":"074f42ac1395703518e71b3fa3b574ad.d41d8cd98f00b204e9800998ecf8427e","status":"failed","error":{"message":"Element not found {#product-name}\r\nExpected: visible\r\nScreenshot: file:/C:/Users/anils/OneDrive/Documentos/Trabalhos/3º%20ano/1º%20semestre/Engenharia%20de%20Software/demo1/build/reports/tests/1764696214733.0.png\r\nPage source: file:/C:/Users/anils/OneDrive/Documentos/Trabalhos/3º%20ano/1º%20semestre/Engenharia%20de%20Software/demo1/build/reports/tests/1764696214733.0.html\r\nTimeout: 10 s.\r\nCaused by: NoSuchElementException: no such element: Unable to locate element: {\"method\":\"css selector\",\"selector\":\"#product\\-name\"}","trace":"Element not found {#product-name}\r\nExpected: visible\r\nScreenshot: file:/C:/Users/anils/OneDrive/Documentos/Trabalhos/3º%20ano/1º%20semestre/Engenharia%20de%20Software/demo1/build/reports/tests/1764696214733.0.png\r\nPage source: file:/C:/Users/anils/OneDrive/Documentos/Trabalhos/3º%20ano/1º%20semestre/Engenharia%20de%20Software/demo1/build/reports/tests/1764696214733.0.html\r\nTimeout: 10 s.\r\nCaused by: NoSuchElementException: no such element: Unable to locate element: {\"method\":\"css selector\",\"selector\":\"#product\\-name\"}\r\n\tat com.codeborne.selenide.impl.WebElementSource.createElementNotFoundError(WebElementSource.java:68)\r\n\tat com.codeborne.selenide.impl.ElementFinder.createElementNotFoundError(ElementFinder.java:117)\r\n\tat com.codeborne.selenide.impl.WebElementSource.handleError(WebElementSource.java:119)\r\n\tat com.codeborne.selenide.impl.WebElementSource.checkConditionAndReturnElement(WebElementSource.java:102)\r\n\tat com.codeborne.selenide.impl.WebElementSource.checkCondition(WebElementSource.java:78)\r\n\tat com.codeborne.selenide.commands.Should.execute(Should.java:24)\r\n\tat com.codeborne.selenide.FluentCommand.execute(FluentCommand.java:23)\r\n\tat com.codeborne.selenide.FluentCommand.execute(FluentCommand.java:19)\r\n\tat com.codeborne.selenide.commands.Commands.execute(Commands.java:159)\r\n\tat com.codeborne.selenide.impl.SelenideElementProxy.dispatchAndRetry(SelenideElementProxy.java:131)\r\n\tat com.codeborne.selenide.impl.SelenideElementProxy.invoke(SelenideElementProxy.java:83)\r\n\tat jdk.proxy1/jdk.proxy1.$Proxy13.shouldBe(Unknown Source)\r\n\tat ex2.bookstore.page.BookstorePage.fillProductDetails(BookstorePage.java:46)\r\n\tat ex2.bookstore.test.BookstoreTest.testAddNewProduct(BookstoreTest.java:42)\r\n\tat java.base/java.lang.reflect.Method.invoke(Method.java:580)\r\n\tat java.base/java.util.ArrayList.forEach(ArrayList.java:1596)\r\n\tat java.base/java.util.ArrayList.forEach(ArrayList.java:1596)\r\nCaused by: org.openqa.selenium.NoSuchElementException: no such element: Unable to locate element: {\"method\":\"css selector\",\"selector\":\"#product\\-name\"}\n  (Session info: chrome=142.0.7444.176)\nFor documentation on this error, please visit: https://www.selenium.dev/documentation/webdriver/troubleshooting/errors#no-such-element-exception\nBuild info: version: '4.25.0', revision: '8a8aea2337'\nSystem info: os.name: 'Windows 11', os.arch: 'amd64', os.version: '10.0', java.version: '21.0.2'\nDriver info: org.openqa.selenium.chrome.ChromeDriver\nCommand: [090f871d44be44065663ed0b1cc61364, findElement {value=product-name, using=id}]\nCapabilities {acceptInsecureCerts: true, browserName: chrome, browserVersion: 142.0.7444.176, chrome: {chromedriverVersion: 142.0.7444.175 (302067f14a4..., userDataDir: C:\\Users\\anils\\AppData\\Loca...}, fedcm:accounts: true, goog:chromeOptions: {debuggerAddress: localhost:50105}, goog:processID: 27796, networkConnectionEnabled: false, pageLoadStrategy: normal, platformName: windows, proxy: Proxy(), se:cdp: ws://localhost:50105/devtoo..., se:cdpVersion: 142.0.7444.176, setWindowRect: true, strictFileInteractability: false, timeouts: {implicit: 0, pageLoad: 300000, script: 30000}, unhandledPromptBehavior: accept, webauthn:extension:credBlob: true, webauthn:extension:largeBlob: true, webauthn:extension:minPinLength: true, webauthn:extension:prf: true, webauthn:virtualAuthenticators: true}\nSession ID: 090f871d44be44065663ed0b1cc61364\r\n\tat java.base/jdk.internal.reflect.DirectConstructorHandleAccessor.newInstance(DirectConstructorHandleAccessor.java:62)\r\n\tat java.base/java.lang.reflect.Constructor.newInstanceWithCaller(Constructor.java:502)\r\n\tat java.base/java.lang.reflect.Constructor.newInstance(Constructor.java:486)\r\n\tat org.openqa.selenium.remote.ErrorCodec.decode(ErrorCodec.java:167)\r\n\tat org.openqa.selenium.remote.codec.w3c.W3CHttpResponseCodec.decode(W3CHttpResponseCodec.java:138)\r\n\tat org.openqa.selenium.remote.codec.w3c.W3CHttpResponseCodec.decode(W3CHttpResponseCodec.java:50)\r\n\tat org.openqa.selenium.remote.HttpCommandExecutor.execute(HttpCommandExecutor.java:190)\r\n\tat org.openqa.selenium.remote.service.DriverCommandExecutor.invokeExecute(DriverCommandExecutor.java:216)\r\n\tat org.openqa.selenium.remote.service.DriverCommandExecutor.execute(DriverCommandExecutor.java:174)\r\n\tat org.openqa.selenium.remote.RemoteWebDriver.execute(RemoteWebDriver.java:545)\r\n\tat org.openqa.selenium.remote.ElementLocation$ElementFinder$2.findElement(ElementLocation.java:165)\r\n\tat org.openqa.selenium.remote.ElementLocation.findElement(ElementLocation.java:59)\r\n\tat org.openqa.selenium.remote.RemoteWebDriver.findElement(RemoteWebDriver.java:368)\r\n\tat org.openqa.selenium.remote.RemoteWebDriver.findElement(RemoteWebDriver.java:362)\r\n\tat com.codeborne.selenide.impl.WebElementSelector.findElement(WebElementSelector.java:64)\r\n\tat com.codeborne.selenide.impl.WebElementSelector.findElement(WebElementSelector.java:39)\r\n\tat com.codeborne.selenide.impl.WebElementSelector.findElement(WebElementSelector.java:30)\r\n\tat com.codeborne.selenide.impl.ElementFinder.getWebElement(ElementFinder.java:101)\r\n\tat com.codeborne.selenide.impl.WebElementSource.checkConditionAndReturnElement(WebElementSource.java:91)\r\n\t... 13 more\r\n"},"start":1764696187935,"stop":1764696215482,"duration":27547,"description":"","flaky":false,"muted":false,"known":false,"hidden":true,"labels":[{"name":"junit.platform.uniqueid","value":"[engine:junit-jupiter]/[class:ex2.bookstore.test.BookstoreTest]/[method:testAddNewProduct()]"},{"name":"host","value":"ANILSON-MARIO"},{"name":"thread","value":"24344@ANILSON-MARIO.main(1)"},{"name":"framework","value":"junit-platform"},{"name":"language","value":"java"},{"name":"package","value":"ex2.bookstore.test.BookstoreTest"},{"name":"testClass","value":"ex2.bookstore.test.BookstoreTest"},{"name":"testMethod","value":"testAddNewProduct"},{"name":"suite","value":"ex2.bookstore.test.BookstoreTest"}],"steps":[],"parameters":[],"links":[],"hostId":"ANILSON-MARIO","threadId":"24344@ANILSON-MARIO.main(1)","sourceMetadata":{"readerId":"allure2","metadata":{"originalFileName":"34f8aa49-7c73-4912-b260-bde9a8f89729-result.json"}},"titlePath":[],"environment":"default","transition":"new"},{"id":"115d08a5247b13855793fbb466572a37","name":"testAddNewProduct()","testCase":{"id":"074f42ac1395703518e71b3fa3b574ad","name":"testAddNewProduct()","fullName":"ex2.bookstore.test.BookstoreTest.testAddNewProduct"},"fullName":"ex2.bookstore.test.BookstoreTest.testAddNewProduct","historyId":"074f42ac1395703518e71b3fa3b574ad.d41d8cd98f00b204e9800998ecf8427e","status":"failed","error":{"message":"Element not found {vaadin-text-field[label='Product name']}\r\nExpected: visible\r\nScreenshot: file:/C:/Users/anils/OneDrive/Documentos/Trabalhos/3º%20ano/1º%20semestre/Engenharia%20de%20Software/demo1/build/reports/tests/1764696141738.0.png\r\nPage source: file:/C:/Users/anils/OneDrive/Documentos/Trabalhos/3º%20ano/1º%20semestre/Engenharia%20de%20Software/demo1/build/reports/tests/1764696141738.0.html\r\nTimeout: 10 s.\r\nCaused by: NoSuchElementException: no such element: Unable to locate element: {\"method\":\"css selector\",\"selector\":\"vaadin-text-field[label='Product name']\"}","trace":"Element not found {vaadin-text-field[label='Product name']}\r\nExpected: visible\r\nScreenshot: file:/C:/Users/anils/OneDrive/Documentos/Trabalhos/3º%20ano/1º%20semestre/Engenharia%20de%20Software/demo1/build/reports/tests/1764696141738.0.png\r\nPage source: file:/C:/Users/anils/OneDrive/Documentos/Trabalhos/3º%20ano/1º%20semestre/Engenharia%20de%20Software/demo1/build/reports/tests/1764696141738.0.html\r\nTimeout: 10 s.\r\nCaused by: NoSuchElementException: no such element: Unable to locate element: {\"method\":\"css selector\",\"selector\":\"vaadin-text-field[label='Product name']\"}\r\n\tat com.codeborne.selenide.impl.WebElementSource.createElementNotFoundError(WebElementSource.java:68)\r\n\tat com.codeborne.selenide.impl.ElementFinder.createElementNotFoundError(ElementFinder.java:117)\r\n\tat com.codeborne.selenide.impl.WebElementSource.handleError(WebElementSource.java:119)\r\n\tat com.codeborne.selenide.impl.WebElementSource.checkConditionAndReturnElement(WebElementSource.java:102)\r\n\tat com.codeborne.selenide.impl.WebElementSource.checkCondition(WebElementSource.java:78)\r\n\tat com.codeborne.selenide.commands.Should.execute(Should.java:24)\r\n\tat com.codeborne.selenide.FluentCommand.execute(FluentCommand.java:23)\r\n\tat com.codeborne.selenide.FluentCommand.execute(FluentCommand.java:19)\r\n\tat com.codeborne.selenide.commands.Commands.execute(Commands.java:159)\r\n\tat com.codeborne.selenide.impl.SelenideElementProxy.dispatchAndRetry(SelenideElementProxy.java:131)\r\n\tat com.codeborne.selenide.impl.SelenideElementProxy.invoke(SelenideElementProxy.java:83)\r\n\tat jdk.proxy1/jdk.proxy1.$Proxy13.shouldBe(Unknown Source)\r\n\tat ex2.bookstore.page.BookstorePage.fillProductDetails(BookstorePage.java:51)\r\n\tat ex2.bookstore.test.BookstoreTest.testAddNewProduct(BookstoreTest.java:42)\r\n\tat java.base/java.lang.reflect.Method.invoke(Method.java:580)\r\n\tat java.base/java.util.ArrayList.forEach(ArrayList.java:1596)\r\n\tat java.base/java.util.ArrayList.forEach(ArrayList.java:1596)\r\nCaused by: org.openqa.selenium.NoSuchElementException: no such element: Unable to locate element: {\"method\":\"css selector\",\"selector\":\"vaadin-text-field[label='Product name']\"}\n  (Session info: chrome=142.0.7444.176)\nFor documentation on this error, please visit: https://www.selenium.dev/documentation/webdriver/troubleshooting/errors#no-such-element-exception\nBuild info: version: '4.25.0', revision: '8a8aea2337'\nSystem info: os.name: 'Windows 11', os.arch: 'amd64', os.version: '10.0', java.version: '21.0.2'\nDriver info: org.openqa.selenium.chrome.ChromeDriver\nCommand: [1dccef2458230dade9631bbd50c7fac9, findElement {value=vaadin-text-field[label='Product name'], using=css selector}]\nCapabilities {acceptInsecureCerts: true, browserName: chrome, browserVersion: 142.0.7444.176, chrome: {chromedriverVersion: 142.0.7444.175 (302067f14a4..., userDataDir: C:\\Users\\anils\\AppData\\Loca...}, fedcm:accounts: true, goog:chromeOptions: {debuggerAddress: localhost:56313}, goog:processID: 32968, networkConnectionEnabled: false, pageLoadStrategy: normal, platformName: windows, proxy: Proxy(), se:cdp: ws://localhost:56313/devtoo..., se:cdpVersion: 142.0.7444.176, setWindowRect: true, strictFileInteractability: false, timeouts: {implicit: 0, pageLoad: 300000, script: 30000}, unhandledPromptBehavior: accept, webauthn:extension:credBlob: true, webauthn:extension:largeBlob: true, webauthn:extension:minPinLength: true, webauthn:extension:prf: true, webauthn:virtualAuthenticators: true}\nSession ID: 1dccef2458230dade9631bbd50c7fac9\r\n\tat java.base/jdk.internal.reflect.DirectConstructorHandleAccessor.newInstance(DirectConstructorHandleAccessor.java:62)\r\n\tat java.base/java.lang.reflect.Constructor.newInstanceWithCaller(Constructor.java:502)\r\n\tat java.base/java.lang.reflect.Constructor.newInstance(Constructor.java:486)\r\n\tat org.openqa.selenium.remote.ErrorCodec.decode(ErrorCodec.java:167)\r\n\tat org.openqa.selenium.remote.codec.w3c.W3CHttpResponseCodec.decode(W3CHttpResponseCodec.java:138)\r\n\tat org.openqa.selenium.remote.codec.w3c.W3CHttpResponseCodec.decode(W3CHttpResponseCodec.java:50)\r\n\tat org.openqa.selenium.remote.HttpCommandExecutor.execute(HttpCommandExecutor.java:190)\r\n\tat org.openqa.selenium.remote.service.DriverCommandExecutor.invokeExecute(DriverCommandExecutor.java:216)\r\n\tat org.openqa.selenium.remote.service.DriverCommandExecutor.execute(DriverCommandExecutor.java:174)\r\n\tat org.openqa.selenium.remote.RemoteWebDriver.execute(RemoteWebDriver.java:545)\r\n\tat org.openqa.selenium.remote.ElementLocation$ElementFinder$2.findElement(ElementLocation.java:165)\r\n\tat org.openqa.selenium.remote.ElementLocation.findElement(ElementLocation.java:59)\r\n\tat org.openqa.selenium.remote.RemoteWebDriver.findElement(RemoteWebDriver.java:368)\r\n\tat org.openqa.selenium.remote.RemoteWebDriver.findElement(RemoteWebDriver.java:362)\r\n\tat com.codeborne.selenide.impl.WebElementSelector.findElement(WebElementSelector.java:64)\r\n\tat com.codeborne.selenide.impl.WebElementSelector.findElement(WebElementSelector.java:39)\r\n\tat com.codeborne.selenide.impl.WebElementSelector.findElement(WebElementSelector.java:30)\r\n\tat com.codeborne.selenide.impl.ElementFinder.getWebElement(ElementFinder.java:101)\r\n\tat com.codeborne.selenide.impl.WebElementSource.checkConditionAndReturnElement(WebElementSource.java:91)\r\n\t... 13 more\r\n"},"start":1764696118431,"stop":1764696142668,"duration":24237,"description":"","flaky":false,"muted":false,"known":false,"hidden":true,"labels":[{"name":"junit.platform.uniqueid","value":"[engine:junit-jupiter]/[class:ex2.bookstore.test.BookstoreTest]/[method:testAddNewProduct()]"},{"name":"host","value":"ANILSON-MARIO"},{"name":"thread","value":"25504@ANILSON-MARIO.main(1)"},{"name":"framework","value":"junit-platform"},{"name":"language","value":"java"},{"name":"package","value":"ex2.bookstore.test.BookstoreTest"},{"name":"testClass","value":"ex2.bookstore.test.BookstoreTest"},{"name":"testMethod","value":"testAddNewProduct"},{"name":"suite","value":"ex2.bookstore.test.BookstoreTest"}],"steps":[],"parameters":[],"links":[],"hostId":"ANILSON-MARIO","threadId":"25504@ANILSON-MARIO.main(1)","sourceMetadata":{"readerId":"allure2","metadata":{"originalFileName":"03b7e177-047b-486a-8db9-5cbea70c6174-result.json"}},"titlePath":[],"environment":"default","transition":"new"},{"id":"363e4782597d06ecab766d91ec476f10","name":"testAddNewProduct()","testCase":{"id":"074f42ac1395703518e71b3fa3b574ad","name":"testAddNewProduct()","fullName":"ex2.bookstore.test.BookstoreTest.testAddNewProduct"},"fullName":"ex2.bookstore.test.BookstoreTest.testAddNewProduct","historyId":"074f42ac1395703518e71b3fa3b574ad.d41d8cd98f00b204e9800998ecf8427e","status":"failed","error":{"message":"Element not found {vaadin-text-field[label='Product name']}\r\nExpected: visible\r\nScreenshot: file:/C:/Users/anils/OneDrive/Documentos/Trabalhos/3º%20ano/1º%20semestre/Engenharia%20de%20Software/demo1/build/reports/tests/1764695899988.0.png\r\nPage source: file:/C:/Users/anils/OneDrive/Documentos/Trabalhos/3º%20ano/1º%20semestre/Engenharia%20de%20Software/demo1/build/reports/tests/1764695899988.0.html\r\nTimeout: 10 s.\r\nCaused by: NoSuchElementException: no such element: Unable to locate element: {\"method\":\"css selector\",\"selector\":\"vaadin-text-field[label='Product name']\"}","trace":"Element not found {vaadin-text-field[label='Product name']}\r\nExpected: visible\r\nScreenshot: file:/C:/Users/anils/OneDrive/Documentos/Trabalhos/3º%20ano/1º%20semestre/Engenharia%20de%20Software/demo1/build/reports/tests/1764695899988.0.png\r\nPage source: file:/C:/Users/anils/OneDrive/Documentos/Trabalhos/3º%20ano/1º%20semestre/Engenharia%20de%20Software/demo1/build/reports/tests/1764695899988.0.html\r\nTimeout: 10 s.\r\nCaused by: NoSuchElementException: no such element: Unable to locate element: {\"method\":\"css selector\",\"selector\":\"vaadin-text-field[label='Product name']\"}\r\n\tat com.codeborne.selenide.impl.WebElementSource.createElementNotFoundError(WebElementSource.java:68)\r\n\tat com.codeborne.selenide.impl.ElementFinder.createElementNotFoundError(ElementFinder.java:117)\r\n\tat com.codeborne.selenide.impl.WebElementSource.handleError(WebElementSource.java:119)\r\n\tat com.codeborne.selenide.impl.WebElementSource.checkConditionAndReturnElement(WebElementSource.java:102)\r\n\tat com.codeborne.selenide.impl.WebElementSource.checkCondition(WebElementSource.java:78)\r\n\tat com.codeborne.selenide.commands.Should.execute(Should.java:24)\r\n\tat com.codeborne.selenide.FluentCommand.execute(FluentCommand.java:23)\r\n\tat com.codeborne.selenide.FluentCommand.execute(FluentCommand.java:19)\r\n\tat com.codeborne.selenide.commands.Commands.execute(Commands.java:159)\r\n\tat com.codeborne.selenide.impl.SelenideElementProxy.dispatchAndRetry(SelenideElementProxy.java:131)\r\n\tat com.codeborne.selenide.impl.SelenideElementProxy.invoke(SelenideElementProxy.java:83)\r\n\tat jdk.proxy1/jdk.proxy1.$Proxy13.shouldBe(Unknown Source)\r\n\tat ex2.bookstore.page.BookstorePage.fillProductDetails(BookstorePage.java:51)\r\n\tat ex2.bookstore.test.BookstoreTest.testAddNewProduct(BookstoreTest.java:42)\r\n\tat java.base/java.lang.reflect.Method.invoke(Method.java:580)\r\n\tat java.base/java.util.ArrayList.forEach(ArrayList.java:1596)\r\n\tat java.base/java.util.ArrayList.forEach(ArrayList.java:1596)\r\nCaused by: org.openqa.selenium.NoSuchElementException: no such element: Unable to locate element: {\"method\":\"css selector\",\"selector\":\"vaadin-text-field[label='Product name']\"}\n  (Session info: chrome=142.0.7444.176)\nFor documentation on this error, please visit: https://www.selenium.dev/documentation/webdriver/troubleshooting/errors#no-such-element-exception\nBuild info: version: '4.25.0', revision: '8a8aea2337'\nSystem info: os.name: 'Windows 11', os.arch: 'amd64', os.version: '10.0', java.version: '21.0.2'\nDriver info: org.openqa.selenium.chrome.ChromeDriver\nCommand: [04c27dfc8803d89d94108165ed85f44c, findElement {value=vaadin-text-field[label='Product name'], using=css selector}]\nCapabilities {acceptInsecureCerts: true, browserName: chrome, browserVersion: 142.0.7444.176, chrome: {chromedriverVersion: 142.0.7444.175 (302067f14a4..., userDataDir: C:\\Users\\anils\\AppData\\Loca...}, fedcm:accounts: true, goog:chromeOptions: {debuggerAddress: localhost:51579}, goog:processID: 24200, networkConnectionEnabled: false, pageLoadStrategy: normal, platformName: windows, proxy: Proxy(), se:cdp: ws://localhost:51579/devtoo..., se:cdpVersion: 142.0.7444.176, setWindowRect: true, strictFileInteractability: false, timeouts: {implicit: 0, pageLoad: 300000, script: 30000}, unhandledPromptBehavior: accept, webauthn:extension:credBlob: true, webauthn:extension:largeBlob: true, webauthn:extension:minPinLength: true, webauthn:extension:prf: true, webauthn:virtualAuthenticators: true}\nSession ID: 04c27dfc8803d89d94108165ed85f44c\r\n\tat java.base/jdk.internal.reflect.DirectConstructorHandleAccessor.newInstance(DirectConstructorHandleAccessor.java:62)\r\n\tat java.base/java.lang.reflect.Constructor.newInstanceWithCaller(Constructor.java:502)\r\n\tat java.base/java.lang.reflect.Constructor.newInstance(Constructor.java:486)\r\n\tat org.openqa.selenium.remote.ErrorCodec.decode(ErrorCodec.java:167)\r\n\tat org.openqa.selenium.remote.codec.w3c.W3CHttpResponseCodec.decode(W3CHttpResponseCodec.java:138)\r\n\tat org.openqa.selenium.remote.codec.w3c.W3CHttpResponseCodec.decode(W3CHttpResponseCodec.java:50)\r\n\tat org.openqa.selenium.remote.HttpCommandExecutor.execute(HttpCommandExecutor.java:190)\r\n\tat org.openqa.selenium.remote.service.DriverCommandExecutor.invokeExecute(DriverCommandExecutor.java:216)\r\n\tat org.openqa.selenium.remote.service.DriverCommandExecutor.execute(DriverCommandExecutor.java:174)\r\n\tat org.openqa.selenium.remote.RemoteWebDriver.execute(RemoteWebDriver.java:545)\r\n\tat org.openqa.selenium.remote.ElementLocation$ElementFinder$2.findElement(ElementLocation.java:165)\r\n\tat org.openqa.selenium.remote.ElementLocation.findElement(ElementLocation.java:59)\r\n\tat org.openqa.selenium.remote.RemoteWebDriver.findElement(RemoteWebDriver.java:368)\r\n\tat org.openqa.selenium.remote.RemoteWebDriver.findElement(RemoteWebDriver.java:362)\r\n\tat com.codeborne.selenide.impl.WebElementSelector.findElement(WebElementSelector.java:64)\r\n\tat com.codeborne.selenide.impl.WebElementSelector.findElement(WebElementSelector.java:39)\r\n\tat com.codeborne.selenide.impl.WebElementSelector.findElement(WebElementSelector.java:30)\r\n\tat com.codeborne.selenide.impl.ElementFinder.getWebElement(ElementFinder.java:101)\r\n\tat com.codeborne.selenide.impl.WebElementSource.checkConditionAndReturnElement(WebElementSource.java:91)\r\n\t... 13 more\r\n"},"start":1764695877437,"stop":1764695900722,"duration":23285,"description":"","flaky":false,"muted":false,"known":false,"hidden":true,"labels":[{"name":"junit.platform.uniqueid","value":"[engine:junit-jupiter]/[class:ex2.bookstore.test.BookstoreTest]/[method:testAddNewProduct()]"},{"name":"host","value":"ANILSON-MARIO"},{"name":"thread","value":"18876@ANILSON-MARIO.main(1)"},{"name":"framework","value":"junit-platform"},{"name":"language","value":"java"},{"name":"package","value":"ex2.bookstore.test.BookstoreTest"},{"name":"testClass","value":"ex2.bookstore.test.BookstoreTest"},{"name":"testMethod","value":"testAddNewProduct"},{"name":"suite","value":"ex2.bookstore.test.BookstoreTest"}],"steps":[],"parameters":[],"links":[],"hostId":"ANILSON-MARIO","threadId":"18876@ANILSON-MARIO.main(1)","sourceMetadata":{"readerId":"allure2","metadata":{"originalFileName":"98372d5e-5286-4e11-97e1-50a483a0de55-result.json"}},"titlePath":[],"environment":"default","transition":"new"},{"id":"7a059b21ef07a15639e1147340c7736a","name":"testAddNewProduct()","testCase":{"id":"074f42ac1395703518e71b3fa3b574ad","name":"testAddNewProduct()","fullName":"ex2.bookstore.test.BookstoreTest.testAddNewProduct"},"fullName":"ex2.bookstore.test.BookstoreTest.testAddNewProduct","historyId":"074f42ac1395703518e71b3fa3b574ad.d41d8cd98f00b204e9800998ecf8427e","status":"failed","error":{"message":"Element not found {#new-product}\r\nExpected: clickable: interactable and enabled\r\nScreenshot: file:/C:/Users/anils/OneDrive/Documentos/Trabalhos/3º%20ano/1º%20semestre/Engenharia%20de%20Software/demo1/build/reports/tests/1764695777850.0.png\r\nPage source: file:/C:/Users/anils/OneDrive/Documentos/Trabalhos/3º%20ano/1º%20semestre/Engenharia%20de%20Software/demo1/build/reports/tests/1764695777850.0.html\r\nTimeout: 10 s.\r\nCaused by: NoSuchElementException: no such element: Unable to locate element: {\"method\":\"css selector\",\"selector\":\"#new\\-product\"}","trace":"Element not found {#new-product}\r\nExpected: clickable: interactable and enabled\r\nScreenshot: file:/C:/Users/anils/OneDrive/Documentos/Trabalhos/3º%20ano/1º%20semestre/Engenharia%20de%20Software/demo1/build/reports/tests/1764695777850.0.png\r\nPage source: file:/C:/Users/anils/OneDrive/Documentos/Trabalhos/3º%20ano/1º%20semestre/Engenharia%20de%20Software/demo1/build/reports/tests/1764695777850.0.html\r\nTimeout: 10 s.\r\nCaused by: NoSuchElementException: no such element: Unable to locate element: {\"method\":\"css selector\",\"selector\":\"#new\\-product\"}\r\n\tat com.codeborne.selenide.impl.WebElementSource.createElementNotFoundError(WebElementSource.java:68)\r\n\tat com.codeborne.selenide.impl.ElementFinder.createElementNotFoundError(ElementFinder.java:117)\r\n\tat com.codeborne.selenide.impl.WebElementSource.handleError(WebElementSource.java:119)\r\n\tat com.codeborne.selenide.impl.WebElementSource.checkConditionAndReturnElement(WebElementSource.java:102)\r\n\tat com.codeborne.selenide.impl.WebElementSource.findAndAssertElementIsClickable(WebElementSource.java:148)\r\n\tat com.codeborne.selenide.commands.Click.findElement(Click.java:42)\r\n\tat com.codeborne.selenide.commands.Click.execute(Click.java:28)\r\n\tat com.codeborne.selenide.FluentCommand.execute(FluentCommand.java:23)\r\n\tat com.codeborne.selenide.FluentCommand.execute(FluentCommand.java:19)\r\n\tat com.codeborne.selenide.commands.Commands.execute(Commands.java:159)\r\n\tat com.codeborne.selenide.impl.SelenideElementProxy.dispatchAndRetry(SelenideElementProxy.java:131)\r\n\tat com.codeborne.selenide.impl.SelenideElementProxy.invoke(SelenideElementProxy.java:83)\r\n\tat jdk.proxy1/jdk.proxy1.$Proxy13.click(Unknown Source)\r\n\tat ex2.bookstore.page.BookstorePage.clickNewProduct(BookstorePage.java:34)\r\n\tat ex2.bookstore.test.BookstoreTest.testAddNewProduct(BookstoreTest.java:38)\r\n\tat java.base/java.lang.reflect.Method.invoke(Method.java:580)\r\n\tat java.base/java.util.ArrayList.forEach(ArrayList.java:1596)\r\n\tat java.base/java.util.ArrayList.forEach(ArrayList.java:1596)\r\nCaused by: org.openqa.selenium.NoSuchElementException: no such element: Unable to locate element: {\"method\":\"css selector\",\"selector\":\"#new\\-product\"}\n  (Session info: chrome=142.0.7444.176)\nFor documentation on this error, please visit: https://www.selenium.dev/documentation/webdriver/troubleshooting/errors#no-such-element-exception\nBuild info: version: '4.25.0', revision: '8a8aea2337'\nSystem info: os.name: 'Windows 11', os.arch: 'amd64', os.version: '10.0', java.version: '21.0.2'\nDriver info: org.openqa.selenium.chrome.ChromeDriver\nCommand: [28143fc818f15027968cc71a04f64b41, findElement {value=new-product, using=id}]\nCapabilities {acceptInsecureCerts: true, browserName: chrome, browserVersion: 142.0.7444.176, chrome: {chromedriverVersion: 142.0.7444.175 (302067f14a4..., userDataDir: C:\\Users\\anils\\AppData\\Loca...}, fedcm:accounts: true, goog:chromeOptions: {debuggerAddress: localhost:62604}, goog:processID: 10628, networkConnectionEnabled: false, pageLoadStrategy: normal, platformName: windows, proxy: Proxy(), se:cdp: ws://localhost:62604/devtoo..., se:cdpVersion: 142.0.7444.176, setWindowRect: true, strictFileInteractability: false, timeouts: {implicit: 0, pageLoad: 300000, script: 30000}, unhandledPromptBehavior: accept, webauthn:extension:credBlob: true, webauthn:extension:largeBlob: true, webauthn:extension:minPinLength: true, webauthn:extension:prf: true, webauthn:virtualAuthenticators: true}\nSession ID: 28143fc818f15027968cc71a04f64b41\r\n\tat java.base/jdk.internal.reflect.DirectConstructorHandleAccessor.newInstance(DirectConstructorHandleAccessor.java:62)\r\n\tat java.base/java.lang.reflect.Constructor.newInstanceWithCaller(Constructor.java:502)\r\n\tat java.base/java.lang.reflect.Constructor.newInstance(Constructor.java:486)\r\n\tat org.openqa.selenium.remote.ErrorCodec.decode(ErrorCodec.java:167)\r\n\tat org.openqa.selenium.remote.codec.w3c.W3CHttpResponseCodec.decode(W3CHttpResponseCodec.java:138)\r\n\tat org.openqa.selenium.remote.codec.w3c.W3CHttpResponseCodec.decode(W3CHttpResponseCodec.java:50)\r\n\tat org.openqa.selenium.remote.HttpCommandExecutor.execute(HttpCommandExecutor.java:190)\r\n\tat org.openqa.selenium.remote.service.DriverCommandExecutor.invokeExecute(DriverCommandExecutor.java:216)\r\n\tat org.openqa.selenium.remote.service.DriverCommandExecutor.execute(DriverCommandExecutor.java:174)\r\n\tat org.openqa.selenium.remote.RemoteWebDriver.execute(RemoteWebDriver.java:545)\r\n\tat org.openqa.selenium.remote.ElementLocation$ElementFinder$2.findElement(ElementLocation.java:165)\r\n\tat org.openqa.selenium.remote.ElementLocation.findElement(ElementLocation.java:59)\r\n\tat org.openqa.selenium.remote.RemoteWebDriver.findElement(RemoteWebDriver.java:368)\r\n\tat org.openqa.selenium.remote.RemoteWebDriver.findElement(RemoteWebDriver.java:362)\r\n\tat com.codeborne.selenide.impl.WebElementSelector.findElement(WebElementSelector.java:64)\r\n\tat com.codeborne.selenide.impl.WebElementSelector.findElement(WebElementSelector.java:39)\r\n\tat com.codeborne.selenide.impl.WebElementSelector.findElement(WebElementSelector.java:30)\r\n\tat com.codeborne.selenide.impl.ElementFinder.getWebElement(ElementFinder.java:101)\r\n\tat com.codeborne.selenide.impl.WebElementSource.checkConditionAndReturnElement(WebElementSource.java:91)\r\n\t... 14 more\r\n"},"start":1764695757174,"stop":1764695778549,"duration":21375,"description":"","flaky":false,"muted":false,"known":false,"hidden":true,"labels":[{"name":"junit.platform.uniqueid","value":"[engine:junit-jupiter]/[class:ex2.bookstore.test.BookstoreTest]/[method:testAddNewProduct()]"},{"name":"host","value":"ANILSON-MARIO"},{"name":"thread","value":"25532@ANILSON-MARIO.main(1)"},{"name":"framework","value":"junit-platform"},{"name":"language","value":"java"},{"name":"package","value":"ex2.bookstore.test.BookstoreTest"},{"name":"testClass","value":"ex2.bookstore.test.BookstoreTest"},{"name":"testMethod","value":"testAddNewProduct"},{"name":"suite","value":"ex2.bookstore.test.BookstoreTest"}],"steps":[],"parameters":[],"links":[],"hostId":"ANILSON-MARIO","threadId":"25532@ANILSON-MARIO.main(1)","sourceMetadata":{"readerId":"allure2","metadata":{"originalFileName":"5d6e11c3-05bf-4d27-94a6-cc017c428c28-result.json"}},"titlePath":[],"environment":"default","transition":"new"},{"id":"283745636b7a12ab6b17c1a83a834f65","name":"testAddNewProduct()","testCase":{"id":"074f42ac1395703518e71b3fa3b574ad","name":"testAddNewProduct()","fullName":"ex2.bookstore.test.BookstoreTest.testAddNewProduct"},"fullName":"ex2.bookstore.test.BookstoreTest.testAddNewProduct","historyId":"074f42ac1395703518e71b3fa3b574ad.d41d8cd98f00b204e9800998ecf8427e","status":"failed","error":{"message":"Element not found {vaadin-button[type='submit']}\r\nExpected: clickable: interactable and enabled\r\nScreenshot: file:/C:/Users/anils/OneDrive/Documentos/Trabalhos/3º%20ano/1º%20semestre/Engenharia%20de%20Software/demo1/build/reports/tests/1764695604083.0.png\r\nPage source: file:/C:/Users/anils/OneDrive/Documentos/Trabalhos/3º%20ano/1º%20semestre/Engenharia%20de%20Software/demo1/build/reports/tests/1764695604083.0.html\r\nTimeout: 10 s.\r\nCaused by: NoSuchElementException: no such element: Unable to locate element: {\"method\":\"css selector\",\"selector\":\"vaadin-button[type='submit']\"}","trace":"Element not found {vaadin-button[type='submit']}\r\nExpected: clickable: interactable and enabled\r\nScreenshot: file:/C:/Users/anils/OneDrive/Documentos/Trabalhos/3º%20ano/1º%20semestre/Engenharia%20de%20Software/demo1/build/reports/tests/1764695604083.0.png\r\nPage source: file:/C:/Users/anils/OneDrive/Documentos/Trabalhos/3º%20ano/1º%20semestre/Engenharia%20de%20Software/demo1/build/reports/tests/1764695604083.0.html\r\nTimeout: 10 s.\r\nCaused by: NoSuchElementException: no such element: Unable to locate element: {\"method\":\"css selector\",\"selector\":\"vaadin-button[type='submit']\"}\r\n\tat com.codeborne.selenide.impl.WebElementSource.createElementNotFoundError(WebElementSource.java:68)\r\n\tat com.codeborne.selenide.impl.ElementFinder.createElementNotFoundError(ElementFinder.java:117)\r\n\tat com.codeborne.selenide.impl.WebElementSource.handleError(WebElementSource.java:119)\r\n\tat com.codeborne.selenide.impl.WebElementSource.checkConditionAndReturnElement(WebElementSource.java:102)\r\n\tat com.codeborne.selenide.impl.WebElementSource.findAndAssertElementIsClickable(WebElementSource.java:148)\r\n\tat com.codeborne.selenide.commands.Click.findElement(Click.java:42)\r\n\tat com.codeborne.selenide.commands.Click.execute(Click.java:28)\r\n\tat com.codeborne.selenide.FluentCommand.execute(FluentCommand.java:23)\r\n\tat com.codeborne.selenide.FluentCommand.execute(FluentCommand.java:19)\r\n\tat com.codeborne.selenide.commands.Commands.execute(Commands.java:159)\r\n\tat com.codeborne.selenide.impl.SelenideElementProxy.dispatchAndRetry(SelenideElementProxy.java:131)\r\n\tat com.codeborne.selenide.impl.SelenideElementProxy.invoke(SelenideElementProxy.java:83)\r\n\tat jdk.proxy1/jdk.proxy1.$Proxy13.click(Unknown Source)\r\n\tat ex2.bookstore.page.LoginPage.login(LoginPage.java:27)\r\n\tat ex2.bookstore.test.BookstoreTest.testAddNewProduct(BookstoreTest.java:29)\r\n\tat java.base/java.lang.reflect.Method.invoke(Method.java:580)\r\n\tat java.base/java.util.ArrayList.forEach(ArrayList.java:1596)\r\n\tat java.base/java.util.ArrayList.forEach(ArrayList.java:1596)\r\nCaused by: org.openqa.selenium.NoSuchElementException: no such element: Unable to locate element: {\"method\":\"css selector\",\"selector\":\"vaadin-button[type='submit']\"}\n  (Session info: chrome=142.0.7444.176)\nFor documentation on this error, please visit: https://www.selenium.dev/documentation/webdriver/troubleshooting/errors#no-such-element-exception\nBuild info: version: '4.25.0', revision: '8a8aea2337'\nSystem info: os.name: 'Windows 11', os.arch: 'amd64', os.version: '10.0', java.version: '21.0.2'\nDriver info: org.openqa.selenium.chrome.ChromeDriver\nCommand: [3f192bbb3719d73b5be370e16f2f15e5, findElement {using=css selector, value=vaadin-button[type='submit']}]\nCapabilities {acceptInsecureCerts: true, browserName: chrome, browserVersion: 142.0.7444.176, chrome: {chromedriverVersion: 142.0.7444.175 (302067f14a4..., userDataDir: C:\\Users\\anils\\AppData\\Loca...}, fedcm:accounts: true, goog:chromeOptions: {debuggerAddress: localhost:53754}, goog:processID: 23992, networkConnectionEnabled: false, pageLoadStrategy: normal, platformName: windows, proxy: Proxy(), se:cdp: ws://localhost:53754/devtoo..., se:cdpVersion: 142.0.7444.176, setWindowRect: true, strictFileInteractability: false, timeouts: {implicit: 0, pageLoad: 300000, script: 30000}, unhandledPromptBehavior: accept, webauthn:extension:credBlob: true, webauthn:extension:largeBlob: true, webauthn:extension:minPinLength: true, webauthn:extension:prf: true, webauthn:virtualAuthenticators: true}\nSession ID: 3f192bbb3719d73b5be370e16f2f15e5\r\n\tat java.base/jdk.internal.reflect.DirectConstructorHandleAccessor.newInstance(DirectConstructorHandleAccessor.java:62)\r\n\tat java.base/java.lang.reflect.Constructor.newInstanceWithCaller(Constructor.java:502)\r\n\tat java.base/java.lang.reflect.Constructor.newInstance(Constructor.java:486)\r\n\tat org.openqa.selenium.remote.ErrorCodec.decode(ErrorCodec.java:167)\r\n\tat org.openqa.selenium.remote.codec.w3c.W3CHttpResponseCodec.decode(W3CHttpResponseCodec.java:138)\r\n\tat org.openqa.selenium.remote.codec.w3c.W3CHttpResponseCodec.decode(W3CHttpResponseCodec.java:50)\r\n\tat org.openqa.selenium.remote.HttpCommandExecutor.execute(HttpCommandExecutor.java:190)\r\n\tat org.openqa.selenium.remote.service.DriverCommandExecutor.invokeExecute(DriverCommandExecutor.java:216)\r\n\tat org.openqa.selenium.remote.service.DriverCommandExecutor.execute(DriverCommandExecutor.java:174)\r\n\tat org.openqa.selenium.remote.RemoteWebDriver.execute(RemoteWebDriver.java:545)\r\n\tat org.openqa.selenium.remote.ElementLocation$ElementFinder$2.findElement(ElementLocation.java:165)\r\n\tat org.openqa.selenium.remote.ElementLocation.findElement(ElementLocation.java:59)\r\n\tat org.openqa.selenium.remote.RemoteWebDriver.findElement(RemoteWebDriver.java:368)\r\n\tat org.openqa.selenium.remote.RemoteWebDriver.findElement(RemoteWebDriver.java:362)\r\n\tat com.codeborne.selenide.impl.WebElementSelector.findElement(WebElementSelector.java:64)\r\n\tat com.codeborne.selenide.impl.WebElementSelector.findElement(WebElementSelector.java:39)\r\n\tat com.codeborne.selenide.impl.WebElementSelector.findElement(WebElementSelector.java:30)\r\n\tat com.codeborne.selenide.impl.ElementFinder.getWebElement(ElementFinder.java:101)\r\n\tat com.codeborne.selenide.impl.WebElementSource.checkConditionAndReturnElement(WebElementSource.java:91)\r\n\t... 14 more\r\n"},"start":1764695585714,"stop":1764695605112,"duration":19398,"description":"","flaky":false,"muted":false,"known":false,"hidden":true,"labels":[{"name":"junit.platform.uniqueid","value":"[engine:junit-jupiter]/[class:ex2.bookstore.test.BookstoreTest]/[method:testAddNewProduct()]"},{"name":"host","value":"ANILSON-MARIO"},{"name":"thread","value":"26000@ANILSON-MARIO.main(1)"},{"name":"framework","value":"junit-platform"},{"name":"language","value":"java"},{"name":"package","value":"ex2.bookstore.test.BookstoreTest"},{"name":"testClass","value":"ex2.bookstore.test.BookstoreTest"},{"name":"testMethod","value":"testAddNewProduct"},{"name":"suite","value":"ex2.bookstore.test.BookstoreTest"}],"steps":[],"parameters":[],"links":[],"hostId":"ANILSON-MARIO","threadId":"26000@ANILSON-MARIO.main(1)","sourceMetadata":{"readerId":"allure2","metadata":{"originalFileName":"675acba1-a674-4240-8496-f63c828e49b6-result.json"}},"titlePath":[],"environment":"default","transition":"new"},{"id":"1a94cb0e87d30297d512f33f00278c1f","name":"testAddNewProduct()","testCase":{"id":"074f42ac1395703518e71b3fa3b574ad","name":"testAddNewProduct()","fullName":"ex2.bookstore.test.BookstoreTest.testAddNewProduct"},"fullName":"ex2.bookstore.test.BookstoreTest.testAddNewProduct","historyId":"074f42ac1395703518e71b3fa3b574ad.d41d8cd98f00b204e9800998ecf8427e","status":"failed","error":{"message":"Invalid element state [[name='username']]: invalid element state\r\nScreenshot: file:/C:/Users/anils/OneDrive/Documentos/Trabalhos/3º%20ano/1º%20semestre/Engenharia%20de%20Software/demo1/build/reports/tests/1764695451022.0.png\r\nPage source: file:/C:/Users/anils/OneDrive/Documentos/Trabalhos/3º%20ano/1º%20semestre/Engenharia%20de%20Software/demo1/build/reports/tests/1764695451022.0.html\r\nTimeout: 10 s.\r\nCaused by: InvalidElementStateException: invalid element state","trace":"Invalid element state [[name='username']]: invalid element state\r\nScreenshot: file:/C:/Users/anils/OneDrive/Documentos/Trabalhos/3º%20ano/1º%20semestre/Engenharia%20de%20Software/demo1/build/reports/tests/1764695451022.0.png\r\nPage source: file:/C:/Users/anils/OneDrive/Documentos/Trabalhos/3º%20ano/1º%20semestre/Engenharia%20de%20Software/demo1/build/reports/tests/1764695451022.0.html\r\nTimeout: 10 s.\r\nCaused by: InvalidElementStateException: invalid element state\r\n\tat com.codeborne.selenide.impl.ExceptionWrapper.wrap(ExceptionWrapper.java:19)\r\n\tat com.codeborne.selenide.impl.SelenideElementProxy.dispatchAndRetry(SelenideElementProxy.java:153)\r\n\tat com.codeborne.selenide.impl.SelenideElementProxy.invoke(SelenideElementProxy.java:83)\r\n\tat jdk.proxy1/jdk.proxy1.$Proxy13.setValue(Unknown Source)\r\n\tat ex2.bookstore.page.LoginPage.login(LoginPage.java:26)\r\n\tat ex2.bookstore.test.BookstoreTest.testAddNewProduct(BookstoreTest.java:29)\r\n\tat java.base/java.lang.reflect.Method.invoke(Method.java:580)\r\n\tat java.base/java.util.ArrayList.forEach(ArrayList.java:1596)\r\n\tat java.base/java.util.ArrayList.forEach(ArrayList.java:1596)\r\nCaused by: org.openqa.selenium.InvalidElementStateException: invalid element state\n  (Session info: chrome=142.0.7444.176)\nBuild info: version: '4.25.0', revision: '8a8aea2337'\nSystem info: os.name: 'Windows 11', os.arch: 'amd64', os.version: '10.0', java.version: '21.0.2'\nDriver info: org.openqa.selenium.chrome.ChromeDriver\nCommand: [3e8a46e38671bda42697ba303ae52f15, clearElement {id=f.90EF630D519BC27C9A813F5026A4667D.d.DEB3B2DC23C263455A12FF7E973999C9.e.13}]\nCapabilities {acceptInsecureCerts: true, browserName: chrome, browserVersion: 142.0.7444.176, chrome: {chromedriverVersion: 142.0.7444.175 (302067f14a4..., userDataDir: C:\\Users\\anils\\AppData\\Loca...}, fedcm:accounts: true, goog:chromeOptions: {debuggerAddress: localhost:51408}, goog:processID: 26072, networkConnectionEnabled: false, pageLoadStrategy: normal, platformName: windows, proxy: Proxy(), se:cdp: ws://localhost:51408/devtoo..., se:cdpVersion: 142.0.7444.176, setWindowRect: true, strictFileInteractability: false, timeouts: {implicit: 0, pageLoad: 300000, script: 30000}, unhandledPromptBehavior: accept, webauthn:extension:credBlob: true, webauthn:extension:largeBlob: true, webauthn:extension:minPinLength: true, webauthn:extension:prf: true, webauthn:virtualAuthenticators: true}\nElement: [[ChromeDriver: chrome on windows (3e8a46e38671bda42697ba303ae52f15)] -> css selector: [name='username']]\nSession ID: 3e8a46e38671bda42697ba303ae52f15\r\n\tat java.base/jdk.internal.reflect.DirectConstructorHandleAccessor.newInstance(DirectConstructorHandleAccessor.java:62)\r\n\tat java.base/java.lang.reflect.Constructor.newInstanceWithCaller(Constructor.java:502)\r\n\tat java.base/java.lang.reflect.Constructor.newInstance(Constructor.java:486)\r\n\tat org.openqa.selenium.remote.ErrorCodec.decode(ErrorCodec.java:167)\r\n\tat org.openqa.selenium.remote.codec.w3c.W3CHttpResponseCodec.decode(W3CHttpResponseCodec.java:138)\r\n\tat org.openqa.selenium.remote.codec.w3c.W3CHttpResponseCodec.decode(W3CHttpResponseCodec.java:50)\r\n\tat org.openqa.selenium.remote.HttpCommandExecutor.execute(HttpCommandExecutor.java:190)\r\n\tat org.openqa.selenium.remote.service.DriverCommandExecutor.invokeExecute(DriverCommandExecutor.java:216)\r\n\tat org.openqa.selenium.remote.service.DriverCommandExecutor.execute(DriverCommandExecutor.java:174)\r\n\tat org.openqa.selenium.remote.RemoteWebDriver.execute(RemoteWebDriver.java:545)\r\n\tat org.openqa.selenium.remote.RemoteWebElement.execute(RemoteWebElement.java:223)\r\n\tat org.openqa.selenium.remote.RemoteWebElement.clear(RemoteWebElement.java:129)\r\n\tat com.codeborne.selenide.commands.Clear.clear(Clear.java:63)\r\n\tat com.codeborne.selenide.commands.SetValue.setValueForTextInput(SetValue.java:64)\r\n\tat com.codeborne.selenide.commands.SetValue.execute(SetValue.java:38)\r\n\tat com.codeborne.selenide.FluentCommand.execute(FluentCommand.java:23)\r\n\tat com.codeborne.selenide.FluentCommand.execute(FluentCommand.java:19)\r\n\tat com.codeborne.selenide.commands.Commands.execute(Commands.java:159)\r\n\tat com.codeborne.selenide.impl.SelenideElementProxy.dispatchAndRetry(SelenideElementProxy.java:131)\r\n\t... 7 more\r\n"},"start":1764695434838,"stop":1764695451974,"duration":17136,"description":"","flaky":false,"muted":false,"known":false,"hidden":true,"labels":[{"name":"junit.platform.uniqueid","value":"[engine:junit-jupiter]/[class:ex2.bookstore.test.BookstoreTest]/[method:testAddNewProduct()]"},{"name":"host","value":"ANILSON-MARIO"},{"name":"thread","value":"34420@ANILSON-MARIO.main(1)"},{"name":"framework","value":"junit-platform"},{"name":"language","value":"java"},{"name":"package","value":"ex2.bookstore.test.BookstoreTest"},{"name":"testClass","value":"ex2.bookstore.test.BookstoreTest"},{"name":"testMethod","value":"testAddNewProduct"},{"name":"suite","value":"ex2.bookstore.test.BookstoreTest"}],"steps":[],"parameters":[],"links":[],"hostId":"ANILSON-MARIO","threadId":"34420@ANILSON-MARIO.main(1)","sourceMetadata":{"readerId":"allure2","metadata":{"originalFileName":"39e52d3d-93bf-44c8-b724-c4bce9d3f84c-result.json"}},"titlePath":[],"environment":"default","transition":"new"},{"id":"41331afab979c59883c937f801388e01","name":"testAddNewProduct()","testCase":{"id":"074f42ac1395703518e71b3fa3b574ad","name":"testAddNewProduct()","fullName":"ex2.bookstore.test.BookstoreTest.testAddNewProduct"},"fullName":"ex2.bookstore.test.BookstoreTest.testAddNewProduct","historyId":"074f42ac1395703518e71b3fa3b574ad.d41d8cd98f00b204e9800998ecf8427e","status":"failed","error":{"message":"Element not found {#username}\r\nExpected: editable\r\nScreenshot: file:/C:/Users/anils/OneDrive/Documentos/Trabalhos/3º%20ano/1º%20semestre/Engenharia%20de%20Software/demo1/build/reports/tests/1764695279063.0.png\r\nPage source: file:/C:/Users/anils/OneDrive/Documentos/Trabalhos/3º%20ano/1º%20semestre/Engenharia%20de%20Software/demo1/build/reports/tests/1764695279063.0.html\r\nTimeout: 10 s.\r\nCaused by: NoSuchElementException: no such element: Unable to locate element: {\"method\":\"css selector\",\"selector\":\"#username\"}","trace":"Element not found {#username}\r\nExpected: editable\r\nScreenshot: file:/C:/Users/anils/OneDrive/Documentos/Trabalhos/3º%20ano/1º%20semestre/Engenharia%20de%20Software/demo1/build/reports/tests/1764695279063.0.png\r\nPage source: file:/C:/Users/anils/OneDrive/Documentos/Trabalhos/3º%20ano/1º%20semestre/Engenharia%20de%20Software/demo1/build/reports/tests/1764695279063.0.html\r\nTimeout: 10 s.\r\nCaused by: NoSuchElementException: no such element: Unable to locate element: {\"method\":\"css selector\",\"selector\":\"#username\"}\r\n\tat com.codeborne.selenide.impl.WebElementSource.createElementNotFoundError(WebElementSource.java:68)\r\n\tat com.codeborne.selenide.impl.ElementFinder.createElementNotFoundError(ElementFinder.java:117)\r\n\tat com.codeborne.selenide.impl.WebElementSource.handleError(WebElementSource.java:119)\r\n\tat com.codeborne.selenide.impl.WebElementSource.checkConditionAndReturnElement(WebElementSource.java:102)\r\n\tat com.codeborne.selenide.impl.WebElementSource.findAndAssertElementIsEditable(WebElementSource.java:156)\r\n\tat com.codeborne.selenide.commands.SetValue.setValueForTextInput(SetValue.java:52)\r\n\tat com.codeborne.selenide.commands.SetValue.execute(SetValue.java:38)\r\n\tat com.codeborne.selenide.FluentCommand.execute(FluentCommand.java:23)\r\n\tat com.codeborne.selenide.FluentCommand.execute(FluentCommand.java:19)\r\n\tat com.codeborne.selenide.commands.Commands.execute(Commands.java:159)\r\n\tat com.codeborne.selenide.impl.SelenideElementProxy.dispatchAndRetry(SelenideElementProxy.java:131)\r\n\tat com.codeborne.selenide.impl.SelenideElementProxy.invoke(SelenideElementProxy.java:83)\r\n\tat jdk.proxy1/jdk.proxy1.$Proxy13.setValue(Unknown Source)\r\n\tat ex2.bookstore.page.LoginPage.login(LoginPage.java:23)\r\n\tat ex2.bookstore.test.BookstoreTest.testAddNewProduct(BookstoreTest.java:29)\r\n\tat java.base/java.lang.reflect.Method.invoke(Method.java:580)\r\n\tat java.base/java.util.ArrayList.forEach(ArrayList.java:1596)\r\n\tat java.base/java.util.ArrayList.forEach(ArrayList.java:1596)\r\nCaused by: org.openqa.selenium.NoSuchElementException: no such element: Unable to locate element: {\"method\":\"css selector\",\"selector\":\"#username\"}\n  (Session info: chrome=142.0.7444.176)\nFor documentation on this error, please visit: https://www.selenium.dev/documentation/webdriver/troubleshooting/errors#no-such-element-exception\nBuild info: version: '4.25.0', revision: '8a8aea2337'\nSystem info: os.name: 'Windows 11', os.arch: 'amd64', os.version: '10.0', java.version: '21.0.2'\nDriver info: org.openqa.selenium.chrome.ChromeDriver\nCommand: [fa7660490f9fbd823248c67131bc2adc, findElement {using=id, value=username}]\nCapabilities {acceptInsecureCerts: true, browserName: chrome, browserVersion: 142.0.7444.176, chrome: {chromedriverVersion: 142.0.7444.175 (302067f14a4..., userDataDir: C:\\Users\\anils\\AppData\\Loca...}, fedcm:accounts: true, goog:chromeOptions: {debuggerAddress: localhost:62006}, goog:processID: 34620, networkConnectionEnabled: false, pageLoadStrategy: normal, platformName: windows, proxy: Proxy(), se:cdp: ws://localhost:62006/devtoo..., se:cdpVersion: 142.0.7444.176, setWindowRect: true, strictFileInteractability: false, timeouts: {implicit: 0, pageLoad: 300000, script: 30000}, unhandledPromptBehavior: accept, webauthn:extension:credBlob: true, webauthn:extension:largeBlob: true, webauthn:extension:minPinLength: true, webauthn:extension:prf: true, webauthn:virtualAuthenticators: true}\nSession ID: fa7660490f9fbd823248c67131bc2adc\r\n\tat java.base/jdk.internal.reflect.DirectConstructorHandleAccessor.newInstance(DirectConstructorHandleAccessor.java:62)\r\n\tat java.base/java.lang.reflect.Constructor.newInstanceWithCaller(Constructor.java:502)\r\n\tat java.base/java.lang.reflect.Constructor.newInstance(Constructor.java:486)\r\n\tat org.openqa.selenium.remote.ErrorCodec.decode(ErrorCodec.java:167)\r\n\tat org.openqa.selenium.remote.codec.w3c.W3CHttpResponseCodec.decode(W3CHttpResponseCodec.java:138)\r\n\tat org.openqa.selenium.remote.codec.w3c.W3CHttpResponseCodec.decode(W3CHttpResponseCodec.java:50)\r\n\tat org.openqa.selenium.remote.HttpCommandExecutor.execute(HttpCommandExecutor.java:190)\r\n\tat org.openqa.selenium.remote.service.DriverCommandExecutor.invokeExecute(DriverCommandExecutor.java:216)\r\n\tat org.openqa.selenium.remote.service.DriverCommandExecutor.execute(DriverCommandExecutor.java:174)\r\n\tat org.openqa.selenium.remote.RemoteWebDriver.execute(RemoteWebDriver.java:545)\r\n\tat org.openqa.selenium.remote.ElementLocation$ElementFinder$2.findElement(ElementLocation.java:165)\r\n\tat org.openqa.selenium.remote.ElementLocation.findElement(ElementLocation.java:59)\r\n\tat org.openqa.selenium.remote.RemoteWebDriver.findElement(RemoteWebDriver.java:368)\r\n\tat org.openqa.selenium.remote.RemoteWebDriver.findElement(RemoteWebDriver.java:362)\r\n\tat com.codeborne.selenide.impl.WebElementSelector.findElement(WebElementSelector.java:64)\r\n\tat com.codeborne.selenide.impl.WebElementSelector.findElement(WebElementSelector.java:39)\r\n\tat com.codeborne.selenide.impl.WebElementSelector.findElement(WebElementSelector.java:30)\r\n\tat com.codeborne.selenide.impl.ElementFinder.getWebElement(ElementFinder.java:101)\r\n\tat com.codeborne.selenide.impl.WebElementSource.checkConditionAndReturnElement(WebElementSource.java:91)\r\n\t... 14 more\r\n"},"start":1764695262289,"stop":1764695279657,"duration":17368,"description":"","flaky":false,"muted":false,"known":false,"hidden":true,"labels":[{"name":"junit.platform.uniqueid","value":"[engine:junit-jupiter]/[class:ex2.bookstore.test.BookstoreTest]/[method:testAddNewProduct()]"},{"name":"host","value":"ANILSON-MARIO"},{"name":"thread","value":"16120@ANILSON-MARIO.main(1)"},{"name":"framework","value":"junit-platform"},{"name":"language","value":"java"},{"name":"package","value":"ex2.bookstore.test.BookstoreTest"},{"name":"testClass","value":"ex2.bookstore.test.BookstoreTest"},{"name":"testMethod","value":"testAddNewProduct"},{"name":"suite","value":"ex2.bookstore.test.BookstoreTest"}],"steps":[],"parameters":[],"links":[],"hostId":"ANILSON-MARIO","threadId":"16120@ANILSON-MARIO.main(1)","sourceMetadata":{"readerId":"allure2","metadata":{"originalFileName":"e4c2fac2-3e4b-452a-8949-4999eab1f65f-result.json"}},"titlePath":[],"environment":"default","transition":"new"},{"id":"3232ba603c516dc0b498fcd063007773","name":"testAddNewProduct()","testCase":{"id":"074f42ac1395703518e71b3fa3b574ad","name":"testAddNewProduct()","fullName":"ex2.bookstore.test.BookstoreTest.testAddNewProduct"},"fullName":"ex2.bookstore.test.BookstoreTest.testAddNewProduct","historyId":"074f42ac1395703518e71b3fa3b574ad.d41d8cd98f00b204e9800998ecf8427e","status":"failed","error":{"message":"Element not found {#username}\r\nExpected: editable\r\nScreenshot: file:/C:/Users/anils/OneDrive/Documentos/Trabalhos/3º%20ano/1º%20semestre/Engenharia%20de%20Software/demo1/build/reports/tests/1764695093964.0.png\r\nPage source: file:/C:/Users/anils/OneDrive/Documentos/Trabalhos/3º%20ano/1º%20semestre/Engenharia%20de%20Software/demo1/build/reports/tests/1764695093964.0.html\r\nTimeout: 5 s.\r\nCaused by: NoSuchElementException: no such element: Unable to locate element: {\"method\":\"css selector\",\"selector\":\"#username\"}","trace":"Element not found {#username}\r\nExpected: editable\r\nScreenshot: file:/C:/Users/anils/OneDrive/Documentos/Trabalhos/3º%20ano/1º%20semestre/Engenharia%20de%20Software/demo1/build/reports/tests/1764695093964.0.png\r\nPage source: file:/C:/Users/anils/OneDrive/Documentos/Trabalhos/3º%20ano/1º%20semestre/Engenharia%20de%20Software/demo1/build/reports/tests/1764695093964.0.html\r\nTimeout: 5 s.\r\nCaused by: NoSuchElementException: no such element: Unable to locate element: {\"method\":\"css selector\",\"selector\":\"#username\"}\r\n\tat com.codeborne.selenide.impl.WebElementSource.createElementNotFoundError(WebElementSource.java:68)\r\n\tat com.codeborne.selenide.impl.ElementFinder.createElementNotFoundError(ElementFinder.java:117)\r\n\tat com.codeborne.selenide.impl.WebElementSource.handleError(WebElementSource.java:119)\r\n\tat com.codeborne.selenide.impl.WebElementSource.checkConditionAndReturnElement(WebElementSource.java:102)\r\n\tat com.codeborne.selenide.impl.WebElementSource.findAndAssertElementIsEditable(WebElementSource.java:156)\r\n\tat com.codeborne.selenide.commands.SetValue.setValueForTextInput(SetValue.java:52)\r\n\tat com.codeborne.selenide.commands.SetValue.execute(SetValue.java:38)\r\n\tat com.codeborne.selenide.FluentCommand.execute(FluentCommand.java:23)\r\n\tat com.codeborne.selenide.FluentCommand.execute(FluentCommand.java:19)\r\n\tat com.codeborne.selenide.commands.Commands.execute(Commands.java:159)\r\n\tat com.codeborne.selenide.impl.SelenideElementProxy.dispatchAndRetry(SelenideElementProxy.java:131)\r\n\tat com.codeborne.selenide.impl.SelenideElementProxy.invoke(SelenideElementProxy.java:83)\r\n\tat jdk.proxy1/jdk.proxy1.$Proxy13.setValue(Unknown Source)\r\n\tat ex2.bookstore.page.LoginPage.login(LoginPage.java:23)\r\n\tat ex2.bookstore.test.BookstoreTest.testAddNewProduct(BookstoreTest.java:32)\r\n\tat java.base/java.lang.reflect.Method.invoke(Method.java:580)\r\n\tat java.base/java.util.ArrayList.forEach(ArrayList.java:1596)\r\n\tat java.base/java.util.ArrayList.forEach(ArrayList.java:1596)\r\nCaused by: org.openqa.selenium.NoSuchElementException: no such element: Unable to locate element: {\"method\":\"css selector\",\"selector\":\"#username\"}\n  (Session info: chrome=142.0.7444.176)\nFor documentation on this error, please visit: https://www.selenium.dev/documentation/webdriver/troubleshooting/errors#no-such-element-exception\nBuild info: version: '4.25.0', revision: '8a8aea2337'\nSystem info: os.name: 'Windows 11', os.arch: 'amd64', os.version: '10.0', java.version: '21.0.2'\nDriver info: org.openqa.selenium.chrome.ChromeDriver\nCommand: [d9568c3a0e1945208122d789f7b34d6a, findElement {value=username, using=id}]\nCapabilities {acceptInsecureCerts: true, browserName: chrome, browserVersion: 142.0.7444.176, chrome: {chromedriverVersion: 142.0.7444.175 (302067f14a4..., userDataDir: C:\\Users\\anils\\AppData\\Loca...}, fedcm:accounts: true, goog:chromeOptions: {debuggerAddress: localhost:65314}, goog:processID: 8100, networkConnectionEnabled: false, pageLoadStrategy: normal, platformName: windows, proxy: Proxy(), se:cdp: ws://localhost:65314/devtoo..., se:cdpVersion: 142.0.7444.176, setWindowRect: true, strictFileInteractability: false, timeouts: {implicit: 0, pageLoad: 300000, script: 30000}, unhandledPromptBehavior: accept, webauthn:extension:credBlob: true, webauthn:extension:largeBlob: true, webauthn:extension:minPinLength: true, webauthn:extension:prf: true, webauthn:virtualAuthenticators: true}\nSession ID: d9568c3a0e1945208122d789f7b34d6a\r\n\tat java.base/jdk.internal.reflect.DirectConstructorHandleAccessor.newInstance(DirectConstructorHandleAccessor.java:62)\r\n\tat java.base/java.lang.reflect.Constructor.newInstanceWithCaller(Constructor.java:502)\r\n\tat java.base/java.lang.reflect.Constructor.newInstance(Constructor.java:486)\r\n\tat org.openqa.selenium.remote.ErrorCodec.decode(ErrorCodec.java:167)\r\n\tat org.openqa.selenium.remote.codec.w3c.W3CHttpResponseCodec.decode(W3CHttpResponseCodec.java:138)\r\n\tat org.openqa.selenium.remote.codec.w3c.W3CHttpResponseCodec.decode(W3CHttpResponseCodec.java:50)\r\n\tat org.openqa.selenium.remote.HttpCommandExecutor.execute(HttpCommandExecutor.java:190)\r\n\tat org.openqa.selenium.remote.service.DriverCommandExecutor.invokeExecute(DriverCommandExecutor.java:216)\r\n\tat org.openqa.selenium.remote.service.DriverCommandExecutor.execute(DriverCommandExecutor.java:174)\r\n\tat org.openqa.selenium.remote.RemoteWebDriver.execute(RemoteWebDriver.java:545)\r\n\tat org.openqa.selenium.remote.ElementLocation$ElementFinder$2.findElement(ElementLocation.java:165)\r\n\tat org.openqa.selenium.remote.ElementLocation.findElement(ElementLocation.java:59)\r\n\tat org.openqa.selenium.remote.RemoteWebDriver.findElement(RemoteWebDriver.java:368)\r\n\tat org.openqa.selenium.remote.RemoteWebDriver.findElement(RemoteWebDriver.java:362)\r\n\tat com.codeborne.selenide.impl.WebElementSelector.findElement(WebElementSelector.java:64)\r\n\tat com.codeborne.selenide.impl.WebElementSelector.findElement(WebElementSelector.java:39)\r\n\tat com.codeborne.selenide.impl.WebElementSelector.findElement(WebElementSelector.java:30)\r\n\tat com.codeborne.selenide.impl.ElementFinder.getWebElement(ElementFinder.java:101)\r\n\tat com.codeborne.selenide.impl.WebElementSource.checkConditionAndReturnElement(WebElementSource.java:91)\r\n\t... 14 more\r\n"},"start":1764695081102,"stop":1764695094637,"duration":13535,"description":"","flaky":false,"muted":false,"known":false,"hidden":true,"labels":[{"name":"junit.platform.uniqueid","value":"[engine:junit-jupiter]/[class:ex2.bookstore.test.BookstoreTest]/[method:testAddNewProduct()]"},{"name":"host","value":"ANILSON-MARIO"},{"name":"thread","value":"22808@ANILSON-MARIO.main(1)"},{"name":"framework","value":"junit-platform"},{"name":"language","value":"java"},{"name":"package","value":"ex2.bookstore.test.BookstoreTest"},{"name":"testClass","value":"ex2.bookstore.test.BookstoreTest"},{"name":"testMethod","value":"testAddNewProduct"},{"name":"suite","value":"ex2.bookstore.test.BookstoreTest"}],"steps":[],"parameters":[],"links":[],"hostId":"ANILSON-MARIO","threadId":"22808@ANILSON-MARIO.main(1)","sourceMetadata":{"readerId":"allure2","metadata":{"originalFileName":"a7264f88-1f43-48cb-995a-e3e99bed8e89-result.json"}},"titlePath":[],"environment":"default","transition":"new"}],"breadcrumbs":[["ex2.bookstore.test.BookstoreTest"]],"retry":true,"transition":"new","titlePath":[],"retriesCount":27,"attachments":[],"order":28}