{"id":"6ce7198949bcf25ad270032612157928","name":"testAddNewProduct()","start":1764769828536,"stop":1764769843145,"duration":14609,"status":"failed","fullName":"ex2.bookstore.test.BookstoreTest.testAddNewProduct","historyId":"074f42ac1395703518e71b3fa3b574ad.d41d8cd98f00b204e9800998ecf8427e","flaky":false,"muted":false,"known":false,"hidden":true,"labels":[{"name":"junit.platform.uniqueid","value":"[engine:junit-jupiter]/[class:ex2.bookstore.test.BookstoreTest]/[method:testAddNewProduct()]"},{"name":"host","value":"ANILSON-MARIO"},{"name":"thread","value":"22320@ANILSON-MARIO.main(1)"},{"name":"framework","value":"junit-platform"},{"name":"language","value":"java"},{"name":"package","value":"ex2.bookstore.test.BookstoreTest"},{"name":"testClass","value":"ex2.bookstore.test.BookstoreTest"},{"name":"testMethod","value":"testAddNewProduct"},{"name":"suite","value":"ex2.bookstore.test.BookstoreTest"}],"groupedLabels":{"junit.platform.uniqueid":["[engine:junit-jupiter]/[class:ex2.bookstore.test.BookstoreTest]/[method:testAddNewProduct()]"],"host":["ANILSON-MARIO"],"thread":["22320@ANILSON-MARIO.main(1)"],"framework":["junit-platform"],"language":["java"],"package":["ex2.bookstore.test.BookstoreTest"],"testClass":["ex2.bookstore.test.BookstoreTest"],"testMethod":["testAddNewProduct"],"suite":["ex2.bookstore.test.BookstoreTest"]},"parameters":[],"links":[],"steps":[],"error":{"message":"NoSuchSessionException: invalid session id: session deleted as the browser has closed the connection\r\nPage source: file:/C:/Users/anils/OneDrive/Documentos/Trabalhos/3ยบ%20ano/1ยบ%20semestre/Engenharia%20de%20Software/demo1/build/reports/tests/1764769842939.0.html\r\nTimeout: 10 s.\r\nCaused by: NoSuchSessionException: invalid session id: session deleted as the browser has closed the connection","trace":"NoSuchSessionException: invalid session id: session deleted as the browser has closed the connection\r\nPage source: file:/C:/Users/anils/OneDrive/Documentos/Trabalhos/3ยบ%20ano/1ยบ%20semestre/Engenharia%20de%20Software/demo1/build/reports/tests/1764769842939.0.html\r\nTimeout: 10 s.\r\nCaused by: NoSuchSessionException: invalid session id: session deleted as the browser has closed the connection\r\n\tat com.codeborne.selenide.ex.UIAssertionError.wrapToUIAssertionError(UIAssertionError.java:121)\r\n\tat com.codeborne.selenide.ex.UIAssertionError.wrapThrowable(UIAssertionError.java:103)\r\n\tat com.codeborne.selenide.ex.UIAssertionError.wrap(UIAssertionError.java:98)\r\n\tat com.codeborne.selenide.impl.SelenideElementProxy.invoke(SelenideElementProxy.java:93)\r\n\tat jdk.proxy1/jdk.proxy1.$Proxy11.sendKeys(Unknown Source)\r\n\tat ex2.bookstore.page.BookstorePage.fillProductDetails(BookstorePage.java:35)\r\n\tat ex2.bookstore.test.BookstoreTest.testAddNewProduct(BookstoreTest.java:41)\r\n\tat java.base/java.lang.reflect.Method.invoke(Method.java:580)\r\n\tat java.base/java.util.ArrayList.forEach(ArrayList.java:1596)\r\n\tat java.base/java.util.ArrayList.forEach(ArrayList.java:1596)\r\nCaused by: org.openqa.selenium.NoSuchSessionException: invalid session id: session deleted as the browser has closed the connection\nfrom disconnected: not connected to DevTools\n  (Session info: chrome=142.0.7444.176)\nBuild info: version: '4.25.0', revision: '8a8aea2337'\nSystem info: os.name: 'Windows 11', os.arch: 'amd64', os.version: '10.0', java.version: '21.0.2'\nDriver info: org.openqa.selenium.chrome.ChromeDriver\nCommand: [c3234e28ae3b7260363b32308eaa1f4b, findElement {using=css selector, value=vaadin-integer-field}]\nCapabilities {acceptInsecureCerts: true, browserName: chrome, browserVersion: 142.0.7444.176, chrome: {chromedriverVersion: 142.0.7444.175 (302067f14a4..., userDataDir: C:\\Users\\anils\\AppData\\Loca...}, fedcm:accounts: true, goog:chromeOptions: {debuggerAddress: localhost:57060}, goog:processID: 5436, networkConnectionEnabled: false, pageLoadStrategy: normal, platformName: windows, proxy: Proxy(), se:cdp: ws://localhost:57060/devtoo..., se:cdpVersion: 142.0.7444.176, setWindowRect: true, strictFileInteractability: false, timeouts: {implicit: 0, pageLoad: 300000, script: 30000}, unhandledPromptBehavior: accept, webauthn:extension:credBlob: true, webauthn:extension:largeBlob: true, webauthn:extension:minPinLength: true, webauthn:extension:prf: true, webauthn:virtualAuthenticators: true}\nSession ID: c3234e28ae3b7260363b32308eaa1f4b\r\n\tat java.base/jdk.internal.reflect.DirectConstructorHandleAccessor.newInstance(DirectConstructorHandleAccessor.java:62)\r\n\tat java.base/java.lang.reflect.Constructor.newInstanceWithCaller(Constructor.java:502)\r\n\tat java.base/java.lang.reflect.Constructor.newInstance(Constructor.java:486)\r\n\tat org.openqa.selenium.remote.ErrorCodec.decode(ErrorCodec.java:167)\r\n\tat org.openqa.selenium.remote.codec.w3c.W3CHttpResponseCodec.decode(W3CHttpResponseCodec.java:138)\r\n\tat org.openqa.selenium.remote.codec.w3c.W3CHttpResponseCodec.decode(W3CHttpResponseCodec.java:50)\r\n\tat org.openqa.selenium.remote.HttpCommandExecutor.execute(HttpCommandExecutor.java:190)\r\n\tat org.openqa.selenium.remote.service.DriverCommandExecutor.invokeExecute(DriverCommandExecutor.java:216)\r\n\tat org.openqa.selenium.remote.service.DriverCommandExecutor.execute(DriverCommandExecutor.java:174)\r\n\tat org.openqa.selenium.remote.RemoteWebDriver.execute(RemoteWebDriver.java:545)\r\n\tat org.openqa.selenium.remote.ElementLocation$ElementFinder$2.findElement(ElementLocation.java:165)\r\n\tat org.openqa.selenium.remote.ElementLocation.findElement(ElementLocation.java:59)\r\n\tat org.openqa.selenium.remote.RemoteWebDriver.findElement(RemoteWebDriver.java:368)\r\n\tat org.openqa.selenium.remote.RemoteWebDriver.findElement(RemoteWebDriver.java:362)\r\n\tat com.codeborne.selenide.impl.WebElementSelector.findElement(WebElementSelector.java:64)\r\n\tat com.codeborne.selenide.impl.WebElementSelector.findElement(WebElementSelector.java:39)\r\n\tat com.codeborne.selenide.impl.WebElementSelector.findElement(WebElementSelector.java:30)\r\n\tat com.codeborne.selenide.impl.ElementFinder.getWebElement(ElementFinder.java:101)\r\n\tat com.codeborne.selenide.impl.SelenideElementProxy.dispatchAndRetry(SelenideElementProxy.java:134)\r\n\tat com.codeborne.selenide.impl.SelenideElementProxy.invoke(SelenideElementProxy.java:83)\r\n\t... 6 more\r\n"},"testCase":{"id":"074f42ac1395703518e71b3fa3b574ad","name":"testAddNewProduct()","fullName":"ex2.bookstore.test.BookstoreTest.testAddNewProduct"},"environment":"default","setup":[],"teardown":[],"history":[],"retries":[],"breadcrumbs":[["ex2.bookstore.test.BookstoreTest"]],"retry":false,"transition":"new","titlePath":[],"retriesCount":0,"attachments":[],"order":16}