{"id":"bb3a713ff1322fa81f022997fd3a7cf6","name":"testAddNewProduct()","start":1764772356426,"stop":1764772380406,"duration":23980,"status":"failed","fullName":"ex2.bookstore.test.BookstoreTest.testAddNewProduct","historyId":"074f42ac1395703518e71b3fa3b574ad.d41d8cd98f00b204e9800998ecf8427e","flaky":false,"muted":false,"known":false,"hidden":true,"labels":[{"name":"junit.platform.uniqueid","value":"[engine:junit-jupiter]/[class:ex2.bookstore.test.BookstoreTest]/[method:testAddNewProduct()]"},{"name":"host","value":"ANILSON-MARIO"},{"name":"thread","value":"1664@ANILSON-MARIO.main(1)"},{"name":"framework","value":"junit-platform"},{"name":"language","value":"java"},{"name":"package","value":"ex2.bookstore.test.BookstoreTest"},{"name":"testClass","value":"ex2.bookstore.test.BookstoreTest"},{"name":"testMethod","value":"testAddNewProduct"},{"name":"suite","value":"ex2.bookstore.test.BookstoreTest"}],"groupedLabels":{"junit.platform.uniqueid":["[engine:junit-jupiter]/[class:ex2.bookstore.test.BookstoreTest]/[method:testAddNewProduct()]"],"host":["ANILSON-MARIO"],"thread":["1664@ANILSON-MARIO.main(1)"],"framework":["junit-platform"],"language":["java"],"package":["ex2.bookstore.test.BookstoreTest"],"testClass":["ex2.bookstore.test.BookstoreTest"],"testMethod":["testAddNewProduct"],"suite":["ex2.bookstore.test.BookstoreTest"]},"parameters":[],"links":[],"steps":[],"error":{"message":"Invalid element state [vaadin-text-field[0]]: invalid element state\r\nScreenshot: file:/C:/Users/anils/OneDrive/Documentos/Trabalhos/3º%20ano/1º%20semestre/Engenharia%20de%20Software/demo1/build/reports/tests/1764772380146.0.png\r\nPage source: file:/C:/Users/anils/OneDrive/Documentos/Trabalhos/3º%20ano/1º%20semestre/Engenharia%20de%20Software/demo1/build/reports/tests/1764772380146.0.html\r\nTimeout: 10 s.\r\nCaused by: InvalidElementStateException: invalid element state","trace":"Invalid element state [vaadin-text-field[0]]: invalid element state\r\nScreenshot: file:/C:/Users/anils/OneDrive/Documentos/Trabalhos/3º%20ano/1º%20semestre/Engenharia%20de%20Software/demo1/build/reports/tests/1764772380146.0.png\r\nPage source: file:/C:/Users/anils/OneDrive/Documentos/Trabalhos/3º%20ano/1º%20semestre/Engenharia%20de%20Software/demo1/build/reports/tests/1764772380146.0.html\r\nTimeout: 10 s.\r\nCaused by: InvalidElementStateException: invalid element state\r\n\tat com.codeborne.selenide.impl.ExceptionWrapper.wrap(ExceptionWrapper.java:19)\r\n\tat com.codeborne.selenide.impl.SelenideElementProxy.dispatchAndRetry(SelenideElementProxy.java:153)\r\n\tat com.codeborne.selenide.impl.SelenideElementProxy.invoke(SelenideElementProxy.java:83)\r\n\tat jdk.proxy1/jdk.proxy1.$Proxy11.setValue(Unknown Source)\r\n\tat ex2.bookstore.page.BookstorePage.isProductInList(BookstorePage.java:66)\r\n\tat ex2.bookstore.test.BookstoreTest.testAddNewProduct(BookstoreTest.java:48)\r\n\tat java.base/java.lang.reflect.Method.invoke(Method.java:580)\r\n\tat java.base/java.util.ArrayList.forEach(ArrayList.java:1596)\r\n\tat java.base/java.util.ArrayList.forEach(ArrayList.java:1596)\r\nCaused by: org.openqa.selenium.InvalidElementStateException: invalid element state\n  (Session info: chrome=142.0.7444.176)\nBuild info: version: '4.25.0', revision: '8a8aea2337'\nSystem info: os.name: 'Windows 11', os.arch: 'amd64', os.version: '10.0', java.version: '21.0.2'\nDriver info: org.openqa.selenium.chrome.ChromeDriver\nCommand: [5094f20ca771b7e1d10a5ade0e10c179, clearElement {id=f.C5D0999AB58B43EA4F934568F546E89E.d.9C14DCDF0EB5A9A26B09AA13704F2A2F.e.39}]\nCapabilities {acceptInsecureCerts: true, browserName: chrome, browserVersion: 142.0.7444.176, chrome: {chromedriverVersion: 142.0.7444.175 (302067f14a4..., userDataDir: C:\\Users\\anils\\AppData\\Loca...}, fedcm:accounts: true, goog:chromeOptions: {debuggerAddress: localhost:61366}, goog:processID: 23608, networkConnectionEnabled: false, pageLoadStrategy: normal, platformName: windows, proxy: Proxy(), se:cdp: ws://localhost:61366/devtoo..., se:cdpVersion: 142.0.7444.176, setWindowRect: true, strictFileInteractability: false, timeouts: {implicit: 0, pageLoad: 300000, script: 30000}, unhandledPromptBehavior: accept, webauthn:extension:credBlob: true, webauthn:extension:largeBlob: true, webauthn:extension:minPinLength: true, webauthn:extension:prf: true, webauthn:virtualAuthenticators: true}\nElement: [[ChromeDriver: chrome on windows (5094f20ca771b7e1d10a5ade0e10c179)] -> css selector: vaadin-text-field]\nSession ID: 5094f20ca771b7e1d10a5ade0e10c179\r\n\tat java.base/jdk.internal.reflect.DirectConstructorHandleAccessor.newInstance(DirectConstructorHandleAccessor.java:62)\r\n\tat java.base/java.lang.reflect.Constructor.newInstanceWithCaller(Constructor.java:502)\r\n\tat java.base/java.lang.reflect.Constructor.newInstance(Constructor.java:486)\r\n\tat org.openqa.selenium.remote.ErrorCodec.decode(ErrorCodec.java:167)\r\n\tat org.openqa.selenium.remote.codec.w3c.W3CHttpResponseCodec.decode(W3CHttpResponseCodec.java:138)\r\n\tat org.openqa.selenium.remote.codec.w3c.W3CHttpResponseCodec.decode(W3CHttpResponseCodec.java:50)\r\n\tat org.openqa.selenium.remote.HttpCommandExecutor.execute(HttpCommandExecutor.java:190)\r\n\tat org.openqa.selenium.remote.service.DriverCommandExecutor.invokeExecute(DriverCommandExecutor.java:216)\r\n\tat org.openqa.selenium.remote.service.DriverCommandExecutor.execute(DriverCommandExecutor.java:174)\r\n\tat org.openqa.selenium.remote.RemoteWebDriver.execute(RemoteWebDriver.java:545)\r\n\tat org.openqa.selenium.remote.RemoteWebElement.execute(RemoteWebElement.java:223)\r\n\tat org.openqa.selenium.remote.RemoteWebElement.clear(RemoteWebElement.java:129)\r\n\tat com.codeborne.selenide.commands.Clear.clear(Clear.java:63)\r\n\tat com.codeborne.selenide.commands.SetValue.setValueForTextInput(SetValue.java:64)\r\n\tat com.codeborne.selenide.commands.SetValue.execute(SetValue.java:38)\r\n\tat com.codeborne.selenide.FluentCommand.execute(FluentCommand.java:23)\r\n\tat com.codeborne.selenide.FluentCommand.execute(FluentCommand.java:19)\r\n\tat com.codeborne.selenide.commands.Commands.execute(Commands.java:159)\r\n\tat com.codeborne.selenide.impl.SelenideElementProxy.dispatchAndRetry(SelenideElementProxy.java:131)\r\n\t... 7 more\r\n"},"testCase":{"id":"074f42ac1395703518e71b3fa3b574ad","name":"testAddNewProduct()","fullName":"ex2.bookstore.test.BookstoreTest.testAddNewProduct"},"environment":"default","setup":[],"teardown":[],"history":[],"retries":[],"breadcrumbs":[["ex2.bookstore.test.BookstoreTest"]],"retry":false,"transition":"new","titlePath":[],"retriesCount":0,"attachments":[],"order":27}