{"uid":"26663cbc165458a7","name":"testButtonClickNotification()","fullName":"ex2.test5.tests.VaadinDatabaseExampleDemoPageTest.testButtonClickNotification","historyId":"5f7dc271a2342b8c8faf5ff2e832b096","time":{"start":1765108579138,"stop":1765108587494,"duration":8356},"description":"","status":"failed","statusMessage":"Element not found {div.v-button.findBy(text \"Click\")}\r\nExpected: visible\r\nScreenshot: file:/C:/Users/andre/OneDrive/Ambiente%20de%20Trabalho/Faculdade/3º%20ano/Engenharia%20de%20Software/demo1/build/reports/tests/1765108587245.0.png\r\nPage source: file:/C:/Users/andre/OneDrive/Ambiente%20de%20Trabalho/Faculdade/3º%20ano/Engenharia%20de%20Software/demo1/build/reports/tests/1765108587245.0.html\r\nTimeout: 4 s.\r\nCaused by: NoSuchElementException: Cannot locate an element div.v-button.findBy(text \"Click\")","statusTrace":"Element not found {div.v-button.findBy(text \"Click\")}\r\nExpected: visible\r\nScreenshot: file:/C:/Users/andre/OneDrive/Ambiente%20de%20Trabalho/Faculdade/3º%20ano/Engenharia%20de%20Software/demo1/build/reports/tests/1765108587245.0.png\r\nPage source: file:/C:/Users/andre/OneDrive/Ambiente%20de%20Trabalho/Faculdade/3º%20ano/Engenharia%20de%20Software/demo1/build/reports/tests/1765108587245.0.html\r\nTimeout: 4 s.\r\nCaused by: NoSuchElementException: Cannot locate an element div.v-button.findBy(text \"Click\")\r\n\tat com.codeborne.selenide.impl.WebElementSource.createElementNotFoundError(WebElementSource.java:68)\r\n\tat com.codeborne.selenide.impl.WebElementSource.handleError(WebElementSource.java:119)\r\n\tat com.codeborne.selenide.impl.WebElementSource.checkConditionAndReturnElement(WebElementSource.java:102)\r\n\tat com.codeborne.selenide.impl.WebElementSource.checkCondition(WebElementSource.java:78)\r\n\tat com.codeborne.selenide.commands.Should.execute(Should.java:24)\r\n\tat com.codeborne.selenide.FluentCommand.execute(FluentCommand.java:23)\r\n\tat com.codeborne.selenide.FluentCommand.execute(FluentCommand.java:19)\r\n\tat com.codeborne.selenide.commands.Commands.execute(Commands.java:159)\r\n\tat com.codeborne.selenide.impl.SelenideElementProxy.dispatchAndRetry(SelenideElementProxy.java:131)\r\n\tat com.codeborne.selenide.impl.SelenideElementProxy.invoke(SelenideElementProxy.java:83)\r\n\tat jdk.proxy1/jdk.proxy1.$Proxy10.shouldBe(Unknown Source)\r\n\tat ex2.test5.pages.VaadinDatabaseExampleDemoPage.clickButton(VaadinDatabaseExampleDemoPage.java:28)\r\n\tat ex2.test5.tests.VaadinDatabaseExampleDemoPageTest.testButtonClickNotification(VaadinDatabaseExampleDemoPageTest.java:23)\r\n\tat java.base/java.lang.reflect.Method.invoke(Method.java:565)\r\n\tat java.base/java.util.ArrayList.forEach(ArrayList.java:1604)\r\n\tat java.base/java.util.ArrayList.forEach(ArrayList.java:1604)\r\nCaused by: org.openqa.selenium.NoSuchElementException: Cannot locate an element div.v-button.findBy(text \"Click\")\nFor documentation on this error, please visit: https://www.selenium.dev/documentation/webdriver/troubleshooting/errors#no-such-element-exception\nBuild info: version: '4.25.0', revision: '8a8aea2337'\nSystem info: os.name: 'Windows 11', os.arch: 'amd64', os.version: '10.0', java.version: '25.0.1'\nDriver info: driver.version: unknown\r\n\tat com.codeborne.selenide.impl.CollectionElementByCondition.getWebElement(CollectionElementByCondition.java:45)\r\n\tat com.codeborne.selenide.impl.WebElementSource.checkConditionAndReturnElement(WebElementSource.java:91)\r\n\t... 13 more\r\n","flaky":false,"newFailed":false,"newBroken":false,"newPassed":false,"retriesCount":9,"retriesStatusChange":true,"beforeStages":[],"afterStages":[],"labels":[{"name":"junit.platform.uniqueid","value":"[engine:junit-jupiter]/[class:ex2.test5.tests.VaadinDatabaseExampleDemoPageTest]/[method:testButtonClickNotification()]"},{"name":"host","value":"LAPTOP-83147U8S"},{"name":"thread","value":"16800@LAPTOP-83147U8S.main(3)"},{"name":"framework","value":"junit-platform"},{"name":"language","value":"java"},{"name":"package","value":"ex2.test5.tests.VaadinDatabaseExampleDemoPageTest"},{"name":"testClass","value":"ex2.test5.tests.VaadinDatabaseExampleDemoPageTest"},{"name":"testMethod","value":"testButtonClickNotification"},{"name":"suite","value":"ex2.test5.tests.VaadinDatabaseExampleDemoPageTest"},{"name":"resultFormat","value":"allure2"}],"parameters":[],"links":[],"hidden":false,"retry":false,"extra":{"severity":"normal","retries":[{"uid":"eb6aa774ec2a0f10","status":"failed","statusDetails":"Element not found {#com.vaadin.demo.sampler.AppWidgetSet}\r\nExpected: exist\r\nScreenshot: file:/C:/Users/andre/OneDrive/Ambiente%20de%20Trabalho/Faculdade/3º%20ano/Engenharia%20de%20Software/demo1/build/reports/tests/1765106972504.0.png\r\nPage source: file:/C:/Users/andre/OneDrive/Ambiente%20de%20Trabalho/Faculdade/3º%20ano/Engenharia%20de%20Software/demo1/build/reports/tests/1765106972504.0.html\r\nTimeout: 4 s.\r\nCaused by: NoSuchElementException: no such element: Unable to locate element: {\"method\":\"css selector\",\"selector\":\"#com.vaadin.demo.sampler.AppWidgetSet\"}","time":{"start":1765106964534,"stop":1765106972708,"duration":8174}},{"uid":"ce1e2af0f4bbb80d","status":"failed","statusDetails":"Element should be visible {div.v-slot.v-align-center.v-align-middle/div.v-button}\r\nElement: '<div class=\"v-button v-widget\" role=\"button\" tabindex=\"0\" displayed:false></div>'\r\nActual value: hidden\r\nScreenshot: file:/C:/Users/andre/OneDrive/Ambiente%20de%20Trabalho/Faculdade/3º%20ano/Engenharia%20de%20Software/demo1/build/reports/tests/1765106880329.0.png\r\nPage source: file:/C:/Users/andre/OneDrive/Ambiente%20de%20Trabalho/Faculdade/3º%20ano/Engenharia%20de%20Software/demo1/build/reports/tests/1765106880329.0.html\r\nTimeout: 4 s.","time":{"start":1765106872029,"stop":1765106880605,"duration":8576}},{"uid":"fb5dabc1ad02e8b9","status":"failed","statusDetails":"Element should be visible {div.v-slot.v-align-center.v-align-middle/div.v-button}\r\nElement: '<div class=\"v-button v-widget\" role=\"button\" tabindex=\"0\" displayed:false></div>'\r\nActual value: hidden\r\nScreenshot: file:/C:/Users/andre/OneDrive/Ambiente%20de%20Trabalho/Faculdade/3º%20ano/Engenharia%20de%20Software/demo1/build/reports/tests/1765106878977.0.png\r\nPage source: file:/C:/Users/andre/OneDrive/Ambiente%20de%20Trabalho/Faculdade/3º%20ano/Engenharia%20de%20Software/demo1/build/reports/tests/1765106878977.0.html\r\nTimeout: 4 s.","time":{"start":1765106870631,"stop":1765106879214,"duration":8583}},{"uid":"b4941e2e6b1b7a5","status":"failed","statusDetails":"Element not found {div.v-button}\r\nExpected: visible\r\nScreenshot: file:/C:/Users/andre/OneDrive/Ambiente%20de%20Trabalho/Faculdade/3º%20ano/Engenharia%20de%20Software/demo1/build/reports/tests/1765106594419.0.png\r\nPage source: file:/C:/Users/andre/OneDrive/Ambiente%20de%20Trabalho/Faculdade/3º%20ano/Engenharia%20de%20Software/demo1/build/reports/tests/1765106594419.0.html\r\nTimeout: 4 s.\r\nCaused by: NoSuchElementException: no such element: Unable to locate element: {\"method\":\"css selector\",\"selector\":\"div.v-button\"}","time":{"start":1765106586069,"stop":1765106594602,"duration":8533}},{"uid":"91eacd82c1bc6cd7","status":"failed","statusDetails":"Element not found {#demo}\r\nExpected: exist\r\nScreenshot: file:/C:/Users/andre/OneDrive/Ambiente%20de%20Trabalho/Faculdade/3º%20ano/Engenharia%20de%20Software/demo1/build/reports/tests/1765106325788.0.png\r\nPage source: file:/C:/Users/andre/OneDrive/Ambiente%20de%20Trabalho/Faculdade/3º%20ano/Engenharia%20de%20Software/demo1/build/reports/tests/1765106325788.0.html\r\nTimeout: 4 s.\r\nCaused by: NoSuchElementException: no such element: Unable to locate element: {\"method\":\"css selector\",\"selector\":\"#demo\"}","time":{"start":1765106314970,"stop":1765106326308,"duration":11338}},{"uid":"a1c4acfec5f9e9ee","status":"failed","statusDetails":"Element should be clickable: interactable and enabled {div.v-button}\r\nElement: '<div class=\"v-button v-widget\" role=\"button\" tabindex=\"0\" displayed:false></div>'\r\nActual value: hidden, opacity=1\r\nScreenshot: file:/C:/Users/andre/OneDrive/Ambiente%20de%20Trabalho/Faculdade/3º%20ano/Engenharia%20de%20Software/demo1/build/reports/tests/1765106032037.0.png\r\nPage source: file:/C:/Users/andre/OneDrive/Ambiente%20de%20Trabalho/Faculdade/3º%20ano/Engenharia%20de%20Software/demo1/build/reports/tests/1765106032037.0.html\r\nTimeout: 4 s.","time":{"start":1765106022089,"stop":1765106032602,"duration":10513}},{"uid":"91b60455ec9c1b88","status":"failed","statusDetails":"Invalid element state [by text: Click]: element click intercepted: Element <span class=\"v-button-caption\">...</span> is not clickable at point (569, 421). Other element would receive the click: <div tabindex=\"0\" role=\"button\" class=\"v-button v-widget\">...</div>\r\nScreenshot: file:/C:/Users/andre/OneDrive/Ambiente%20de%20Trabalho/Faculdade/3º%20ano/Engenharia%20de%20Software/demo1/build/reports/tests/1765105821116.0.png\r\nPage source: file:/C:/Users/andre/OneDrive/Ambiente%20de%20Trabalho/Faculdade/3º%20ano/Engenharia%20de%20Software/demo1/build/reports/tests/1765105821116.0.html\r\nTimeout: 4 s.\r\nCaused by: ElementClickInterceptedException: element click intercepted: Element <span class=\"v-button-caption\">...</span> is not clickable at point (569, 421). Other element would receive the click: <div tabindex=\"0\" role=\"button\" class=\"v-button v-widget\">...</div>","time":{"start":1765105810166,"stop":1765105821634,"duration":11468}},{"uid":"756128f2e6f390f9","status":"failed","statusDetails":"Invalid element state [by text: Click]: element click intercepted: Element <span class=\"v-button-caption\">...</span> is not clickable at point (475, 365). Other element would receive the click: <div tabindex=\"0\" role=\"button\" class=\"v-button v-widget\">...</div>\r\nScreenshot: file:/C:/Users/andre/OneDrive/Ambiente%20de%20Trabalho/Faculdade/3º%20ano/Engenharia%20de%20Software/demo1/build/reports/tests/1765105131780.0.png\r\nPage source: file:/C:/Users/andre/OneDrive/Ambiente%20de%20Trabalho/Faculdade/3º%20ano/Engenharia%20de%20Software/demo1/build/reports/tests/1765105131780.0.html\r\nTimeout: 4 s.\r\nCaused by: ElementClickInterceptedException: element click intercepted: Element <span class=\"v-button-caption\">...</span> is not clickable at point (475, 365). Other element would receive the click: <div tabindex=\"0\" role=\"button\" class=\"v-button v-widget\">...</div>","time":{"start":1765105119015,"stop":1765105132197,"duration":13182}},{"uid":"6a5fa0eca640330e","status":"broken","statusDetails":"unknown error: net::ERR_INTERNET_DISCONNECTED\n  (Session info: chrome=142.0.7444.176)\nBuild info: version: '4.25.0', revision: '8a8aea2337'\nSystem info: os.name: 'Windows 11', os.arch: 'amd64', os.version: '10.0', java.version: '25.0.1'\nDriver info: org.openqa.selenium.chrome.ChromeDriver\nCommand: [73281d065991ddf2fceb14d83d181061, get {url=https://demo.vaadin.com/sampler/#ui/interaction/button}]\nselenide.url: https://demo.vaadin.com/sampler/#ui/interaction/button\nCapabilities {acceptInsecureCerts: true, browserName: chrome, browserVersion: 142.0.7444.176, chrome: {chromedriverVersion: 142.0.7444.175 (302067f14a4..., userDataDir: C:\\Users\\andre\\AppData\\Loca...}, fedcm:accounts: true, goog:chromeOptions: {debuggerAddress: localhost:59885}, goog:processID: 21224, networkConnectionEnabled: false, pageLoadStrategy: normal, platformName: windows, proxy: Proxy(), se:cdp: ws://localhost:59885/devtoo..., se:cdpVersion: 142.0.7444.176, setWindowRect: true, strictFileInteractability: false, timeouts: {implicit: 0, pageLoad: 300000, script: 30000}, unhandledPromptBehavior: accept, webauthn:extension:credBlob: true, webauthn:extension:largeBlob: true, webauthn:extension:minPinLength: true, webauthn:extension:prf: true, webauthn:virtualAuthenticators: true}\nselenide.baseUrl: http://localhost:8080\nSession ID: 73281d065991ddf2fceb14d83d181061","time":{"start":1765104908512,"stop":1765104912910,"duration":4398}}],"categories":[{"name":"Product defects","matchedStatuses":[]}],"tags":[]},"source":"26663cbc165458a7.json","parameterValues":[]}