{"uid":"756128f2e6f390f9","name":"testButtonClickNotification()","fullName":"ex2.test5.tests.VaadinDatabaseExampleDemoPageTest.testButtonClickNotification","historyId":"5f7dc271a2342b8c8faf5ff2e832b096","time":{"start":1765105119015,"stop":1765105132197,"duration":13182},"description":"","status":"failed","statusMessage":"Invalid element state [by text: Click]: element click intercepted: Element <span class=\"v-button-caption\">...</span> is not clickable at point (475, 365). Other element would receive the click: <div tabindex=\"0\" role=\"button\" class=\"v-button v-widget\">...</div>\r\nScreenshot: file:/C:/Users/andre/OneDrive/Ambiente%20de%20Trabalho/Faculdade/3º%20ano/Engenharia%20de%20Software/demo1/build/reports/tests/1765105131780.0.png\r\nPage source: file:/C:/Users/andre/OneDrive/Ambiente%20de%20Trabalho/Faculdade/3º%20ano/Engenharia%20de%20Software/demo1/build/reports/tests/1765105131780.0.html\r\nTimeout: 4 s.\r\nCaused by: ElementClickInterceptedException: element click intercepted: Element <span class=\"v-button-caption\">...</span> is not clickable at point (475, 365). Other element would receive the click: <div tabindex=\"0\" role=\"button\" class=\"v-button v-widget\">...</div>","statusTrace":"Invalid element state [by text: Click]: element click intercepted: Element <span class=\"v-button-caption\">...</span> is not clickable at point (475, 365). Other element would receive the click: <div tabindex=\"0\" role=\"button\" class=\"v-button v-widget\">...</div>\r\nScreenshot: file:/C:/Users/andre/OneDrive/Ambiente%20de%20Trabalho/Faculdade/3º%20ano/Engenharia%20de%20Software/demo1/build/reports/tests/1765105131780.0.png\r\nPage source: file:/C:/Users/andre/OneDrive/Ambiente%20de%20Trabalho/Faculdade/3º%20ano/Engenharia%20de%20Software/demo1/build/reports/tests/1765105131780.0.html\r\nTimeout: 4 s.\r\nCaused by: ElementClickInterceptedException: element click intercepted: Element <span class=\"v-button-caption\">...</span> is not clickable at point (475, 365). Other element would receive the click: <div tabindex=\"0\" role=\"button\" class=\"v-button v-widget\">...</div>\r\n\tat com.codeborne.selenide.impl.ExceptionWrapper.wrap(ExceptionWrapper.java:19)\r\n\tat com.codeborne.selenide.impl.SelenideElementProxy.dispatchAndRetry(SelenideElementProxy.java:153)\r\n\tat com.codeborne.selenide.impl.SelenideElementProxy.invoke(SelenideElementProxy.java:83)\r\n\tat jdk.proxy1/jdk.proxy1.$Proxy10.click(Unknown Source)\r\n\tat ex2.test5.pages.VaadinDatabaseExampleDemoPage.clickButton(VaadinDatabaseExampleDemoPage.java:26)\r\n\tat ex2.test5.tests.VaadinDatabaseExampleDemoPageTest.testButtonClickNotification(VaadinDatabaseExampleDemoPageTest.java:24)\r\n\tat java.base/java.lang.reflect.Method.invoke(Method.java:565)\r\n\tat java.base/java.util.ArrayList.forEach(ArrayList.java:1604)\r\n\tat java.base/java.util.ArrayList.forEach(ArrayList.java:1604)\r\nCaused by: org.openqa.selenium.ElementClickInterceptedException: element click intercepted: Element <span class=\"v-button-caption\">...</span> is not clickable at point (475, 365). Other element would receive the click: <div tabindex=\"0\" role=\"button\" class=\"v-button v-widget\">...</div>\n  (Session info: chrome=142.0.7444.176)\nBuild info: version: '4.25.0', revision: '8a8aea2337'\nSystem info: os.name: 'Windows 11', os.arch: 'amd64', os.version: '10.0', java.version: '25.0.1'\nDriver info: org.openqa.selenium.chrome.ChromeDriver\nCommand: [4992fe28a5d1048e751396ca5f4a5e91, clickElement {id=f.82C6FE146DAAB712D6D65EC3BC311834.d.41107EA4648B65370ADE5E66D2DBCAC1.e.22}]\nCapabilities {acceptInsecureCerts: true, browserName: chrome, browserVersion: 142.0.7444.176, chrome: {chromedriverVersion: 142.0.7444.175 (302067f14a4..., userDataDir: C:\\Users\\andre\\AppData\\Loca...}, fedcm:accounts: true, goog:chromeOptions: {debuggerAddress: localhost:60648}, goog:processID: 11692, networkConnectionEnabled: false, pageLoadStrategy: normal, platformName: windows, proxy: Proxy(), se:cdp: ws://localhost:60648/devtoo..., se:cdpVersion: 142.0.7444.176, setWindowRect: true, strictFileInteractability: false, timeouts: {implicit: 0, pageLoad: 300000, script: 30000}, unhandledPromptBehavior: accept, webauthn:extension:credBlob: true, webauthn:extension:largeBlob: true, webauthn:extension:minPinLength: true, webauthn:extension:prf: true, webauthn:virtualAuthenticators: true}\nElement: [[ChromeDriver: chrome on windows (4992fe28a5d1048e751396ca5f4a5e91)] -> xpath: .//*/text()[normalize-space(translate(string(.), '\t\n\r             ​‌‍  ⁠　', '                       ')) = \"Click\"]/parent::*]\nSession ID: 4992fe28a5d1048e751396ca5f4a5e91\r\n\tat java.base/jdk.internal.reflect.DirectConstructorHandleAccessor.newInstance(DirectConstructorHandleAccessor.java:62)\r\n\tat java.base/java.lang.reflect.Constructor.newInstanceWithCaller(Constructor.java:499)\r\n\tat java.base/java.lang.reflect.Constructor.newInstance(Constructor.java:483)\r\n\tat org.openqa.selenium.remote.ErrorCodec.decode(ErrorCodec.java:167)\r\n\tat org.openqa.selenium.remote.codec.w3c.W3CHttpResponseCodec.decode(W3CHttpResponseCodec.java:138)\r\n\tat org.openqa.selenium.remote.codec.w3c.W3CHttpResponseCodec.decode(W3CHttpResponseCodec.java:50)\r\n\tat org.openqa.selenium.remote.HttpCommandExecutor.execute(HttpCommandExecutor.java:190)\r\n\tat org.openqa.selenium.remote.service.DriverCommandExecutor.invokeExecute(DriverCommandExecutor.java:216)\r\n\tat org.openqa.selenium.remote.service.DriverCommandExecutor.execute(DriverCommandExecutor.java:174)\r\n\tat org.openqa.selenium.remote.RemoteWebDriver.execute(RemoteWebDriver.java:545)\r\n\tat org.openqa.selenium.remote.RemoteWebElement.execute(RemoteWebElement.java:223)\r\n\tat org.openqa.selenium.remote.RemoteWebElement.click(RemoteWebElement.java:76)\r\n\tat com.codeborne.selenide.commands.Click.defaultClick(Click.java:94)\r\n\tat com.codeborne.selenide.commands.Click.doClick(Click.java:72)\r\n\tat com.codeborne.selenide.commands.Click.click(Click.java:48)\r\n\tat com.codeborne.selenide.commands.Click.execute(Click.java:28)\r\n\tat com.codeborne.selenide.FluentCommand.execute(FluentCommand.java:23)\r\n\tat com.codeborne.selenide.FluentCommand.execute(FluentCommand.java:19)\r\n\tat com.codeborne.selenide.commands.Commands.execute(Commands.java:159)\r\n\tat com.codeborne.selenide.impl.SelenideElementProxy.dispatchAndRetry(SelenideElementProxy.java:131)\r\n\t... 7 more\r\n","flaky":false,"newFailed":false,"newBroken":false,"newPassed":false,"retriesCount":0,"retriesStatusChange":false,"beforeStages":[],"afterStages":[],"labels":[{"name":"junit.platform.uniqueid","value":"[engine:junit-jupiter]/[class:ex2.test5.tests.VaadinDatabaseExampleDemoPageTest]/[method:testButtonClickNotification()]"},{"name":"host","value":"LAPTOP-83147U8S"},{"name":"thread","value":"6084@LAPTOP-83147U8S.main(3)"},{"name":"framework","value":"junit-platform"},{"name":"language","value":"java"},{"name":"package","value":"ex2.test5.tests.VaadinDatabaseExampleDemoPageTest"},{"name":"testClass","value":"ex2.test5.tests.VaadinDatabaseExampleDemoPageTest"},{"name":"testMethod","value":"testButtonClickNotification"},{"name":"suite","value":"ex2.test5.tests.VaadinDatabaseExampleDemoPageTest"},{"name":"resultFormat","value":"allure2"}],"parameters":[],"links":[],"hidden":true,"retry":true,"extra":{"categories":[],"tags":[]},"source":"756128f2e6f390f9.json","parameterValues":[]}